{
  "stats": {
    "suites": 1,
    "tests": 5,
    "passes": 3,
    "pending": 0,
    "failures": 2,
    "start": "2025-02-10T16:53:20.666Z",
    "end": "2025-02-10T16:53:30.861Z",
    "duration": 10195,
    "testsRegistered": 5,
    "passPercent": 60,
    "pendingPercent": 0,
    "other": 0,
    "hasOther": false,
    "skipped": 0,
    "hasSkipped": false
  },
  "results": [
    {
      "uuid": "e3eec6e9-2182-483f-90d1-5f2692800b0e",
      "title": "",
      "fullFile": "cypress\\e2e\\MainMenu-TestSuite\\Main-menu.cy.js",
      "file": "cypress\\e2e\\MainMenu-TestSuite\\Main-menu.cy.js",
      "beforeHooks": [],
      "afterHooks": [],
      "tests": [],
      "suites": [
        {
          "uuid": "381d63db-57ad-450c-8317-52b63e1640ce",
          "title": "Main-Menu Test-Suite",
          "fullFile": "",
          "file": "",
          "beforeHooks": [],
          "afterHooks": [],
          "tests": [
            {
              "title": "[01-0001][Valid] Click on Brand logo",
              "fullTitle": "Main-Menu Test-Suite [01-0001][Valid] Click on Brand logo",
              "timedOut": null,
              "duration": 1434,
              "state": "passed",
              "speed": "fast",
              "pass": true,
              "fail": false,
              "pending": false,
              "context": null,
              "code": "cy.visit('/');\ncy.get('a[class=\"navbar-brand\"]').should('be.visible');\ncy.url().should('eq', 'https://practicesoftwaretesting.com/');",
              "err": {},
              "uuid": "60c661cf-da49-4ac0-a3a0-585693f7cd76",
              "parentUUID": "381d63db-57ad-450c-8317-52b63e1640ce",
              "isHook": false,
              "skipped": false
            },
            {
              "title": "[01-0002][Valid] Click on Home list item",
              "fullTitle": "Main-Menu Test-Suite [01-0002][Valid] Click on Home list item",
              "timedOut": null,
              "duration": 854,
              "state": "passed",
              "speed": "fast",
              "pass": true,
              "fail": false,
              "pending": false,
              "context": null,
              "code": "cy.visit('/');\ncy.get('a[class=\"nav-link active\"]').should('be.visible').and('not.be.disabled');\ncy.url().should('eq', 'https://practicesoftwaretesting.com/');",
              "err": {},
              "uuid": "8473862b-fe5d-4d9d-8d90-6c85004d0b1f",
              "parentUUID": "381d63db-57ad-450c-8317-52b63e1640ce",
              "isHook": false,
              "skipped": false
            },
            {
              "title": "[01-0003]Click on Categories drop down list item",
              "fullTitle": "Main-Menu Test-Suite [01-0003]Click on Categories drop down list item",
              "timedOut": null,
              "duration": 5028,
              "state": "failed",
              "speed": null,
              "pass": false,
              "fail": true,
              "pending": false,
              "context": null,
              "code": "cy.visit('/');\ncy.get('li[class=\"nav-item dropdown\"]').should('be.visible').and('not.be.disabled');\ncy.get(\"ul[aria-label='nav-categories']\").should('be.visible');",
              "err": {
                "message": "AssertionError: Timed out retrying after 4000ms: expected '<ul.dropdown-menu>' to be 'visible'\n\nThis element `<ul.dropdown-menu>` is not visible because it has CSS property: `display: none`",
                "estack": "AssertionError: Timed out retrying after 4000ms: expected '<ul.dropdown-menu>' to be 'visible'\n\nThis element `<ul.dropdown-menu>` is not visible because it has CSS property: `display: none`\n    at Context.eval (webpack:///./cypress/e2e/MainMenu-TestSuite/Main-menu.cy.js:17:46)",
                "diff": null
              },
              "uuid": "a3166563-910b-40d8-99d6-09941afd984c",
              "parentUUID": "381d63db-57ad-450c-8317-52b63e1640ce",
              "isHook": false,
              "skipped": false
            },
            {
              "title": "[01-0003-01] [Valid] Select “Hand tools” option",
              "fullTitle": "Main-Menu Test-Suite [01-0003-01] [Valid] Select “Hand tools” option",
              "timedOut": null,
              "duration": 1468,
              "state": "failed",
              "speed": null,
              "pass": false,
              "fail": true,
              "pending": false,
              "context": null,
              "code": "cy.visit('/');\ncy.get('a[role=\"button\"]').should('be.visible').and('not.be.disabled').click();\ncy.get('[data-test=\"nav-categories\"]').should('be.visible').and('not.be.disabled').click();\ncy.get('[data-test=\"nav-hand-tools\"]').should('be.visible').click();\ncy.url().should('eq', 'https://practicesoftwaretesting.com/category/hand-tools');",
              "err": {
                "message": "CypressError: `cy.click()` can only be called on a single element. Your subject contained 2 elements. Pass `{ multiple: true }` if you want to serially click each element.\n\nhttps://on.cypress.io/click",
                "estack": "CypressError: `cy.click()` can only be called on a single element. Your subject contained 2 elements. Pass `{ multiple: true }` if you want to serially click each element.\n\nhttps://on.cypress.io/click\n    at mouseAction (https://practicesoftwaretesting.com/__cypress/runner/cypress_runner.js:111564:68)\n    at Context.click (https://practicesoftwaretesting.com/__cypress/runner/cypress_runner.js:111731:14)\n    at wrapped (https://practicesoftwaretesting.com/__cypress/runner/cypress_runner.js:137823:19)\n    at <unknown> (https://practicesoftwaretesting.com/__cypress/runner/cypress_runner.js:143746:15)\n    at tryCatcher (https://practicesoftwaretesting.com/__cypress/runner/cypress_runner.js:1777:23)\n    at Promise._settlePromiseFromHandler (https://practicesoftwaretesting.com/__cypress/runner/cypress_runner.js:1489:31)\n    at Promise._settlePromise (https://practicesoftwaretesting.com/__cypress/runner/cypress_runner.js:1546:18)\n    at Promise._settlePromiseCtx (https://practicesoftwaretesting.com/__cypress/runner/cypress_runner.js:1583:10)\n    at _drainQueueStep (https://practicesoftwaretesting.com/__cypress/runner/cypress_runner.js:2381:12)\n    at _drainQueue (https://practicesoftwaretesting.com/__cypress/runner/cypress_runner.js:2370:9)\n    at Async._drainQueues (https://practicesoftwaretesting.com/__cypress/runner/cypress_runner.js:2386:5)\n    at Async.drainQueues (https://practicesoftwaretesting.com/__cypress/runner/cypress_runner.js:2256:14)",
                "diff": null
              },
              "uuid": "815c4f86-6327-4228-956b-fafa1b342441",
              "parentUUID": "381d63db-57ad-450c-8317-52b63e1640ce",
              "isHook": false,
              "skipped": false
            },
            {
              "title": "[01-0004] [Valid] Click on “Contact” List Item",
              "fullTitle": "Main-Menu Test-Suite [01-0004] [Valid] Click on “Contact” List Item",
              "timedOut": null,
              "duration": 927,
              "state": "passed",
              "speed": "fast",
              "pass": true,
              "fail": false,
              "pending": false,
              "context": null,
              "code": "cy.visit('/');\ncy.get(\".nav-link[data-test='nav-contact']\").should('be.visible').and('not.be.disabled').click();\ncy.url().should('eq', 'https://practicesoftwaretesting.com/contact');",
              "err": {},
              "uuid": "7bb81614-7a34-4c10-83a3-84caa708b3fe",
              "parentUUID": "381d63db-57ad-450c-8317-52b63e1640ce",
              "isHook": false,
              "skipped": false
            }
          ],
          "suites": [],
          "passes": [
            "60c661cf-da49-4ac0-a3a0-585693f7cd76",
            "8473862b-fe5d-4d9d-8d90-6c85004d0b1f",
            "7bb81614-7a34-4c10-83a3-84caa708b3fe"
          ],
          "failures": [
            "a3166563-910b-40d8-99d6-09941afd984c",
            "815c4f86-6327-4228-956b-fafa1b342441"
          ],
          "pending": [],
          "skipped": [],
          "duration": 9711,
          "root": false,
          "rootEmpty": false,
          "_timeout": 2000
        }
      ],
      "passes": [],
      "failures": [],
      "pending": [],
      "skipped": [],
      "duration": 0,
      "root": true,
      "rootEmpty": true,
      "_timeout": 2000
    }
  ],
  "meta": {
    "mocha": {
      "version": "7.0.1"
    },
    "mochawesome": {
      "options": {
        "quiet": false,
        "reportFilename": "[status]_[datetime]-[name]-report",
        "saveHtml": true,
        "saveJson": true,
        "consoleReporter": "spec",
        "useInlineDiffs": false,
        "code": true
      },
      "version": "7.1.3"
    },
    "marge": {
      "options": {
        "reportFilename": "[status]_[datetime]-[name]-report",
        "timestamp": "longDate"
      },
      "version": "6.2.0"
    }
  }
}