<!doctype html>
<html lang="en"><head><meta charSet="utf-8"/><meta http-equiv="X-UA-Compatible" content="IE=edge"/><meta name="viewport" content="width=device-width, initial-scale=1"/><title>Mochawesome Report</title><link rel="stylesheet" href="assets\app.css"/></head><body data-raw="{&quot;stats&quot;:{&quot;suites&quot;:1,&quot;tests&quot;:15,&quot;passes&quot;:0,&quot;pending&quot;:0,&quot;failures&quot;:15,&quot;start&quot;:&quot;2025-02-07T13:56:24.523Z&quot;,&quot;end&quot;:&quot;2025-02-07T13:57:25.830Z&quot;,&quot;duration&quot;:61307,&quot;testsRegistered&quot;:15,&quot;passPercent&quot;:0,&quot;pendingPercent&quot;:0,&quot;other&quot;:0,&quot;hasOther&quot;:false,&quot;skipped&quot;:0,&quot;hasSkipped&quot;:false},&quot;results&quot;:[{&quot;uuid&quot;:&quot;52f01f8c-877a-4f03-8aa7-af0e639ca8a7&quot;,&quot;title&quot;:&quot;&quot;,&quot;fullFile&quot;:&quot;cypress\\e2e\\Contact-TestSuite\\Contact.cy.js&quot;,&quot;file&quot;:&quot;cypress\\e2e\\Contact-TestSuite\\Contact.cy.js&quot;,&quot;beforeHooks&quot;:[],&quot;afterHooks&quot;:[],&quot;tests&quot;:[],&quot;suites&quot;:[{&quot;uuid&quot;:&quot;2d0f37a8-aa68-4019-9a14-63d47e911ec2&quot;,&quot;title&quot;:&quot;Contact Test Suite&quot;,&quot;fullFile&quot;:&quot;&quot;,&quot;file&quot;:&quot;&quot;,&quot;beforeHooks&quot;:[],&quot;afterHooks&quot;:[],&quot;tests&quot;:[{&quot;title&quot;:&quot;[004-0001] [Valid] Sending data in valid data format and valid text attachment.&quot;,&quot;fullTitle&quot;:&quot;Contact Test Suite [004-0001] [Valid] Sending data in valid data format and valid text attachment.&quot;,&quot;duration&quot;:1504,&quot;state&quot;:&quot;failed&quot;,&quot;pass&quot;:false,&quot;fail&quot;:true,&quot;pending&quot;:false,&quot;code&quot;:&quot;cy.get(\&quot;#first_name\&quot;).should(&#x27;be.visible&#x27;).and(&#x27;not.be.disabled&#x27;).type(faker.person.firstName);\ncy.get(\&quot;#last_name\&quot;).should(&#x27;be.visible&#x27;).and(&#x27;not.be.disabled&#x27;).type(faker.person.lastName);\ncy.get(\&quot;#email\&quot;).should(&#x27;be.visible&#x27;).and(&#x27;not.be.disabled&#x27;).type(faker.internet.email);\ncy.get(&#x27;#subject&#x27;).should(&#x27;be.visible&#x27;).and(&#x27;not.be.disabled&#x27;).select(subjects[rand_index]);\ncy.get(&#x27;#message&#x27;).should(&#x27;be.visible&#x27;).and(&#x27;not.be.disabled&#x27;).type(\&quot;Test done by Abdullah Aladham â¤ï¸,my account :https://www.linkedin.com/in/abdullah-aladham/\&quot;);\ncy.get(\&quot;#attachment\&quot;).should(&#x27;be.visible&#x27;).and(&#x27;not.be.disabled&#x27;).selectFile(\&quot;E:\\github\\cypress\\practice-software-testing\\cypress\\e2e\\test.txt\&quot;);\ncy.get(\&quot;input[value=&#x27;Send&#x27;]\&quot;).should(&#x27;be.visible&#x27;).and(&#x27;not.be.disabled&#x27;).click();&quot;,&quot;err&quot;:{&quot;message&quot;:&quot;CypressError: `cy.type()` can only accept a string or number. You passed in: `Murphy`\n\nhttps://on.cypress.io/type&quot;,&quot;estack&quot;:&quot;CypressError: `cy.type()` can only accept a string or number. You passed in: `Murphy`\n\nhttps://on.cypress.io/type\n    at Context.type (https://practicesoftwaretesting.com/__cypress/runner/cypress_runner.js:114404:68)\n    at wrapped (https://practicesoftwaretesting.com/__cypress/runner/cypress_runner.js:137883:19)\nFrom Your Spec Code:\n    at captureUserInvocationStack (https://practicesoftwaretesting.com/__cypress/runner/cypress_runner.js:138885:94)\n    at $Cy.expect (https://practicesoftwaretesting.com/__cypress/runner/cypress_runner.js:138923:7)\n    at Context.shouldFn (https://practicesoftwaretesting.com/__cypress/runner/cypress_runner.js:117807:18)\n    at Context.and (https://practicesoftwaretesting.com/__cypress/runner/cypress_runner.js:117926:23)\n    at &lt;unknown&gt; (https://practicesoftwaretesting.com/__cypress/runner/cypress_runner.js:142805:39)\n    at assertions (https://practicesoftwaretesting.com/__cypress/runner/cypress_runner.js:143053:16)\n    at tryCatcher (https://practicesoftwaretesting.com/__cypress/runner/cypress_runner.js:1777:23)\n    at Object.gotValue (https://practicesoftwaretesting.com/__cypress/runner/cypress_runner.js:6448:18)\n    at Object.gotAccum (https://practicesoftwaretesting.com/__cypress/runner/cypress_runner.js:6435:25)\n    at Object.tryCatcher (https://practicesoftwaretesting.com/__cypress/runner/cypress_runner.js:1777:23)&quot;},&quot;uuid&quot;:&quot;587f36b2-5415-4349-8f4c-cb62f98a91ce&quot;,&quot;parentUUID&quot;:&quot;2d0f37a8-aa68-4019-9a14-63d47e911ec2&quot;,&quot;isHook&quot;:false,&quot;skipped&quot;:false},{&quot;title&quot;:&quot;[004-0002] [Valid] Sending data without sending text attachment.&quot;,&quot;fullTitle&quot;:&quot;Contact Test Suite [004-0002] [Valid] Sending data without sending text attachment.&quot;,&quot;duration&quot;:4370,&quot;state&quot;:&quot;failed&quot;,&quot;pass&quot;:false,&quot;fail&quot;:true,&quot;pending&quot;:false,&quot;code&quot;:&quot;cy.get(\&quot;#first_name\&quot;).should(&#x27;be.visible&#x27;).and(&#x27;not.be.disabled&#x27;).type(faker.person.firstName);\ncy.get(\&quot;#last_name\&quot;).should(&#x27;be.visible&#x27;).and(&#x27;not.be.disabled&#x27;).type(faker.person.lastName);\ncy.get(\&quot;#email\&quot;).should(&#x27;be.visible&#x27;).and(&#x27;not.be.disabled&#x27;).type(faker.internet.email);\ncy.get(&#x27;#subject&#x27;).should(&#x27;be.visible&#x27;).and(&#x27;not.be.disabled&#x27;).select(subjects[rand_index]);\ncy.get(&#x27;#message&#x27;).should(&#x27;be.visible&#x27;).and(&#x27;not.be.disabled&#x27;).type(\&quot;Test done by Abdullah Aladham â¤ï¸,my account :https://www.linkedin.com/in/abdullah-aladham/\&quot;);\ncy.get(\&quot;input[value=&#x27;Send&#x27;]\&quot;).should(&#x27;be.visible&#x27;).and(&#x27;not.be.disabled&#x27;).click();&quot;,&quot;err&quot;:{&quot;message&quot;:&quot;AssertionError: Timed out retrying after 4000ms: Expected to find element: `#first_name`, but never found it.&quot;,&quot;estack&quot;:&quot;AssertionError: Timed out retrying after 4000ms: Expected to find element: `#first_name`, but never found it.\n    at Context.eval (webpack:///./cypress/e2e/Contact-TestSuite/Contact.cy.js:19:26)&quot;},&quot;uuid&quot;:&quot;b000f158-8481-4fed-b914-3c81bb299035&quot;,&quot;parentUUID&quot;:&quot;2d0f37a8-aa68-4019-9a14-63d47e911ec2&quot;,&quot;isHook&quot;:false,&quot;skipped&quot;:false},{&quot;title&quot;:&quot;[004-0003] [Invalid] Sending data without filling first name.&quot;,&quot;fullTitle&quot;:&quot;Contact Test Suite [004-0003] [Invalid] Sending data without filling first name.&quot;,&quot;duration&quot;:4246,&quot;state&quot;:&quot;failed&quot;,&quot;pass&quot;:false,&quot;fail&quot;:true,&quot;pending&quot;:false,&quot;code&quot;:&quot;// cy.get(\&quot;#first_name\&quot;).should(&#x27;be.visible&#x27;).and(&#x27;not.be.disabled&#x27;).type(faker.person.firstName);\ncy.get(\&quot;#last_name\&quot;).should(&#x27;be.visible&#x27;).and(&#x27;not.be.disabled&#x27;).type(faker.person.lastName);\ncy.get(\&quot;#email\&quot;).should(&#x27;be.visible&#x27;).and(&#x27;not.be.disabled&#x27;).type(faker.internet.email);\ncy.get(&#x27;#subject&#x27;).should(&#x27;be.visible&#x27;).and(&#x27;not.be.disabled&#x27;).select(subjects[rand_index]);\ncy.get(&#x27;#message&#x27;).should(&#x27;be.visible&#x27;).and(&#x27;not.be.disabled&#x27;).type(\&quot;Test done by Abdullah Aladham â¤ï¸,my account :https://www.linkedin.com/in/abdullah-aladham/\&quot;);\ncy.get(\&quot;#attachment\&quot;).should(&#x27;be.visible&#x27;).and(&#x27;not.be.disabled&#x27;).selectFile(\&quot;E:\\github\\cypress\\practice-software-testing\\cypress\\e2e\\test.txt\&quot;);\ncy.get(\&quot;input[value=&#x27;Send&#x27;]\&quot;).should(&#x27;be.visible&#x27;).and(&#x27;not.be.disabled&#x27;).click();\ncy.get(\&quot;#first_name_alert\&quot;).should(&#x27;be.visible&#x27;).and(&#x27;have.text&#x27;, &#x27;First name is required&#x27;);&quot;,&quot;err&quot;:{&quot;message&quot;:&quot;AssertionError: Timed out retrying after 4000ms: Expected to find element: `#last_name`, but never found it.&quot;,&quot;estack&quot;:&quot;AssertionError: Timed out retrying after 4000ms: Expected to find element: `#last_name`, but never found it.\n    at Context.eval (webpack:///./cypress/e2e/Contact-TestSuite/Contact.cy.js:29:25)&quot;},&quot;uuid&quot;:&quot;6f01c25a-f604-401b-b682-3854d874dfaf&quot;,&quot;parentUUID&quot;:&quot;2d0f37a8-aa68-4019-9a14-63d47e911ec2&quot;,&quot;isHook&quot;:false,&quot;skipped&quot;:false},{&quot;title&quot;:&quot;[004-0004] [Invalid] Sending data without filling last name.&quot;,&quot;fullTitle&quot;:&quot;Contact Test Suite [004-0004] [Invalid] Sending data without filling last name.&quot;,&quot;duration&quot;:4170,&quot;state&quot;:&quot;failed&quot;,&quot;pass&quot;:false,&quot;fail&quot;:true,&quot;pending&quot;:false,&quot;code&quot;:&quot;cy.get(\&quot;#first_name\&quot;).should(&#x27;be.visible&#x27;).and(&#x27;not.be.disabled&#x27;).type(faker.person.firstName);\n// cy.get(\&quot;#last_name\&quot;).should(&#x27;be.visible&#x27;).and(&#x27;not.be.disabled&#x27;).type(faker.person.lastName);\ncy.get(\&quot;#email\&quot;).should(&#x27;be.visible&#x27;).and(&#x27;not.be.disabled&#x27;).type(faker.internet.email);\ncy.get(&#x27;#subject&#x27;).should(&#x27;be.visible&#x27;).and(&#x27;not.be.disabled&#x27;).select(subjects[rand_index]);\ncy.get(&#x27;#message&#x27;).should(&#x27;be.visible&#x27;).and(&#x27;not.be.disabled&#x27;).type(\&quot;Test done by Abdullah Aladham â¤ï¸,my account :https://www.linkedin.com/in/abdullah-aladham/\&quot;);\ncy.get(\&quot;#attachment\&quot;).should(&#x27;be.visible&#x27;).and(&#x27;not.be.disabled&#x27;).selectFile(\&quot;E:\\github\\cypress\\practice-software-testing\\cypress\\e2e\\test.txt\&quot;);\ncy.get(\&quot;input[value=&#x27;Send&#x27;]\&quot;).should(&#x27;be.visible&#x27;).and(&#x27;not.be.disabled&#x27;).click();\ncy.get(\&quot;#last_name_alert\&quot;).should(&#x27;be.visible&#x27;).and(&#x27;have.text&#x27;, &#x27;Last name is required&#x27;);&quot;,&quot;err&quot;:{&quot;message&quot;:&quot;AssertionError: Timed out retrying after 4000ms: Expected to find element: `#first_name`, but never found it.&quot;,&quot;estack&quot;:&quot;AssertionError: Timed out retrying after 4000ms: Expected to find element: `#first_name`, but never found it.\n    at Context.eval (webpack:///./cypress/e2e/Contact-TestSuite/Contact.cy.js:38:26)&quot;},&quot;uuid&quot;:&quot;b11cebb9-db1d-41b5-b104-447207d5200b&quot;,&quot;parentUUID&quot;:&quot;2d0f37a8-aa68-4019-9a14-63d47e911ec2&quot;,&quot;isHook&quot;:false,&quot;skipped&quot;:false},{&quot;title&quot;:&quot;[004-0005] [Invalid] Sending data without filling Email Address.&quot;,&quot;fullTitle&quot;:&quot;Contact Test Suite [004-0005] [Invalid] Sending data without filling Email Address.&quot;,&quot;duration&quot;:4230,&quot;state&quot;:&quot;failed&quot;,&quot;pass&quot;:false,&quot;fail&quot;:true,&quot;pending&quot;:false,&quot;code&quot;:&quot;cy.get(\&quot;#first_name\&quot;).should(&#x27;be.visible&#x27;).and(&#x27;not.be.disabled&#x27;).type(faker.person.firstName);\ncy.get(\&quot;#last_name\&quot;).should(&#x27;be.visible&#x27;).and(&#x27;not.be.disabled&#x27;).type(faker.person.lastName);\n// cy.get(\&quot;#email\&quot;).should(&#x27;be.visible&#x27;).and(&#x27;not.be.disabled&#x27;).type(faker.internet.email)\ncy.get(&#x27;#subject&#x27;).should(&#x27;be.visible&#x27;).and(&#x27;not.be.disabled&#x27;).select(subjects[rand_index]);\ncy.get(&#x27;#message&#x27;).should(&#x27;be.visible&#x27;).and(&#x27;not.be.disabled&#x27;).type(\&quot;Test done by Abdullah Aladham â¤ï¸,my account: https://www.linkedin.com/in/abdullah-aladham/\&quot;);\ncy.get(\&quot;#attachment\&quot;).should(&#x27;be.visible&#x27;).and(&#x27;not.be.disabled&#x27;).selectFile(\&quot;E:\\github\\cypress\\practice-software-testing\\cypress\\e2e\\test.txt\&quot;);\ncy.get(\&quot;input[value=&#x27;Send&#x27;]\&quot;).should(&#x27;be.visible&#x27;).and(&#x27;not.be.disabled&#x27;).click();\ncy.get(\&quot;#email_name_alert\&quot;).should(&#x27;be.visible&#x27;).and(&#x27;have.text&#x27;, &#x27;Email is required&#x27;);&quot;,&quot;err&quot;:{&quot;message&quot;:&quot;AssertionError: Timed out retrying after 4000ms: Expected to find element: `#first_name`, but never found it.&quot;,&quot;estack&quot;:&quot;AssertionError: Timed out retrying after 4000ms: Expected to find element: `#first_name`, but never found it.\n    at Context.eval (webpack:///./cypress/e2e/Contact-TestSuite/Contact.cy.js:49:26)&quot;},&quot;uuid&quot;:&quot;de874288-439c-46ab-a4e2-a44a2fdde66b&quot;,&quot;parentUUID&quot;:&quot;2d0f37a8-aa68-4019-9a14-63d47e911ec2&quot;,&quot;isHook&quot;:false,&quot;skipped&quot;:false},{&quot;title&quot;:&quot;[004-0006] [Invalid] Sending data with filling invalid email format (e.g:test@test@test).&quot;,&quot;fullTitle&quot;:&quot;Contact Test Suite [004-0006] [Invalid] Sending data with filling invalid email format (e.g:test@test@test).&quot;,&quot;duration&quot;:4211,&quot;state&quot;:&quot;failed&quot;,&quot;pass&quot;:false,&quot;fail&quot;:true,&quot;pending&quot;:false,&quot;code&quot;:&quot;cy.get(\&quot;#first_name\&quot;).should(&#x27;be.visible&#x27;).and(&#x27;not.be.disabled&#x27;).type(faker.person.firstName);\ncy.get(\&quot;#last_name\&quot;).should(&#x27;be.visible&#x27;).and(&#x27;not.be.disabled&#x27;).type(faker.person.lastName);\ncy.get(\&quot;#email\&quot;).should(&#x27;be.visible&#x27;).and(&#x27;not.be.disabled&#x27;).type(\&quot;test@test@test\&quot;);\ncy.get(&#x27;#subject&#x27;).should(&#x27;be.visible&#x27;).and(&#x27;not.be.disabled&#x27;).select(subjects[rand_index]);\ncy.get(&#x27;#message&#x27;).should(&#x27;be.visible&#x27;).and(&#x27;not.be.disabled&#x27;).type(\&quot;Test done by Abdullah Aladham â¤ï¸, my account :https://www.linkedin.com/in/abdullah-aladham/\&quot;);\ncy.get(\&quot;#attachment\&quot;).should(&#x27;be.visible&#x27;).and(&#x27;not.be.disabled&#x27;).selectFile(\&quot;E:\\github\\cypress\\practice-software-testing\\cypress\\e2e\\test.txt\&quot;);\ncy.get(\&quot;input[value=&#x27;Send&#x27;]\&quot;).should(&#x27;be.visible&#x27;).and(&#x27;not.be.disabled&#x27;).click();\ncy.get(\&quot;#email_name_alert\&quot;).should(&#x27;be.visible&#x27;).and(&#x27;have.text&#x27;, &#x27;Email format is invalid&#x27;);&quot;,&quot;err&quot;:{&quot;message&quot;:&quot;AssertionError: Timed out retrying after 4000ms: Expected to find element: `#first_name`, but never found it.&quot;,&quot;estack&quot;:&quot;AssertionError: Timed out retrying after 4000ms: Expected to find element: `#first_name`, but never found it.\n    at Context.eval (webpack:///./cypress/e2e/Contact-TestSuite/Contact.cy.js:59:26)&quot;},&quot;uuid&quot;:&quot;5dc91b0d-60fb-49b5-8da9-089300dd5291&quot;,&quot;parentUUID&quot;:&quot;2d0f37a8-aa68-4019-9a14-63d47e911ec2&quot;,&quot;isHook&quot;:false,&quot;skipped&quot;:false},{&quot;title&quot;:&quot;[004-0007] [Invalid] Sending data with filling invalid email format (e.g:test).&quot;,&quot;fullTitle&quot;:&quot;Contact Test Suite [004-0007] [Invalid] Sending data with filling invalid email format (e.g:test).&quot;,&quot;duration&quot;:4200,&quot;state&quot;:&quot;failed&quot;,&quot;pass&quot;:false,&quot;fail&quot;:true,&quot;pending&quot;:false,&quot;code&quot;:&quot;cy.get(\&quot;#first_name\&quot;).should(&#x27;be.visible&#x27;).and(&#x27;not.be.disabled&#x27;).type(faker.person.firstName);\ncy.get(\&quot;#last_name\&quot;).should(&#x27;be.visible&#x27;).and(&#x27;not.be.disabled&#x27;).type(faker.person.lastName);\ncy.get(\&quot;#email\&quot;).should(&#x27;be.visible&#x27;).and(&#x27;not.be.disabled&#x27;).type(\&quot;test\&quot;);\ncy.get(&#x27;#subject&#x27;).should(&#x27;be.visible&#x27;).and(&#x27;not.be.disabled&#x27;).select(subjects[rand_index]);\ncy.get(&#x27;#message&#x27;).should(&#x27;be.visible&#x27;).and(&#x27;not.be.disabled&#x27;).type(\&quot;Test done by Abdullah Aladham â¤ï¸, my account :https://www.linkedin.com/in/abdullah-aladham/\&quot;);\ncy.get(\&quot;#attachment\&quot;).should(&#x27;be.visible&#x27;).and(&#x27;not.be.disabled&#x27;).selectFile(\&quot;E:\\github\\cypress\\practice-software-testing\\cypress\\e2e\\test.txt\&quot;);\ncy.get(\&quot;input[value=&#x27;Send&#x27;]\&quot;).should(&#x27;be.visible&#x27;).and(&#x27;not.be.disabled&#x27;).click();\ncy.get(\&quot;#email_name_alert\&quot;).should(&#x27;be.visible&#x27;).and(&#x27;have.text&#x27;, &#x27;Email format is invalid&#x27;);&quot;,&quot;err&quot;:{&quot;message&quot;:&quot;AssertionError: Timed out retrying after 4000ms: Expected to find element: `#first_name`, but never found it.&quot;,&quot;estack&quot;:&quot;AssertionError: Timed out retrying after 4000ms: Expected to find element: `#first_name`, but never found it.\n    at Context.eval (webpack:///./cypress/e2e/Contact-TestSuite/Contact.cy.js:69:26)&quot;},&quot;uuid&quot;:&quot;d86b6b96-f1f0-466f-b3eb-e035e5ff8e97&quot;,&quot;parentUUID&quot;:&quot;2d0f37a8-aa68-4019-9a14-63d47e911ec2&quot;,&quot;isHook&quot;:false,&quot;skipped&quot;:false},{&quot;title&quot;:&quot;[004-0008] [Invalid] Sending data with filling invalid email format (e.g:test).&quot;,&quot;fullTitle&quot;:&quot;Contact Test Suite [004-0008] [Invalid] Sending data with filling invalid email format (e.g:test).&quot;,&quot;duration&quot;:4198,&quot;state&quot;:&quot;failed&quot;,&quot;pass&quot;:false,&quot;fail&quot;:true,&quot;pending&quot;:false,&quot;code&quot;:&quot;cy.get(\&quot;#first_name\&quot;).should(&#x27;be.visible&#x27;).and(&#x27;not.be.disabled&#x27;).type(faker.person.firstName);\ncy.get(\&quot;#last_name\&quot;).should(&#x27;be.visible&#x27;).and(&#x27;not.be.disabled&#x27;).type(faker.person.lastName);\ncy.get(\&quot;#email\&quot;).should(&#x27;be.visible&#x27;).and(&#x27;not.be.disabled&#x27;).type(\&quot;test.com\&quot;);\ncy.get(&#x27;#subject&#x27;).should(&#x27;be.visible&#x27;).and(&#x27;not.be.disabled&#x27;).select(subjects[rand_index]);\ncy.get(&#x27;#message&#x27;).should(&#x27;be.visible&#x27;).and(&#x27;not.be.disabled&#x27;).type(\&quot;Test done by Abdullah Aladham â¤ï¸, my account :https://www.linkedin.com/in/abdullah-aladham/\&quot;);\ncy.get(\&quot;#attachment\&quot;).should(&#x27;be.visible&#x27;).and(&#x27;not.be.disabled&#x27;).selectFile(\&quot;E:\\github\\cypress\\practice-software-testing\\cypress\\e2e\\test.txt\&quot;);\ncy.get(\&quot;input[value=&#x27;Send&#x27;]\&quot;).should(&#x27;be.visible&#x27;).and(&#x27;not.be.disabled&#x27;).click();\ncy.get(\&quot;#email_name_alert\&quot;).should(&#x27;be.visible&#x27;).and(&#x27;have.text&#x27;, &#x27;Email format is invalid&#x27;);&quot;,&quot;err&quot;:{&quot;message&quot;:&quot;AssertionError: Timed out retrying after 4000ms: Expected to find element: `#first_name`, but never found it.&quot;,&quot;estack&quot;:&quot;AssertionError: Timed out retrying after 4000ms: Expected to find element: `#first_name`, but never found it.\n    at Context.eval (webpack:///./cypress/e2e/Contact-TestSuite/Contact.cy.js:81:26)&quot;},&quot;uuid&quot;:&quot;d67f7028-f454-412b-af94-3077ae511147&quot;,&quot;parentUUID&quot;:&quot;2d0f37a8-aa68-4019-9a14-63d47e911ec2&quot;,&quot;isHook&quot;:false,&quot;skipped&quot;:false},{&quot;title&quot;:&quot;[004-0009] [Invalid] Sending data with filling numerical value (e.g:123).&quot;,&quot;fullTitle&quot;:&quot;Contact Test Suite [004-0009] [Invalid] Sending data with filling numerical value (e.g:123).&quot;,&quot;duration&quot;:4234,&quot;state&quot;:&quot;failed&quot;,&quot;pass&quot;:false,&quot;fail&quot;:true,&quot;pending&quot;:false,&quot;code&quot;:&quot;cy.get(\&quot;#first_name\&quot;).should(&#x27;be.visible&#x27;).and(&#x27;not.be.disabled&#x27;).type(faker.person.firstName);\ncy.get(\&quot;#last_name\&quot;).should(&#x27;be.visible&#x27;).and(&#x27;not.be.disabled&#x27;).type(faker.person.lastName);\ncy.get(\&quot;#email\&quot;).should(&#x27;be.visible&#x27;).and(&#x27;not.be.disabled&#x27;).type(\&quot;123\&quot;);\ncy.get(&#x27;#subject&#x27;).should(&#x27;be.visible&#x27;).and(&#x27;not.be.disabled&#x27;).select(subjects[rand_index]);\ncy.get(&#x27;#message&#x27;).should(&#x27;be.visible&#x27;).and(&#x27;not.be.disabled&#x27;).type(\&quot;Test done by Abdullah Aladham â¤ï¸, my account :https://www.linkedin.com/in/abdullah-aladham/\&quot;);\ncy.get(\&quot;#attachment\&quot;).should(&#x27;be.visible&#x27;).and(&#x27;not.be.disabled&#x27;).selectFile(\&quot;E:\\github\\cypress\\practice-software-testing\\cypress\\e2e\\test.txt\&quot;);\ncy.get(\&quot;input[value=&#x27;Send&#x27;]\&quot;).should(&#x27;be.visible&#x27;).and(&#x27;not.be.disabled&#x27;).click();\ncy.get(\&quot;#email_name_alert\&quot;).should(&#x27;be.visible&#x27;).and(&#x27;have.text&#x27;, &#x27;Email format is invalid&#x27;);&quot;,&quot;err&quot;:{&quot;message&quot;:&quot;AssertionError: Timed out retrying after 4000ms: Expected to find element: `#first_name`, but never found it.&quot;,&quot;estack&quot;:&quot;AssertionError: Timed out retrying after 4000ms: Expected to find element: `#first_name`, but never found it.\n    at Context.eval (webpack:///./cypress/e2e/Contact-TestSuite/Contact.cy.js:91:26)&quot;},&quot;uuid&quot;:&quot;9e9d549a-889e-4dba-bd3c-915a77e90a12&quot;,&quot;parentUUID&quot;:&quot;2d0f37a8-aa68-4019-9a14-63d47e911ec2&quot;,&quot;isHook&quot;:false,&quot;skipped&quot;:false},{&quot;title&quot;:&quot;[004-0009] [Invalid] Sending data with filling numerical value (e.g:123).&quot;,&quot;fullTitle&quot;:&quot;Contact Test Suite [004-0009] [Invalid] Sending data with filling numerical value (e.g:123).&quot;,&quot;duration&quot;:4222,&quot;state&quot;:&quot;failed&quot;,&quot;pass&quot;:false,&quot;fail&quot;:true,&quot;pending&quot;:false,&quot;code&quot;:&quot;cy.get(\&quot;#first_name\&quot;).should(&#x27;be.visible&#x27;).and(&#x27;not.be.disabled&#x27;).type(faker.person.firstName);\ncy.get(\&quot;#last_name\&quot;).should(&#x27;be.visible&#x27;).and(&#x27;not.be.disabled&#x27;).type(faker.person.lastName);\ncy.get(\&quot;#email\&quot;).should(&#x27;be.visible&#x27;).and(&#x27;not.be.disabled&#x27;).type(\&quot;123\&quot;);\n// cy.get(&#x27;#subject&#x27;).should(&#x27;be.visible&#x27;).and(&#x27;not.be.disabled&#x27;).select(subjects[rand_index])\ncy.get(&#x27;#message&#x27;).should(&#x27;be.visible&#x27;).and(&#x27;not.be.disabled&#x27;).type(\&quot;Test done by Abdullah Aladham â¤ï¸,my account :https://www.linkedin.com/in/abdullah-aladham/\&quot;);\ncy.get(\&quot;#attachment\&quot;).should(&#x27;be.visible&#x27;).and(&#x27;not.be.disabled&#x27;).selectFile(\&quot;E:\\github\\cypress\\practice-software-testing\\cypress\\e2e\\test.txt\&quot;);\ncy.get(\&quot;input[value=&#x27;Send&#x27;]\&quot;).should(&#x27;be.visible&#x27;).and(&#x27;not.be.disabled&#x27;).click();\ncy.get(\&quot;#subject_alert\&quot;).should(&#x27;be.visible&#x27;).and(&#x27;have.text&#x27;, &#x27;Subject is required&#x27;);&quot;,&quot;err&quot;:{&quot;message&quot;:&quot;AssertionError: Timed out retrying after 4000ms: Expected to find element: `#first_name`, but never found it.&quot;,&quot;estack&quot;:&quot;AssertionError: Timed out retrying after 4000ms: Expected to find element: `#first_name`, but never found it.\n    at Context.eval (webpack:///./cypress/e2e/Contact-TestSuite/Contact.cy.js:102:26)&quot;},&quot;uuid&quot;:&quot;fab88f4d-b87d-4bf1-b59f-2d3ab4d057f3&quot;,&quot;parentUUID&quot;:&quot;2d0f37a8-aa68-4019-9a14-63d47e911ec2&quot;,&quot;isHook&quot;:false,&quot;skipped&quot;:false},{&quot;title&quot;:&quot;[004-0011] [invalid] Sending data with blank message input field.&quot;,&quot;fullTitle&quot;:&quot;Contact Test Suite [004-0011] [invalid] Sending data with blank message input field.&quot;,&quot;duration&quot;:4196,&quot;state&quot;:&quot;failed&quot;,&quot;pass&quot;:false,&quot;fail&quot;:true,&quot;pending&quot;:false,&quot;code&quot;:&quot;cy.get(\&quot;#first_name\&quot;).should(&#x27;be.visible&#x27;).and(&#x27;not.be.disabled&#x27;).type(faker.person.firstName);\ncy.get(\&quot;#last_name\&quot;).should(&#x27;be.visible&#x27;).and(&#x27;not.be.disabled&#x27;).type(faker.person.lastName);\ncy.get(\&quot;#email\&quot;).should(&#x27;be.visible&#x27;).and(&#x27;not.be.disabled&#x27;).type(\&quot;123\&quot;);\n// cy.get(&#x27;#subject&#x27;).should(&#x27;be.visible&#x27;).and(&#x27;not.be.disabled&#x27;).select(subjects[rand_index])\ncy.get(&#x27;#message&#x27;).should(&#x27;be.visible&#x27;).and(&#x27;not.be.disabled&#x27;).type(\&quot;Test done by Abdullah Aladham â¤ï¸ ,my account :https://www.linkedin.com/in/abdullah-aladham/\&quot;);\ncy.get(\&quot;#attachment\&quot;).should(&#x27;be.visible&#x27;).and(&#x27;not.be.disabled&#x27;).selectFile(\&quot;E:\\github\\cypress\\practice-software-testing\\cypress\\e2e\\test.txt\&quot;);\ncy.get(\&quot;input[value=&#x27;Send&#x27;]\&quot;).should(&#x27;be.visible&#x27;).and(&#x27;not.be.disabled&#x27;).click();\ncy.get(\&quot;#message_alert\&quot;).should(&#x27;be.visible&#x27;).and(&#x27;have.text&#x27;, &#x27;Message is required&#x27;);&quot;,&quot;err&quot;:{&quot;message&quot;:&quot;AssertionError: Timed out retrying after 4000ms: Expected to find element: `#first_name`, but never found it.&quot;,&quot;estack&quot;:&quot;AssertionError: Timed out retrying after 4000ms: Expected to find element: `#first_name`, but never found it.\n    at Context.eval (webpack:///./cypress/e2e/Contact-TestSuite/Contact.cy.js:113:26)&quot;},&quot;uuid&quot;:&quot;b0fa9c9b-7023-4644-bc89-81ece7ae8933&quot;,&quot;parentUUID&quot;:&quot;2d0f37a8-aa68-4019-9a14-63d47e911ec2&quot;,&quot;isHook&quot;:false,&quot;skipped&quot;:false},{&quot;title&quot;:&quot; [004-0012] [invalid] Sending data with message that has length less than 50 characters.&quot;,&quot;fullTitle&quot;:&quot;Contact Test Suite  [004-0012] [invalid] Sending data with message that has length less than 50 characters.&quot;,&quot;duration&quot;:4218,&quot;state&quot;:&quot;failed&quot;,&quot;pass&quot;:false,&quot;fail&quot;:true,&quot;pending&quot;:false,&quot;code&quot;:&quot;cy.get(\&quot;#first_name\&quot;).should(&#x27;be.visible&#x27;).and(&#x27;not.be.disabled&#x27;).type(faker.person.firstName);\ncy.get(\&quot;#last_name\&quot;).should(&#x27;be.visible&#x27;).and(&#x27;not.be.disabled&#x27;).type(faker.person.lastName);\ncy.get(\&quot;#email\&quot;).should(&#x27;be.visible&#x27;).and(&#x27;not.be.disabled&#x27;).type(\&quot;123\&quot;);\n// cy.get(&#x27;#subject&#x27;).should(&#x27;be.visible&#x27;).and(&#x27;not.be.disabled&#x27;).select(subjects[rand_index])\ncy.get(&#x27;#message&#x27;).should(&#x27;be.visible&#x27;).and(&#x27;not.be.disabled&#x27;).type(\&quot;Test done by Abdullah Aladham â¤ï¸\&quot;);\ncy.get(\&quot;#attachment\&quot;).should(&#x27;be.visible&#x27;).and(&#x27;not.be.disabled&#x27;).selectFile(\&quot;E:\\github\\cypress\\practice-software-testing\\cypress\\e2e\\test.txt\&quot;);\ncy.get(\&quot;input[value=&#x27;Send&#x27;]\&quot;).should(&#x27;be.visible&#x27;).and(&#x27;not.be.disabled&#x27;).click();\ncy.get(\&quot;#message_alert\&quot;).should(&#x27;be.visible&#x27;).and(&#x27;have.text&#x27;, &#x27;Message is required&#x27;);&quot;,&quot;err&quot;:{&quot;message&quot;:&quot;AssertionError: Timed out retrying after 4000ms: Expected to find element: `#first_name`, but never found it.&quot;,&quot;estack&quot;:&quot;AssertionError: Timed out retrying after 4000ms: Expected to find element: `#first_name`, but never found it.\n    at Context.eval (webpack:///./cypress/e2e/Contact-TestSuite/Contact.cy.js:123:26)&quot;},&quot;uuid&quot;:&quot;9c8f2ab5-3688-4198-b5a3-83fc0c201144&quot;,&quot;parentUUID&quot;:&quot;2d0f37a8-aa68-4019-9a14-63d47e911ec2&quot;,&quot;isHook&quot;:false,&quot;skipped&quot;:false},{&quot;title&quot;:&quot;[004-0013] [invalid] Sending data with non .txt file extension and 0kb size&quot;,&quot;fullTitle&quot;:&quot;Contact Test Suite [004-0013] [invalid] Sending data with non .txt file extension and 0kb size&quot;,&quot;duration&quot;:4249,&quot;state&quot;:&quot;failed&quot;,&quot;pass&quot;:false,&quot;fail&quot;:true,&quot;pending&quot;:false,&quot;code&quot;:&quot;cy.get(\&quot;#first_name\&quot;).should(&#x27;be.visible&#x27;).and(&#x27;not.be.disabled&#x27;).type(faker.person.firstName);\ncy.get(\&quot;#last_name\&quot;).should(&#x27;be.visible&#x27;).and(&#x27;not.be.disabled&#x27;).type(faker.person.lastName);\ncy.get(\&quot;#email\&quot;).should(&#x27;be.visible&#x27;).and(&#x27;not.be.disabled&#x27;).type(\&quot;123\&quot;);\n// cy.get(&#x27;#subject&#x27;).should(&#x27;be.visible&#x27;).and(&#x27;not.be.disabled&#x27;).select(subjects[rand_index])\ncy.get(&#x27;#message&#x27;).should(&#x27;be.visible&#x27;).and(&#x27;not.be.disabled&#x27;).type(\&quot;Test done by Abdullah Aladham â¤ï¸\&quot;);\ncy.get(\&quot;#attachment\&quot;).should(&#x27;be.visible&#x27;).and(&#x27;not.be.disabled&#x27;).selectFile(\&quot;E:\\\\github\\\\cypress\\\\practice-software-testing\\\\cypress\\\\e2e\\\\test.docx\&quot;);\ncy.get(\&quot;input[value=&#x27;Send&#x27;]\&quot;).should(&#x27;be.visible&#x27;).and(&#x27;not.be.disabled&#x27;).click();\ncy.get(\&quot;#attachment_alert\&quot;).should(&#x27;be.visible&#x27;).and(&#x27;have.text&#x27;, &#x27;File should have a txt extension.&#x27;);&quot;,&quot;err&quot;:{&quot;message&quot;:&quot;AssertionError: Timed out retrying after 4000ms: Expected to find element: `#first_name`, but never found it.&quot;,&quot;estack&quot;:&quot;AssertionError: Timed out retrying after 4000ms: Expected to find element: `#first_name`, but never found it.\n    at Context.eval (webpack:///./cypress/e2e/Contact-TestSuite/Contact.cy.js:135:26)&quot;},&quot;uuid&quot;:&quot;c2f75962-41f1-443d-bcb4-5fb5c15eea96&quot;,&quot;parentUUID&quot;:&quot;2d0f37a8-aa68-4019-9a14-63d47e911ec2&quot;,&quot;isHook&quot;:false,&quot;skipped&quot;:false},{&quot;title&quot;:&quot;[004-0014] [Invalid] Sending data with .txt file extension and bigger than 0kb size&quot;,&quot;fullTitle&quot;:&quot;Contact Test Suite [004-0014] [Invalid] Sending data with .txt file extension and bigger than 0kb size&quot;,&quot;duration&quot;:4217,&quot;state&quot;:&quot;failed&quot;,&quot;pass&quot;:false,&quot;fail&quot;:true,&quot;pending&quot;:false,&quot;code&quot;:&quot;cy.get(\&quot;#first_name\&quot;).should(&#x27;be.visible&#x27;).and(&#x27;not.be.disabled&#x27;).type(faker.person.firstName);\ncy.get(\&quot;#last_name\&quot;).should(&#x27;be.visible&#x27;).and(&#x27;not.be.disabled&#x27;).type(faker.person.lastName);\ncy.get(\&quot;#email\&quot;).should(&#x27;be.visible&#x27;).and(&#x27;not.be.disabled&#x27;).type(faker.internet.email);\ncy.get(&#x27;#subject&#x27;).should(&#x27;be.visible&#x27;).and(&#x27;not.be.disabled&#x27;).select(subjects[rand_index]);\ncy.get(&#x27;#message&#x27;).should(&#x27;be.visible&#x27;).and(&#x27;not.be.disabled&#x27;).type(\&quot;Test done by Abdullah Aladham â¤ï¸,my account :https://www.linkedin.com/in/abdullah-aladham/\&quot;);\ncy.get(\&quot;#attachment\&quot;).should(&#x27;be.visible&#x27;).and(&#x27;not.be.disabled&#x27;).selectFile(\&quot;E:\\\\github\\\\cypress\\\\practice-software-testing\\\\cypress\\\\e2e\\\\invalid.text\&quot;);\ncy.get(\&quot;input[value=&#x27;Send&#x27;]\&quot;).should(&#x27;be.visible&#x27;).and(&#x27;not.be.disabled&#x27;).click();\ncy.get(&#x27;#attachment_alert&#x27;).should(&#x27;be.visible&#x27;).and(&#x27;have.text&#x27;, &#x27;File should be empty.&#x27;);&quot;,&quot;err&quot;:{&quot;message&quot;:&quot;AssertionError: Timed out retrying after 4000ms: Expected to find element: `#first_name`, but never found it.&quot;,&quot;estack&quot;:&quot;AssertionError: Timed out retrying after 4000ms: Expected to find element: `#first_name`, but never found it.\n    at Context.eval (webpack:///./cypress/e2e/Contact-TestSuite/Contact.cy.js:149:26)&quot;},&quot;uuid&quot;:&quot;16171f23-c254-4d56-9973-10f2353ff030&quot;,&quot;parentUUID&quot;:&quot;2d0f37a8-aa68-4019-9a14-63d47e911ec2&quot;,&quot;isHook&quot;:false,&quot;skipped&quot;:false},{&quot;title&quot;:&quot;[004-0014] [invalid] Sending data with non .txt file extension and bigger than 0kb size&quot;,&quot;fullTitle&quot;:&quot;Contact Test Suite [004-0014] [invalid] Sending data with non .txt file extension and bigger than 0kb size&quot;,&quot;duration&quot;:4233,&quot;state&quot;:&quot;failed&quot;,&quot;pass&quot;:false,&quot;fail&quot;:true,&quot;pending&quot;:false,&quot;code&quot;:&quot;cy.get(\&quot;#first_name\&quot;).should(&#x27;be.visible&#x27;).and(&#x27;not.be.disabled&#x27;).type(faker.person.firstName);\ncy.get(\&quot;#last_name\&quot;).should(&#x27;be.visible&#x27;).and(&#x27;not.be.disabled&#x27;).type(faker.person.lastName);\ncy.get(\&quot;#email\&quot;).should(&#x27;be.visible&#x27;).and(&#x27;not.be.disabled&#x27;).type(faker.internet.email);\ncy.get(&#x27;#subject&#x27;).should(&#x27;be.visible&#x27;).and(&#x27;not.be.disabled&#x27;).select(subjects[rand_index]);\ncy.get(&#x27;#message&#x27;).should(&#x27;be.visible&#x27;).and(&#x27;not.be.disabled&#x27;).type(\&quot;Test done by Abdullah Aladham â¤ï¸,my account :https://www.linkedin.com/in/abdullah-aladham/\&quot;);\ncy.get(\&quot;#attachment\&quot;).should(&#x27;be.visible&#x27;).and(&#x27;not.be.disabled&#x27;).selectFile(\&quot;E:\\\\github\\\\cypress\\\\practice-software-testing\\\\cypress\\\\e2e\\\\invalid.docx\&quot;);\ncy.get(\&quot;input[value=&#x27;Send&#x27;]\&quot;).should(&#x27;be.visible&#x27;).and(&#x27;not.be.disabled&#x27;).click();\ncy.get(&#x27;#attachment_alert&#x27;).should(&#x27;be.visible&#x27;).and(&#x27;have.text&#x27;, &#x27;File should be empty.&#x27;); //finally found a bugðŸ¤£&quot;,&quot;err&quot;:{&quot;message&quot;:&quot;AssertionError: Timed out retrying after 4000ms: Expected to find element: `#first_name`, but never found it.&quot;,&quot;estack&quot;:&quot;AssertionError: Timed out retrying after 4000ms: Expected to find element: `#first_name`, but never found it.\n    at Context.eval (webpack:///./cypress/e2e/Contact-TestSuite/Contact.cy.js:160:26)&quot;},&quot;uuid&quot;:&quot;924fc1c8-1427-4575-88af-277d16d1208f&quot;,&quot;parentUUID&quot;:&quot;2d0f37a8-aa68-4019-9a14-63d47e911ec2&quot;,&quot;isHook&quot;:false,&quot;skipped&quot;:false}],&quot;suites&quot;:[],&quot;passes&quot;:[],&quot;failures&quot;:[&quot;587f36b2-5415-4349-8f4c-cb62f98a91ce&quot;,&quot;b000f158-8481-4fed-b914-3c81bb299035&quot;,&quot;6f01c25a-f604-401b-b682-3854d874dfaf&quot;,&quot;b11cebb9-db1d-41b5-b104-447207d5200b&quot;,&quot;de874288-439c-46ab-a4e2-a44a2fdde66b&quot;,&quot;5dc91b0d-60fb-49b5-8da9-089300dd5291&quot;,&quot;d86b6b96-f1f0-466f-b3eb-e035e5ff8e97&quot;,&quot;d67f7028-f454-412b-af94-3077ae511147&quot;,&quot;9e9d549a-889e-4dba-bd3c-915a77e90a12&quot;,&quot;fab88f4d-b87d-4bf1-b59f-2d3ab4d057f3&quot;,&quot;b0fa9c9b-7023-4644-bc89-81ece7ae8933&quot;,&quot;9c8f2ab5-3688-4198-b5a3-83fc0c201144&quot;,&quot;c2f75962-41f1-443d-bcb4-5fb5c15eea96&quot;,&quot;16171f23-c254-4d56-9973-10f2353ff030&quot;,&quot;924fc1c8-1427-4575-88af-277d16d1208f&quot;],&quot;pending&quot;:[],&quot;skipped&quot;:[],&quot;duration&quot;:60698,&quot;root&quot;:false,&quot;rootEmpty&quot;:false,&quot;_timeout&quot;:2000}],&quot;passes&quot;:[],&quot;failures&quot;:[],&quot;pending&quot;:[],&quot;skipped&quot;:[],&quot;duration&quot;:0,&quot;root&quot;:true,&quot;rootEmpty&quot;:true,&quot;_timeout&quot;:2000}],&quot;meta&quot;:{&quot;mocha&quot;:{&quot;version&quot;:&quot;7.0.1&quot;},&quot;mochawesome&quot;:{&quot;options&quot;:{&quot;quiet&quot;:false,&quot;reportFilename&quot;:&quot;[status]_[datetime]-[name]-report&quot;,&quot;saveHtml&quot;:true,&quot;saveJson&quot;:true,&quot;consoleReporter&quot;:&quot;spec&quot;,&quot;useInlineDiffs&quot;:false,&quot;code&quot;:true},&quot;version&quot;:&quot;7.1.3&quot;},&quot;marge&quot;:{&quot;options&quot;:{&quot;reportFilename&quot;:&quot;[status]_[datetime]-[name]-report&quot;,&quot;timestamp&quot;:&quot;longDate&quot;},&quot;version&quot;:&quot;6.2.0&quot;}}}" data-config="{&quot;reportFilename&quot;:&quot;[status]_[datetime]-[name]-report&quot;,&quot;reportDir&quot;:&quot;mochawesome-report&quot;,&quot;reportTitle&quot;:&quot;practice-software-testing&quot;,&quot;reportPageTitle&quot;:&quot;Mochawesome Report&quot;,&quot;inline&quot;:false,&quot;inlineAssets&quot;:false,&quot;cdn&quot;:false,&quot;charts&quot;:false,&quot;enableCharts&quot;:false,&quot;code&quot;:true,&quot;enableCode&quot;:true,&quot;autoOpen&quot;:false,&quot;overwrite&quot;:true,&quot;timestamp&quot;:&quot;longDate&quot;,&quot;ts&quot;:&quot;longDate&quot;,&quot;showPassed&quot;:true,&quot;showFailed&quot;:true,&quot;showPending&quot;:true,&quot;showSkipped&quot;:false,&quot;showHooks&quot;:&quot;failed&quot;,&quot;saveJson&quot;:true,&quot;saveHtml&quot;:true,&quot;dev&quot;:false,&quot;assetsDir&quot;:&quot;mochawesome-report\\assets&quot;,&quot;jsonFile&quot;:&quot;E:\\github\\cypress\\practice-software-testing\\mochawesome-report\\fail_February_7_2025-Contact-report.json&quot;,&quot;htmlFile&quot;:&quot;E:\\github\\cypress\\practice-software-testing\\mochawesome-report\\fail_February_7_2025-Contact-report.html&quot;}"><div id="report"></div><script src="assets\app.js"></script></body></html>