{
  "stats": {
    "suites": 1,
    "tests": 1,
    "passes": 0,
    "pending": 0,
    "failures": 1,
    "start": "2025-02-10T16:53:11.035Z",
    "end": "2025-02-10T16:53:17.831Z",
    "duration": 6796,
    "testsRegistered": 1,
    "passPercent": 0,
    "pendingPercent": 0,
    "other": 0,
    "hasOther": false,
    "skipped": 0,
    "hasSkipped": false
  },
  "results": [
    {
      "uuid": "b402f65f-e435-45e5-9eba-6c15527fd854",
      "title": "",
      "fullFile": "cypress\\e2e\\Languages-Test-Suite\\language.cy.js",
      "file": "cypress\\e2e\\Languages-Test-Suite\\language.cy.js",
      "beforeHooks": [],
      "afterHooks": [],
      "tests": [],
      "suites": [
        {
          "uuid": "1b9389a7-91e9-4f06-9215-e5b9e8c2053c",
          "title": "Languages testSuite",
          "fullFile": "",
          "file": "",
          "beforeHooks": [],
          "afterHooks": [],
          "tests": [
            {
              "title": "[01-0006] Clicks on “DE” Symbol",
              "fullTitle": "Languages testSuite [01-0006] Clicks on “DE” Symbol",
              "timedOut": null,
              "duration": 6741,
              "state": "failed",
              "speed": null,
              "pass": false,
              "fail": true,
              "pending": false,
              "context": null,
              "code": "cy.visit('/');\ncy.url().should('eq', \"https://practicesoftwaretesting.com/\");\ncy.get('button[id=\"language\"]').should('be.visible').and('not.be.disabled').click();\ncy.get('ul[id=\"dropdown-animated\"]').should('be.visible');\ncy.get(\"div[class='btn-group dropdown'] li:nth-child(1) a:nth-child(1)\").should('be.visible').and('not.be.disabled').click();\ncy.intercept({\n  method: \"GET\",\n  url: \"https://practicesoftwaretesting.com/assets/i18n/de.json\"\n}).as(\"DElang\");\ncy.wait('@DElang').then(interception => {\n  cy.wrap(interception.response.statusCode).should('eq', 200);\n});",
              "err": {
                "message": "CypressError: Timed out retrying after 5000ms: `cy.wait()` timed out waiting `5000ms` for the 1st request to the route: `DElang`. No request ever occurred.\n\nhttps://on.cypress.io/wait",
                "estack": "CypressError: Timed out retrying after 5000ms: `cy.wait()` timed out waiting `5000ms` for the 1st request to the route: `DElang`. No request ever occurred.\n\nhttps://on.cypress.io/wait\n    at cypressErr (https://practicesoftwaretesting.com/__cypress/runner/cypress_runner.js:75129:18)\n    at Object.errByPath (https://practicesoftwaretesting.com/__cypress/runner/cypress_runner.js:75183:10)\n    at checkForXhr (https://practicesoftwaretesting.com/__cypress/runner/cypress_runner.js:135066:84)\n    at <unknown> (https://practicesoftwaretesting.com/__cypress/runner/cypress_runner.js:135092:28)\n    at tryCatcher (https://practicesoftwaretesting.com/__cypress/runner/cypress_runner.js:1777:23)\n    at Promise.attempt.Promise.try (https://practicesoftwaretesting.com/__cypress/runner/cypress_runner.js:4285:29)\n    at whenStable (https://practicesoftwaretesting.com/__cypress/runner/cypress_runner.js:143474:68)\n    at <unknown> (https://practicesoftwaretesting.com/__cypress/runner/cypress_runner.js:143415:14)\n    at tryCatcher (https://practicesoftwaretesting.com/__cypress/runner/cypress_runner.js:1777:23)\n    at Promise._settlePromiseFromHandler (https://practicesoftwaretesting.com/__cypress/runner/cypress_runner.js:1489:31)\n    at Promise._settlePromise (https://practicesoftwaretesting.com/__cypress/runner/cypress_runner.js:1546:18)\n    at Promise._settlePromise0 (https://practicesoftwaretesting.com/__cypress/runner/cypress_runner.js:1591:10)\n    at Promise._settlePromises (https://practicesoftwaretesting.com/__cypress/runner/cypress_runner.js:1671:18)\n    at Promise._fulfill (https://practicesoftwaretesting.com/__cypress/runner/cypress_runner.js:1615:18)\n    at <unknown> (https://practicesoftwaretesting.com/__cypress/runner/cypress_runner.js:5420:46)",
                "diff": null
              },
              "uuid": "a1c49f1a-8797-41d5-8908-4d63c41ee501",
              "parentUUID": "1b9389a7-91e9-4f06-9215-e5b9e8c2053c",
              "isHook": false,
              "skipped": false
            }
          ],
          "suites": [],
          "passes": [],
          "failures": [
            "a1c49f1a-8797-41d5-8908-4d63c41ee501"
          ],
          "pending": [],
          "skipped": [],
          "duration": 6741,
          "root": false,
          "rootEmpty": false,
          "_timeout": 2000
        }
      ],
      "passes": [],
      "failures": [],
      "pending": [],
      "skipped": [],
      "duration": 0,
      "root": true,
      "rootEmpty": true,
      "_timeout": 2000
    }
  ],
  "meta": {
    "mocha": {
      "version": "7.0.1"
    },
    "mochawesome": {
      "options": {
        "quiet": false,
        "reportFilename": "[status]_[datetime]-[name]-report",
        "saveHtml": true,
        "saveJson": true,
        "consoleReporter": "spec",
        "useInlineDiffs": false,
        "code": true
      },
      "version": "7.1.3"
    },
    "marge": {
      "options": {
        "reportFilename": "[status]_[datetime]-[name]-report",
        "timestamp": "longDate"
      },
      "version": "6.2.0"
    }
  }
}