{
  "stats": {
    "suites": 1,
    "tests": 1,
    "passes": 0,
    "pending": 0,
    "failures": 1,
    "start": "2025-02-10T16:58:33.056Z",
    "end": "2025-02-10T16:58:43.047Z",
    "duration": 9991,
    "testsRegistered": 1,
    "passPercent": 0,
    "pendingPercent": 0,
    "other": 0,
    "hasOther": false,
    "skipped": 0,
    "hasSkipped": false
  },
  "results": [
    {
      "uuid": "4c1b8989-c7f6-4ad0-818e-ef676993bbff",
      "title": "",
      "fullFile": "cypress\\e2e\\UserMembership\\SignUp\\testingusersignup.cy.js",
      "file": "cypress\\e2e\\UserMembership\\SignUp\\testingusersignup.cy.js",
      "beforeHooks": [],
      "afterHooks": [],
      "tests": [],
      "suites": [
        {
          "uuid": "049160c4-0a51-4347-81d3-c46db7ad554e",
          "title": "testing user signup",
          "fullFile": "",
          "file": "",
          "beforeHooks": [],
          "afterHooks": [],
          "tests": [
            {
              "title": "registers the testuser",
              "fullTitle": "testing user signup registers the testuser",
              "timedOut": null,
              "duration": 9946,
              "state": "failed",
              "speed": null,
              "pass": false,
              "fail": true,
              "pending": false,
              "context": null,
              "code": "cy.get(\"a[aria-label='Register your account']\").should('be.visible').and('not.be.disabled').click();\n// cy.url().should('eq','auth/register');\ncy.get('input[data-test=\"first-name\"]').and('not.be.disabled').type('test');\ncy.get('input[id=\"last_name\"]').and('not.be.disabled').type('user');\ncy.get('input[id=\"dob\"]').should('be.visible').and('not.be.disabled').type('1998-01-16');\ncy.get('input[id=\"address\"]').should('be.visible').and('not.be.disabled').type(faker.location.streetAddress());\ncy.get('input[id=\"postcode\"]').should('be.visible').and('not.be.disabled').type(faker.location.zipCode());\ncy.get('input[id=\"city\"]').should('be.visible').and('not.be.disabled').type(faker.location.city());\ncy.get('input[id=\"state\"]').should('be.visible').and('not.be.disabled').type(faker.location.state());\ncy.get('select[id=\"country\"]').select(\"PS\");\ncy.get('input[data-test=\"phone\"]').should('be.visible').type(1234567889);\ncy.get('input[id=\"email\"]').should('be.visible').type('test13@test.com');\ncy.get('input[id=\"password\"]').should('be.visible').and('not.be.disabled').type('TH!sIsAP@ssword184');\ncy.get(\"button[type='submit']\").should('be.visible').and('not.be.disabled').click();\ncy.intercept({\n  method: \"POST\",\n  url: \"https://api.practicesoftwaretesting.com/users/register\"\n}).as(\"AccountCreated\");\ncy.wait(\"@AccountCreated\").then(interception => {\n  cy.wrap(interception.response.statusCode).should('eq', 201);\n});",
              "err": {
                "message": "AssertionError: Timed out retrying after 4000ms: expected 422 to equal 201",
                "estack": "AssertionError: Timed out retrying after 4000ms: expected 422 to equal 201\n    at Context.eval (webpack:///./cypress/e2e/UserMembership/SignUp/testingusersignup.cy.js:26:54)\n    at getRet (https://practicesoftwaretesting.com/__cypress/runner/cypress_runner.js:118278:20)\n    at tryCatcher (https://practicesoftwaretesting.com/__cypress/runner/cypress_runner.js:1777:23)\n    at Promise.attempt.Promise.try (https://practicesoftwaretesting.com/__cypress/runner/cypress_runner.js:4285:29)\n    at Context.thenFn (https://practicesoftwaretesting.com/__cypress/runner/cypress_runner.js:118289:66)\n    at Context.then (https://practicesoftwaretesting.com/__cypress/runner/cypress_runner.js:118540:21)\n    at wrapped (https://practicesoftwaretesting.com/__cypress/runner/cypress_runner.js:137823:19)",
                "diff": "- 422\n+ 201\n"
              },
              "uuid": "f3f5d3c9-d12c-4375-a82d-d96a02e0e329",
              "parentUUID": "049160c4-0a51-4347-81d3-c46db7ad554e",
              "isHook": false,
              "skipped": false
            }
          ],
          "suites": [],
          "passes": [],
          "failures": [
            "f3f5d3c9-d12c-4375-a82d-d96a02e0e329"
          ],
          "pending": [],
          "skipped": [],
          "duration": 9946,
          "root": false,
          "rootEmpty": false,
          "_timeout": 2000
        }
      ],
      "passes": [],
      "failures": [],
      "pending": [],
      "skipped": [],
      "duration": 0,
      "root": true,
      "rootEmpty": true,
      "_timeout": 2000
    }
  ],
  "meta": {
    "mocha": {
      "version": "7.0.1"
    },
    "mochawesome": {
      "options": {
        "quiet": false,
        "reportFilename": "[status]_[datetime]-[name]-report",
        "saveHtml": true,
        "saveJson": true,
        "consoleReporter": "spec",
        "useInlineDiffs": false,
        "code": true
      },
      "version": "7.1.3"
    },
    "marge": {
      "options": {
        "reportFilename": "[status]_[datetime]-[name]-report",
        "timestamp": "longDate"
      },
      "version": "6.2.0"
    }
  }
}