{
  "stats": {
    "suites": 1,
    "tests": 5,
    "passes": 0,
    "pending": 0,
    "failures": 5,
    "start": "2025-02-10T16:54:48.004Z",
    "end": "2025-02-10T16:55:13.522Z",
    "duration": 25518,
    "testsRegistered": 5,
    "passPercent": 0,
    "pendingPercent": 0,
    "other": 0,
    "hasOther": false,
    "skipped": 0,
    "hasSkipped": false
  },
  "results": [
    {
      "uuid": "9e0b47b5-5e1f-41d2-b4b4-114367d52963",
      "title": "",
      "fullFile": "cypress\\e2e\\favorites[testsuite]\\favorites.cy.js",
      "file": "cypress\\e2e\\favorites[testsuite]\\favorites.cy.js",
      "beforeHooks": [],
      "afterHooks": [],
      "tests": [],
      "suites": [
        {
          "uuid": "ab435b7b-549d-4ca5-9f4c-319646c40515",
          "title": "Favorites Testsuite",
          "fullFile": "",
          "file": "",
          "beforeHooks": [],
          "afterHooks": [],
          "tests": [
            {
              "title": "[006-0005] [Valid] Adding product to favorites when signed in",
              "fullTitle": "Favorites Testsuite [006-0005] [Valid] Adding product to favorites when signed in",
              "timedOut": null,
              "duration": 305,
              "state": "failed",
              "speed": null,
              "pass": false,
              "fail": true,
              "pending": false,
              "context": null,
              "code": "cy(\"customer@practicesoftwaretesting.com\", \"welcome01\");\ncy.visit('/');\ncy.url().should('eq', 'https://practicesoftwaretesting.com/');\ncy.get(\"img[alt='Combination Pliers']\").should('be.visible').and('not.be.disabled').click();\ncy.get(\"#btn-add-to-favorites\").should('be.visible').and('not.be.disabled').click();\ncy.get('.ng-trigger').should('be.visible').and('have.text', ' Product added to your favorites list. ');\n// cy.intercept({\n//     method:\"OPTIONS\",\n//     url:\"https://api.practicesoftwaretesting.com/favorites\"\n// }).as(\"FacoritesOptionsReq\")\n// cy.wait(\"@FacoritesOptionsReq\").then(interception =>{\n//     console.log(interception);\n//     cy.wrap(interception.response.statusCode).should('eq',204)\n// });\ncy.intercept({\n  method: \"POST\",\n  url: \"https://api.practicesoftwaretesting.com/favorites\"\n}).as(\"AddtoFavoritesReq\");\ncy.wait(\"@AddtoFavoritesReq\").then(interception => {\n  console.log(interception);\n  cy.wrap(interception.response.statusCode).should('eq', 201);\n});",
              "err": {
                "message": "TypeError: cy is not a function",
                "estack": "TypeError: cy is not a function\n    at Context.eval (webpack:///./cypress/e2e/favorites[testsuite]/favorites.cy.js:3:8)\n    at runnable.fn (https://practicesoftwaretesting.com/__cypress/runner/cypress_runner.js:138090:19)\n    at callFn (https://practicesoftwaretesting.com/__cypress/runner/cypress_runner.js:156686:21)\n    at Runnable.run (https://practicesoftwaretesting.com/__cypress/runner/cypress_runner.js:156673:7)\n    at <unknown> (https://practicesoftwaretesting.com/__cypress/runner/cypress_runner.js:162603:30)\n    at PassThroughHandlerContext.finallyHandler (https://practicesoftwaretesting.com/__cypress/runner/cypress_runner.js:4042:23)\n    at PassThroughHandlerContext.tryCatcher (https://practicesoftwaretesting.com/__cypress/runner/cypress_runner.js:1777:23)\n    at Promise._settlePromiseFromHandler (https://practicesoftwaretesting.com/__cypress/runner/cypress_runner.js:1489:31)\n    at Promise._settlePromise (https://practicesoftwaretesting.com/__cypress/runner/cypress_runner.js:1546:18)",
                "diff": null
              },
              "uuid": "5ac488d3-006b-4a29-92b5-1bebe0649694",
              "parentUUID": "ab435b7b-549d-4ca5-9f4c-319646c40515",
              "isHook": false,
              "skipped": false
            },
            {
              "title": "[006-0006][invalid] Adding product to favorites when not signed in",
              "fullTitle": "Favorites Testsuite [006-0006][invalid] Adding product to favorites when not signed in",
              "timedOut": null,
              "duration": 6625,
              "state": "failed",
              "speed": null,
              "pass": false,
              "fail": true,
              "pending": false,
              "context": null,
              "code": "cy.visit('/');\ncy.url().should('eq', 'https://practicesoftwaretesting.com/');\ncy.get(\"img[alt='Combination Pliers']\").should('be.visible').and('not.be.disabled').click();\ncy.get(\"#btn-add-to-favorites\").should('be.visible').and('not.be.disabled').click();\ncy.get('.ng-trigger').should('be.visible').and('have.text', 'Unauthorized, can not add product to your favorite list.');\ncy.intercept({\n  method: \"OPTIONS\",\n  url: \"https://api.practicesoftwaretesting.com/favorites\"\n}).as(\"FacoritesOptionsReq\");\ncy.wait(\"@FacoritesOptionsReq\").then(interception => {\n  console.log(interception);\n  cy.wrap(interception.response.statusCode).should('eq', 204);\n});\ncy.intercept({\n  method: \"POST\",\n  url: \"https://api.practicesoftwaretesting.com/favorites\"\n}).as(\"AddtoFavoritesReq\");\ncy.wait(\"@FailAddToFavoritesReq\").then(interception => {\n  console.log(interception);\n  cy.wrap(interception.response.statusCode).should('eq', 401);\n});",
              "err": {
                "message": "AssertionError: Timed out retrying after 4000ms: expected '<div.ng-tns-c2308121496-0.ng-star-inserted.ng-trigger.ng-trigger-flyInOut.ngx-toastr.toast-error>' to have text 'Unauthorized, can not add product to your favorite list.', but the text was ' Unauthorized, can not add product to your favorite list. '",
                "estack": "AssertionError: Timed out retrying after 4000ms: expected '<div.ng-tns-c2308121496-0.ng-star-inserted.ng-trigger.ng-trigger-flyInOut.ngx-toastr.toast-error>' to have text 'Unauthorized, can not add product to your favorite list.', but the text was ' Unauthorized, can not add product to your favorite list. '\n    at Context.eval (webpack:///./cypress/e2e/favorites[testsuite]/favorites.cy.js:32:51)",
                "diff": "- ' Unauthorized, can not add product to your favorite list. '\n+ 'Unauthorized, can not add product to your favorite list.'\n"
              },
              "uuid": "695f20a6-1387-4eb4-913d-399fe7e3fcd2",
              "parentUUID": "ab435b7b-549d-4ca5-9f4c-319646c40515",
              "isHook": false,
              "skipped": false
            },
            {
              "title": "[006-0007][Valid] View Favorites lists",
              "fullTitle": "Favorites Testsuite [006-0007][Valid] View Favorites lists",
              "timedOut": null,
              "duration": 6119,
              "state": "failed",
              "speed": null,
              "pass": false,
              "fail": true,
              "pending": false,
              "context": null,
              "code": "cy.login(\"customer@practicesoftwaretesting.com\", \"welcome01\");\ncy.visit('/account');\ncy.url().should('eq', 'https://practicesoftwaretesting.com/account');\ncy.get(\".dropdown-item[data-test='nav-my-favorites']\").should('be.visible').and('not.be.disabled').click();\ncy.intercept({\n  method: \"GET\",\n  url: \"https://api.practicesoftwaretesting.com/favorites\"\n}).as(\"FavoritesList\");\ncy.wait(\"@FavoritesList\").then(interception => {\n  console.log(interception);\n  cy.wrap(interception.response.statusCode).should('eq', 200);\n});",
              "err": {
                "message": "AssertionError: Timed out retrying after 4000ms: expected 'https://practicesoftwaretesting.com/auth/login' to equal 'https://practicesoftwaretesting.com/account'\n\nThis error occurred while creating the session. Because the session setup failed, we failed the test.",
                "estack": "AssertionError: Timed out retrying after 4000ms: expected 'https://practicesoftwaretesting.com/auth/login' to equal 'https://practicesoftwaretesting.com/account'\n\nThis error occurred while creating the session. Because the session setup failed, we failed the test.\n    at Object.eval [as setup] (webpack:///./cypress/support/commands.js:18:13)\n    at Context.<anonymous> (https://practicesoftwaretesting.com/__cypress/runner/cypress_runner.js:132829:38)\n    at getRet (https://practicesoftwaretesting.com/__cypress/runner/cypress_runner.js:118278:20)\n    at tryCatcher (https://practicesoftwaretesting.com/__cypress/runner/cypress_runner.js:1777:23)\n    at Promise.attempt.Promise.try (https://practicesoftwaretesting.com/__cypress/runner/cypress_runner.js:4285:29)\n    at Context.thenFn (https://practicesoftwaretesting.com/__cypress/runner/cypress_runner.js:118289:66)\n    at Context.then (https://practicesoftwaretesting.com/__cypress/runner/cypress_runner.js:118540:21)\n    at wrapped (https://practicesoftwaretesting.com/__cypress/runner/cypress_runner.js:137823:19)",
                "diff": "- 'https://practicesoftwaretesting.com/auth/login'\n+ 'https://practicesoftwaretesting.com/account'\n"
              },
              "uuid": "a3fd6d28-af35-4e9d-ba42-4edb1360e2e2",
              "parentUUID": "ab435b7b-549d-4ca5-9f4c-319646c40515",
              "isHook": false,
              "skipped": false
            },
            {
              "title": "[006-0008] [Valid] Remove item from favorites list",
              "fullTitle": "Favorites Testsuite [006-0008] [Valid] Remove item from favorites list",
              "timedOut": null,
              "duration": 6183,
              "state": "failed",
              "speed": null,
              "pass": false,
              "fail": true,
              "pending": false,
              "context": null,
              "code": "cy.login(\"customer@practicesoftwaretesting.com\", \"welcome01\");\ncy.visit('/account');\ncy.url().should('eq', 'https://practicesoftwaretesting.com/account');\ncy.get(\"#menu\").should('be.visible').and('not.be.disabled').click();\ncy.get(\".dropdown-item[data-test='nav-my-favorites']\").should('be.visible').and('not.be.disabled').click();\ncy.intercept({\n  method: \"GET\",\n  url: \"https://api.practicesoftwaretesting.com/favorites\"\n}).as(\"FetchFavList\");\ncy.wait(\"@FetchFavList\");\ncy.get(\"body > app-root:nth-child(2) > div:nth-child(2) > app-favorites:nth-child(2) > div:nth-child(1) > div:nth-child(2) > div:nth-child(1) > div:nth-child(3) > button:nth-child(1)\").should('be.visible').and('not.be.disabled').click();\n// cy.intercept({\n//     method:\"OPTIONS\",\n//     url:\"https://api.practicesoftwaretesting.com/favorites/01JK9K2GGJTN61SJW5W43NKWR2\"\n// }).as(\"DeleteOPTIONAPI\");\n// cy.wait(\"@DeleteOPTIONAPI\").then(interception =>{\n//     console.log(interception);\n//     cy.wrap(interception.response.statusCode).should('eq',204)\n// });\ncy.intercept({\n  method: \"DELETE\",\n  url: \"https://api.practicesoftwaretesting.com/favorites/01JKHDPHZZA5WVYX6Y9WM5QWW8\"\n}).as(\"ProdDeleteRequest\");\ncy.wait(\"@ProdDeleteRequest\").then(interception => {\n  console.log(interception);\n  cy.wrap(interception.response.statusCode).should('eq', 204);\n});",
              "err": {
                "message": "AssertionError: Timed out retrying after 4000ms: expected 'https://practicesoftwaretesting.com/auth/login' to equal 'https://practicesoftwaretesting.com/account'\n\nThis error occurred while creating the session. Because the session setup failed, we failed the test.",
                "estack": "AssertionError: Timed out retrying after 4000ms: expected 'https://practicesoftwaretesting.com/auth/login' to equal 'https://practicesoftwaretesting.com/account'\n\nThis error occurred while creating the session. Because the session setup failed, we failed the test.\n    at Object.eval [as setup] (webpack:///./cypress/support/commands.js:18:13)\n    at Context.<anonymous> (https://practicesoftwaretesting.com/__cypress/runner/cypress_runner.js:132829:38)\n    at getRet (https://practicesoftwaretesting.com/__cypress/runner/cypress_runner.js:118278:20)\n    at tryCatcher (https://practicesoftwaretesting.com/__cypress/runner/cypress_runner.js:1777:23)\n    at Promise.attempt.Promise.try (https://practicesoftwaretesting.com/__cypress/runner/cypress_runner.js:4285:29)\n    at Context.thenFn (https://practicesoftwaretesting.com/__cypress/runner/cypress_runner.js:118289:66)\n    at Context.then (https://practicesoftwaretesting.com/__cypress/runner/cypress_runner.js:118540:21)\n    at wrapped (https://practicesoftwaretesting.com/__cypress/runner/cypress_runner.js:137823:19)",
                "diff": "- 'https://practicesoftwaretesting.com/auth/login'\n+ 'https://practicesoftwaretesting.com/account'\n"
              },
              "uuid": "83f2a654-847f-4910-ba6c-b615736521a7",
              "parentUUID": "ab435b7b-549d-4ca5-9f4c-319646c40515",
              "isHook": false,
              "skipped": false
            },
            {
              "title": "adding a product to favorites that is already added",
              "fullTitle": "Favorites Testsuite adding a product to favorites that is already added",
              "timedOut": null,
              "duration": 5877,
              "state": "failed",
              "speed": null,
              "pass": false,
              "fail": true,
              "pending": false,
              "context": null,
              "code": "cy.login(\"customer@practicesoftwaretesting.com\", \"welcome01\");\ncy.visit('/');\ncy.url().should('eq', 'https://practicesoftwaretesting.com/');\ncy.get(\"img[alt='Combination Pliers']\").should('be.visible').and('not.be.disabled').click();\ncy.get(\"#btn-add-to-favorites\").should('be.visible').and('not.be.disabled').click();\ncy.get('.ng-trigger').should('be.visible').and('have.text', ' Product already in your favorites list. ');\n// cy.intercept({\n//     method:\"OPTIONS\",\n//     url:\"https://api.practicesoftwaretesting.com/favorites\"\n// }).as(\"FacoritesOptionsReq\")\n// cy.wait(\"@FacoritesOptionsReq\").then(interception =>{\n//     console.log(interception);\n//     cy.wrap(interception.response.statusCode).should('eq',204)\n// });\ncy.intercept({\n  method: \"POST\",\n  url: \"https://api.practicesoftwaretesting.com/favorites\"\n}).as(\"AddtoFavoritesReq\");\ncy.wait(\"@AddtoFavoritesReq\").then(interception => {\n  console.log(interception);\n  cy.wrap(interception.response.statusCode).should('eq', 401);\n});\ncy.intercept({\n  method: \"POST\",\n  url: \"https://api.practicesoftwaretesting.com/favorites\"\n}).as(\"AddtoFavoritesReq\");\ncy.wait(\"@AddtoFavoritesReq\").then(interception => {\n  console.log(interception);\n  cy.wrap(interception.response.statusCode).should('eq', 401);\n});",
              "err": {
                "message": "AssertionError: Timed out retrying after 4000ms: expected 'https://practicesoftwaretesting.com/auth/login' to equal 'https://practicesoftwaretesting.com/account'\n\nThis error occurred while creating the session. Because the session setup failed, we failed the test.",
                "estack": "AssertionError: Timed out retrying after 4000ms: expected 'https://practicesoftwaretesting.com/auth/login' to equal 'https://practicesoftwaretesting.com/account'\n\nThis error occurred while creating the session. Because the session setup failed, we failed the test.\n    at Object.eval [as setup] (webpack:///./cypress/support/commands.js:18:13)\n    at Context.<anonymous> (https://practicesoftwaretesting.com/__cypress/runner/cypress_runner.js:132829:38)\n    at getRet (https://practicesoftwaretesting.com/__cypress/runner/cypress_runner.js:118278:20)\n    at tryCatcher (https://practicesoftwaretesting.com/__cypress/runner/cypress_runner.js:1777:23)\n    at Promise.attempt.Promise.try (https://practicesoftwaretesting.com/__cypress/runner/cypress_runner.js:4285:29)\n    at Context.thenFn (https://practicesoftwaretesting.com/__cypress/runner/cypress_runner.js:118289:66)\n    at Context.then (https://practicesoftwaretesting.com/__cypress/runner/cypress_runner.js:118540:21)\n    at wrapped (https://practicesoftwaretesting.com/__cypress/runner/cypress_runner.js:137823:19)",
                "diff": "- 'https://practicesoftwaretesting.com/auth/login'\n+ 'https://practicesoftwaretesting.com/account'\n"
              },
              "uuid": "5291d1ad-5814-4d7a-824c-8c45dcbce555",
              "parentUUID": "ab435b7b-549d-4ca5-9f4c-319646c40515",
              "isHook": false,
              "skipped": false
            }
          ],
          "suites": [],
          "passes": [],
          "failures": [
            "5ac488d3-006b-4a29-92b5-1bebe0649694",
            "695f20a6-1387-4eb4-913d-399fe7e3fcd2",
            "a3fd6d28-af35-4e9d-ba42-4edb1360e2e2",
            "83f2a654-847f-4910-ba6c-b615736521a7",
            "5291d1ad-5814-4d7a-824c-8c45dcbce555"
          ],
          "pending": [],
          "skipped": [],
          "duration": 25109,
          "root": false,
          "rootEmpty": false,
          "_timeout": 2000
        }
      ],
      "passes": [],
      "failures": [],
      "pending": [],
      "skipped": [],
      "duration": 0,
      "root": true,
      "rootEmpty": true,
      "_timeout": 2000
    }
  ],
  "meta": {
    "mocha": {
      "version": "7.0.1"
    },
    "mochawesome": {
      "options": {
        "quiet": false,
        "reportFilename": "[status]_[datetime]-[name]-report",
        "saveHtml": true,
        "saveJson": true,
        "consoleReporter": "spec",
        "useInlineDiffs": false,
        "code": true
      },
      "version": "7.1.3"
    },
    "marge": {
      "options": {
        "reportFilename": "[status]_[datetime]-[name]-report",
        "timestamp": "longDate"
      },
      "version": "6.2.0"
    }
  }
}