{
  "stats": {
    "suites": 1,
    "tests": 2,
    "passes": 1,
    "pending": 0,
    "failures": 1,
    "start": "2025-02-10T16:50:50.120Z",
    "end": "2025-02-10T16:51:04.223Z",
    "duration": 14103,
    "testsRegistered": 2,
    "passPercent": 50,
    "pendingPercent": 0,
    "other": 0,
    "hasOther": false,
    "skipped": 0,
    "hasSkipped": false
  },
  "results": [
    {
      "uuid": "12695f4a-4d1f-42bd-9a76-d9355eea4a82",
      "title": "",
      "fullFile": "cypress\\e2e\\Checkout-TestSuite\\checkout.cy.js",
      "file": "cypress\\e2e\\Checkout-TestSuite\\checkout.cy.js",
      "beforeHooks": [],
      "afterHooks": [],
      "tests": [],
      "suites": [
        {
          "uuid": "a5ad184b-c425-4592-b05f-8c5a7ccc76c2",
          "title": "Checkout-TestSuite",
          "fullFile": "",
          "file": "",
          "beforeHooks": [],
          "afterHooks": [],
          "tests": [
            {
              "title": "[008-0001]Add product to checkout list",
              "fullTitle": "Checkout-TestSuite [008-0001]Add product to checkout list",
              "timedOut": null,
              "duration": 9173,
              "state": "passed",
              "speed": "medium",
              "pass": true,
              "fail": false,
              "pending": false,
              "context": null,
              "code": "cy.login(\"test13@test.com\", \"TH!sIsAP@ssword184\");\ncy.visit('/');\ncy.url().should('eq', 'https://practicesoftwaretesting.com/');\ncy.get(\"img[alt='Pliers']\").should('be.visible').and('not.be.disabled').click();\ncy.get(\"#btn-add-to-cart\").should('not.be.disabled').and('be.visible').click();\ncy.get('.ng-trigger').should('be.visible').and('have.text', ' Product added to shopping cart. ');\ncy.get(\"a[aria-label='cart']\").should('be.visible');\n// cy.intercept({\n//     method:\"OPTIONS\",\n//     url:\"https://api.practicesoftwaretesting.com/carts/01jkc8946hc30mdqmjdeqwd7rb\"\n// }).as(\"AddtoCheckoutOptionsReq\");\n// cy.wait(\"@AddtoCheckoutOptionsReq\")\n// cy.intercept({\n//     method:\"GET\",\n//     url:\"https://api.practicesoftwaretesting.com/carts/01jkc8946hc30mdqmjdeqwd7rb\"\n// }).as(\"AddtoCheckoutGETReq\");\n// cy.wait(\"@AddtoCheckoutGETReq\")\n// cy.intercept({\n//     method:\"POST\",\n//     url:\"https://api.practicesoftwaretesting.com/carts/01jkk4gqpsapvrata8w3f2sn1y\"\n// }).as(\"AddToCheckoutPostReq\");\n// cy.wait(\"@AddToCheckoutPostReq\").then(interception =>{\n//     console.log(interception);\n//     cy.wrap(interception.response.statusCode).should('eq',200)\n// });\n//     cy.intercept({url:\"data:image/svg+xml;base64,PHN2ZyB4bWxucz0naHR0cDovL3d3dy53My5vcmcvMjAwMC9zdmcnIHZpZXdCb3g9JzAgMCA1MTIgNTEyJyB3aWR0aD0nNTEyJyBoZWlnaHQ9JzUxMic+PHBhdGggZmlsbD0ncmdiKDI1NSwyNTUsMjU1KScgZD0nTTE3My44OTggNDM5LjQwNGwtMTY2LjQtMTY2LjRjLTkuOTk3LTkuOTk3LTkuOTk3LTI2LjIwNiAwLTM2LjIwNGwzNi4yMDMtMzYuMjA0YzkuOTk3LTkuOTk4IDI2LjIwNy05Ljk5OCAzNi4yMDQgMEwxOTIgMzEyLjY5IDQzMi4wOTUgNzIuNTk2YzkuOTk3LTkuOTk3IDI2LjIwNy05Ljk5NyAzNi4yMDQgMGwzNi4yMDMgMzYuMjA0YzkuOTk3IDkuOTk3IDkuOTk3IDI2LjIwNiAwIDM2LjIwNGwtMjk0LjQgMjk0LjQwMWMtOS45OTggOS45OTctMjYuMjA3IDkuOTk3LTM2LjIwNC0uMDAxeicvPjwvc3ZnPg==\",\n//         method:\"GET\"\n//     }).as(\"SuccessNotification\");\n//  cy.wait(\"@SuccessNotification\").then(interception =>{\n//         console.log(interception);\n//         cy.wrap(interception.response.statusCode).should('eq',200)\n//     })",
              "err": {},
              "uuid": "fe7f9cb4-7703-4dba-965d-c2e6e6060dcd",
              "parentUUID": "a5ad184b-c425-4592-b05f-8c5a7ccc76c2",
              "isHook": false,
              "skipped": false
            },
            {
              "title": "[008-0002][Valid]View Checkout list",
              "fullTitle": "Checkout-TestSuite [008-0002][Valid]View Checkout list",
              "timedOut": null,
              "duration": 4838,
              "state": "failed",
              "speed": null,
              "pass": false,
              "fail": true,
              "pending": false,
              "context": null,
              "code": "//this testcase sometimes need to be done after adding product to checkout since it stays for sometime and vanishes from it\n// cy.login(\"customer@practicesoftwaretesting.com\",\"TH!sIsAP@ssword184\")\n// cy.login(\"test13@test.com\",\"TH!sIsAP@ssword184\")\ncy.visit('/');\n//  cy.visit('/account/checkout');\n// cy.url().should('eq','https://practicesoftwaretesting.com/');\ncy.get(\"a[aria-label='cart']\").should('be.visible').and('not.be.disabled').click();\n// cy.intercept({\n//     method:\"OPTIONS\",\n//     url:\"https://api.practicesoftwaretesting.com/carts/01jkc9xt5w3tvjepf4tb7v6vr4\"\n// }).as('')\n// cy.intercept({\n//     method:\"OPTIONS\",\n//     url:\"https://api.practicesoftwaretesting.com/users/me\"\n// }).as('LoginReqOptions')\n//     cy.intercept({ \n//       method: \"GET\",\n//          url:\"https://api.practicesoftwaretesting.com/carts/01jkc9xt5w3tvjepf4tb7v6vr4\"\n//      }).as(\"getCartList\");\n//  cy.wait(\"getCartList\").then(interception =>{\n//      console.log(interception);\n//      cy.wrap(interception.response.statusCode).should('eq',200)\n//  })",
              "err": {
                "message": "AssertionError: Timed out retrying after 4000ms: Expected to find element: `a[aria-label='cart']`, but never found it.",
                "estack": "AssertionError: Timed out retrying after 4000ms: Expected to find element: `a[aria-label='cart']`, but never found it.\n    at Context.eval (webpack:///./cypress/e2e/Checkout-TestSuite/checkout.cy.js:51:35)",
                "diff": null
              },
              "uuid": "a7cb8461-6138-452e-a3cb-58a11e15878f",
              "parentUUID": "a5ad184b-c425-4592-b05f-8c5a7ccc76c2",
              "isHook": false,
              "skipped": false
            }
          ],
          "suites": [],
          "passes": [
            "fe7f9cb4-7703-4dba-965d-c2e6e6060dcd"
          ],
          "failures": [
            "a7cb8461-6138-452e-a3cb-58a11e15878f"
          ],
          "pending": [],
          "skipped": [],
          "duration": 14011,
          "root": false,
          "rootEmpty": false,
          "_timeout": 2000
        }
      ],
      "passes": [],
      "failures": [],
      "pending": [],
      "skipped": [],
      "duration": 0,
      "root": true,
      "rootEmpty": true,
      "_timeout": 2000
    }
  ],
  "meta": {
    "mocha": {
      "version": "7.0.1"
    },
    "mochawesome": {
      "options": {
        "quiet": false,
        "reportFilename": "[status]_[datetime]-[name]-report",
        "saveHtml": true,
        "saveJson": true,
        "consoleReporter": "spec",
        "useInlineDiffs": false,
        "code": true
      },
      "version": "7.1.3"
    },
    "marge": {
      "options": {
        "reportFilename": "[status]_[datetime]-[name]-report",
        "timestamp": "longDate"
      },
      "version": "6.2.0"
    }
  }
}