{
  "stats": {
    "suites": 1,
    "tests": 20,
    "passes": 0,
    "pending": 0,
    "failures": 20,
    "start": "2025-02-07T14:01:59.080Z",
    "end": "2025-02-07T14:03:43.258Z",
    "duration": 104178,
    "testsRegistered": 20,
    "passPercent": 0,
    "pendingPercent": 0,
    "other": 0,
    "hasOther": false,
    "skipped": 0,
    "hasSkipped": false
  },
  "results": [
    {
      "uuid": "15fc6a80-dd8a-4bb7-a81e-1d7e681dd55c",
      "title": "",
      "fullFile": "cypress\\e2e\\UserMembership\\SignUp\\Registration.cy.js",
      "file": "cypress\\e2e\\UserMembership\\SignUp\\Registration.cy.js",
      "beforeHooks": [],
      "afterHooks": [],
      "tests": [],
      "suites": [
        {
          "uuid": "8429f224-2602-465f-a09c-97b2aeadea98",
          "title": "Registration TestSuite",
          "fullFile": "",
          "file": "",
          "beforeHooks": [],
          "afterHooks": [],
          "tests": [
            {
              "title": "[003-0005][Valid] Register User with valid data for all fields.",
              "fullTitle": "Registration TestSuite [003-0005][Valid] Register User with valid data for all fields.",
              "timedOut": null,
              "duration": 5035,
              "state": "failed",
              "speed": null,
              "pass": false,
              "fail": true,
              "pending": false,
              "context": null,
              "code": "cy.visit('/auth/login');\ncy.get(\"a[aria-label='Register your account']\").should('be.visible').and('not.be.disabled').click();\ncy.url().should('eq', 'auth/register');\ncy.get('input[id=\"first_name\"]').should('be.null').and('not.be.disabled').type(_faker.faker.person.firstName);\ncy.get('input[id=\"last_name\"]').should('be.null').and('not.be.disabled').type(_faker.faker.person.lastName);\ncy.get('input[id=\"dob\"]').should('be.visible').and('not.be.disabled').type(_faker.faker.date);\ncy.get('input[id=\"address\"]').should('be.visible').and('not.be.disabled').type(_faker.faker.location.streetAddress);\ncy.get('input[id=\"postcode\"]').should('be.visible').and('not.be.disabled').type(_faker.faker.location.zipCode);\ncy.get('input[id=\"city\"]').should('be.visible').and('not.be.disabled').type(_faker.faker.location.city);\ncy.get('input[id=\"state\"]').should('be.visible').and('not.be.disabled').type(_faker.faker.location.state);\ncy.get('select[id=\"country\"]').select(\"US\");\ncy.get('input[id=\"phone\"]').should('be.visible').should('be.null').type(_faker.faker.phone.number);\ncy.get('input[id=\"email\"]').should('be.visible').type(\"test@test.com\");\ncy.get('input[id=\"password\"]').should('be.visible').and('not.be.disabled').type('H3lp1111!');\ncy.get(\"button[type='submit']\").should('be.visible').and('not.be.disabled').click();\ncy.url().should('eq', 'auth/login');",
              "err": {
                "message": "AssertionError: Timed out retrying after 4000ms: expected 'https://practicesoftwaretesting.com/auth/register' to equal 'auth/register'",
                "estack": "AssertionError: Timed out retrying after 4000ms: expected 'https://practicesoftwaretesting.com/auth/register' to equal 'auth/register'\n    at Context.eval (webpack:///./cypress/e2e/UserMembership/SignUp/Registration.cy.js:6:17)",
                "diff": "- 'https://practicesoftwaretesting.com/auth/register'\n+ 'auth/register'\n"
              },
              "uuid": "fddfc80b-2fca-4607-9b7a-49d5c6947e27",
              "parentUUID": "8429f224-2602-465f-a09c-97b2aeadea98",
              "isHook": false,
              "skipped": false
            },
            {
              "title": "[003-0006][Invalid] Register User with blank first name and last name",
              "fullTitle": "Registration TestSuite [003-0006][Invalid] Register User with blank first name and last name",
              "timedOut": null,
              "duration": 4956,
              "state": "failed",
              "speed": null,
              "pass": false,
              "fail": true,
              "pending": false,
              "context": null,
              "code": "cy.visit('/auth/login');\ncy.get(\"a[aria-label='Register your account']\").should('be.visible').and('not.be.disabled').click();\ncy.url().should('eq', 'auth/register');\ncy.get('input[id=\"dob\"]').should('be.visible').and('not.be.disabled').type('09/14/1998');\ncy.get('input[id=\"address\"]').should('be.visible').and('not.be.disabled').type('St.01');\ncy.get('input[id=\"postcode\"]').should('be.visible').and('not.be.disabled').type('1000');\ncy.get('input[id=\"city\"]').should('be.visible').and('not.be.disabled').type('Buffalo');\ncy.get('input[id=\"state\"]').should('be.visible').and('not.be.disabled').type('NewYork');\ncy.get('select[id=\"country\"]').select(\"US\");\ncy.get('input[id=\"phone\"]').should('be.visible').should('be.null').type(\"+123456789\");\ncy.get('input[id=\"email\"]').should('be.visible').type(\"test@test.com\");\ncy.get('input[id=\"password\"]').should('be.visible').and('not.be.disabled').type('Test123!');\ncy.get(\"div[data-test='first-name-error']\").should('have.text', 'First name is required');\ncy.get(\"div[data-test='first-name-error']\").invoke('attr', 'color').should('eq', '#f8d7da');\ncy.get(\"div[data-test='last-name-error']\").should('have.text', 'last name is required');\ncy.get(\"div[data-test='last-name-error']\").invoke('attr', 'color').should('eq', '#f8d7da');",
              "err": {
                "message": "AssertionError: Timed out retrying after 4000ms: expected 'https://practicesoftwaretesting.com/auth/register' to equal 'auth/register'",
                "estack": "AssertionError: Timed out retrying after 4000ms: expected 'https://practicesoftwaretesting.com/auth/register' to equal 'auth/register'\n    at Context.eval (webpack:///./cypress/e2e/UserMembership/SignUp/Registration.cy.js:24:13)",
                "diff": "- 'https://practicesoftwaretesting.com/auth/register'\n+ 'auth/register'\n"
              },
              "uuid": "4795bae2-db7f-4871-8d7d-20741645a5af",
              "parentUUID": "8429f224-2602-465f-a09c-97b2aeadea98",
              "isHook": false,
              "skipped": false
            },
            {
              "title": "[003-0007][Invalid] Register User with invalid year(e.g:12/24/275760)",
              "fullTitle": "Registration TestSuite [003-0007][Invalid] Register User with invalid year(e.g:12/24/275760)",
              "timedOut": null,
              "duration": 5519,
              "state": "failed",
              "speed": null,
              "pass": false,
              "fail": true,
              "pending": false,
              "context": null,
              "code": "cy.visit('/auth/login');\ncy.get(\"a[aria-label='Register your account']\").should('be.visible').and('not.be.disabled').click();\ncy.url().should('eq', 'auth/register');\ncy.get('input[id=\"first_name\"]').should('be.null').and('not.be.disabled').type(_faker.faker.person.firstName);\ncy.get('input[id=\"last_name\"]').should('be.null').and('not.be.disabled').type(_faker.faker.person.lastName);\ncy.get('input[id=\"dob\"]').should('be.visible').and('not.be.disabled').type('12/24/275760');\ncy.get('input[id=\"address\"]').should('be.visible').and('not.be.disabled').type('St.01');\ncy.get('input[id=\"postcode\"]').should('be.visible').and('not.be.disabled').type('1000');\ncy.get('input[id=\"city\"]').should('be.visible').and('not.be.disabled').type('Buffalo');\ncy.get('input[id=\"state\"]').should('be.visible').and('not.be.disabled').type('NewYork');\ncy.get('select[id=\"country\"]').select(\"US\");\ncy.get('input[id=\"phone\"]').should('be.visible').should('be.null').type(\"+123456789\");\ncy.get('input[id=\"email\"]').should('be.visible').type(\"test@test.com\");\ncy.get('input[id=\"password\"]').should('be.visible').and('not.be.disabled').type('Test123!');\ncy.get(\".alert.alert-danger.mt-3\").should('have.text', 'Date of Birth is required');\ncy.get(\".alert.alert-danger.mt-3\").invoke('attr', 'color').should('eq', '#f8d7da');",
              "err": {
                "message": "AssertionError: Timed out retrying after 4000ms: expected 'https://practicesoftwaretesting.com/auth/register' to equal 'auth/register'",
                "estack": "AssertionError: Timed out retrying after 4000ms: expected 'https://practicesoftwaretesting.com/auth/register' to equal 'auth/register'\n    at Context.eval (webpack:///./cypress/e2e/UserMembership/SignUp/Registration.cy.js:43:13)",
                "diff": "- 'https://practicesoftwaretesting.com/auth/register'\n+ 'auth/register'\n"
              },
              "uuid": "dd58bbb0-38dc-4857-b480-4d498687117c",
              "parentUUID": "8429f224-2602-465f-a09c-97b2aeadea98",
              "isHook": false,
              "skipped": false
            },
            {
              "title": "[003-0008][Invalid] Register User with Post Code That has null value",
              "fullTitle": "Registration TestSuite [003-0008][Invalid] Register User with Post Code That has null value",
              "timedOut": null,
              "duration": 4941,
              "state": "failed",
              "speed": null,
              "pass": false,
              "fail": true,
              "pending": false,
              "context": null,
              "code": "cy.visit('/auth/login');\ncy.get(\"a[aria-label='Register your account']\").should('be.visible').and('not.be.disabled').click();\ncy.url().should('eq', 'auth/register');\ncy.get('input[id=\"dob\"]').should('be.visible').and('not.be.disabled').type('12/24/275760');\ncy.get('input[id=\"address\"]').should('be.visible').and('not.be.disabled').type('St.01');\ncy.get('input[id=\"city\"]').should('be.visible').and('not.be.disabled').type('Buffalo');\ncy.get('input[id=\"state\"]').should('be.visible').and('not.be.disabled').type('NewYork');\ncy.get('select[id=\"country\"]').select(\"US\");\ncy.get('input[id=\"phone\"]').should('be.visible').should('be.null').type(\"+123456789\");\ncy.get('input[id=\"email\"]').should('be.visible').type(\"test@test.com\");\ncy.get('input[id=\"password\"]').should('be.visible').and('not.be.disabled').type('Test123!');\ncy.get(\"div[data-test='postcode-error']\").should('have.text', 'Postcode is required');\ncy.get(\"div[data-test='postcode-error']\").invoke('attr', 'color').should('eq', '#f8d7da');",
              "err": {
                "message": "AssertionError: Timed out retrying after 4000ms: expected 'https://practicesoftwaretesting.com/auth/register' to equal 'auth/register'",
                "estack": "AssertionError: Timed out retrying after 4000ms: expected 'https://practicesoftwaretesting.com/auth/register' to equal 'auth/register'\n    at Context.eval (webpack:///./cypress/e2e/UserMembership/SignUp/Registration.cy.js:63:13)",
                "diff": "- 'https://practicesoftwaretesting.com/auth/register'\n+ 'auth/register'\n"
              },
              "uuid": "f2442222-7e87-4f19-8069-e43e33ba2d62",
              "parentUUID": "8429f224-2602-465f-a09c-97b2aeadea98",
              "isHook": false,
              "skipped": false
            },
            {
              "title": "[003-0009][Invalid] Register User with city equals to NULL",
              "fullTitle": "Registration TestSuite [003-0009][Invalid] Register User with city equals to NULL",
              "timedOut": null,
              "duration": 4985,
              "state": "failed",
              "speed": null,
              "pass": false,
              "fail": true,
              "pending": false,
              "context": null,
              "code": "cy.visit('/auth/login');\ncy.get(\"a[aria-label='Register your account']\").should('be.visible').and('not.be.disabled').click();\ncy.url().should('eq', 'auth/register');\ncy.get('input[id=\"dob\"]').should('be.visible').and('not.be.disabled').type('12/24/275760');\ncy.get('input[id=\"address\"]').should('be.visible').and('not.be.disabled').type('St.01');\ncy.get('input[id=\"postcode\"]').should('be.visible').and('not.be.disabled').type('1000');\ncy.get('input[id=\"state\"]').should('be.visible').and('not.be.disabled').type('NewYork');\ncy.get('select[id=\"country\"]').select(\"US\");\ncy.get('input[id=\"phone\"]').should('be.visible').should('be.null').type(\"+123456789\");\ncy.get('input[id=\"email\"]').should('be.visible').type(\"test@test.com\");\ncy.get('input[id=\"password\"]').should('be.visible').and('not.be.disabled').type('Test123!');\ncy.get(\"div[data-test='city-error']\").should('have.text', 'City is required');\ncy.get(\"div[data-test='city-error']\").invoke('attr', 'color').should('eq', '#f8d7da');",
              "err": {
                "message": "AssertionError: Timed out retrying after 4000ms: expected 'https://practicesoftwaretesting.com/auth/register' to equal 'auth/register'",
                "estack": "AssertionError: Timed out retrying after 4000ms: expected 'https://practicesoftwaretesting.com/auth/register' to equal 'auth/register'\n    at Context.eval (webpack:///./cypress/e2e/UserMembership/SignUp/Registration.cy.js:79:13)",
                "diff": "- 'https://practicesoftwaretesting.com/auth/register'\n+ 'auth/register'\n"
              },
              "uuid": "5ad63e8b-d183-4048-ae99-f4c5d023d3ba",
              "parentUUID": "8429f224-2602-465f-a09c-97b2aeadea98",
              "isHook": false,
              "skipped": false
            },
            {
              "title": "[003-0010][Invalid] Register User without choosing a country",
              "fullTitle": "Registration TestSuite [003-0010][Invalid] Register User without choosing a country",
              "timedOut": null,
              "duration": 4932,
              "state": "failed",
              "speed": null,
              "pass": false,
              "fail": true,
              "pending": false,
              "context": null,
              "code": "cy.visit('/auth/login');\ncy.get(\"a[aria-label='Register your account']\").should('be.visible').and('not.be.disabled').click();\ncy.url().should('eq', 'auth/register');\ncy.get('input[id=\"first_name\"]').should('be.null').and('not.be.disabled').type(_faker.faker.person.firstName);\ncy.get('input[id=\"last_name\"]').should('be.null').and('not.be.disabled').type(_faker.faker.person.lastName);\ncy.get('input[id=\"dob\"]').should('be.visible').and('not.be.disabled').type(_faker.faker.date);\ncy.get('input[id=\"address\"]').should('be.visible').and('not.be.disabled').type(_faker.faker.location.streetAddress);\ncy.get('input[id=\"postcode\"]').should('be.visible').and('not.be.disabled').type(_faker.faker.location.zipCode);\ncy.get('input[id=\"city\"]').should('be.visible').and('not.be.disabled').type(_faker.faker.location.city);\ncy.get('input[id=\"state\"]').should('be.visible').and('not.be.disabled').type(_faker.faker.location.state);\ncy.get('input[id=\"phone\"]').should('be.visible').should('be.null').type(_faker.faker.phone.number);\ncy.get('input[id=\"email\"]').should('be.visible').type(\"test@test.com\");\ncy.get('input[id=\"password\"]').should('be.visible').and('not.be.disabled').type('H3lp1111!');\ncy.get(\"button[type='submit']\").should('be.visible').and('not.be.disabled').click();\ncy.get(\"div[data-test='country-error']\").should('be.visible').and('have.value', 'Country is required');",
              "err": {
                "message": "AssertionError: Timed out retrying after 4000ms: expected 'https://practicesoftwaretesting.com/auth/register' to equal 'auth/register'",
                "estack": "AssertionError: Timed out retrying after 4000ms: expected 'https://practicesoftwaretesting.com/auth/register' to equal 'auth/register'\n    at Context.eval (webpack:///./cypress/e2e/UserMembership/SignUp/Registration.cy.js:96:13)",
                "diff": "- 'https://practicesoftwaretesting.com/auth/register'\n+ 'auth/register'\n"
              },
              "uuid": "2330d5a4-b593-46ee-b5d4-818a043600f8",
              "parentUUID": "8429f224-2602-465f-a09c-97b2aeadea98",
              "isHook": false,
              "skipped": false
            },
            {
              "title": "[003-0011][Invalid] Register User with  blank phone number",
              "fullTitle": "Registration TestSuite [003-0011][Invalid] Register User with  blank phone number",
              "timedOut": null,
              "duration": 4937,
              "state": "failed",
              "speed": null,
              "pass": false,
              "fail": true,
              "pending": false,
              "context": null,
              "code": "cy.visit('/auth/login');\ncy.get(\"a[aria-label='Register your account']\").should('be.visible').and('not.be.disabled').click();\ncy.url().should('eq', 'auth/register');\ncy.get('input[id=\"first_name\"]').should('be.null').and('not.be.disabled').type(_faker.faker.person.firstName);\ncy.get('input[id=\"last_name\"]').should('be.null').and('not.be.disabled').type(_faker.faker.person.lastName);\ncy.get('input[id=\"dob\"]').should('be.visible').and('not.be.disabled').type(_faker.faker.date);\ncy.get('input[id=\"address\"]').should('be.visible').and('not.be.disabled').type(_faker.faker.location.streetAddress);\ncy.get('input[id=\"postcode\"]').should('be.visible').and('not.be.disabled').type(_faker.faker.location.zipCode);\ncy.get('input[id=\"city\"]').should('be.visible').and('not.be.disabled').type(_faker.faker.location.city);\ncy.get('input[id=\"state\"]').should('be.visible').and('not.be.disabled').type(_faker.faker.location.state);\ncy.get('select[id=\"country\"]').select(\"US\");\ncy.get('input[id=\"email\"]').should('be.visible').type(\"test@test.com\");\ncy.get('input[id=\"password\"]').should('be.visible').and('not.be.disabled').type('H3lp1111!');\ncy.get(\"button[type='submit']\").should('be.visible').and('not.be.disabled').click();\ncy.get(\"div[data-test='country-error']\").should('be.visible').and('have.text', 'Phone is required.');",
              "err": {
                "message": "AssertionError: Timed out retrying after 4000ms: expected 'https://practicesoftwaretesting.com/auth/register' to equal 'auth/register'",
                "estack": "AssertionError: Timed out retrying after 4000ms: expected 'https://practicesoftwaretesting.com/auth/register' to equal 'auth/register'\n    at Context.eval (webpack:///./cypress/e2e/UserMembership/SignUp/Registration.cy.js:113:13)",
                "diff": "- 'https://practicesoftwaretesting.com/auth/register'\n+ 'auth/register'\n"
              },
              "uuid": "bfa617a7-d756-450d-a32a-e3ec5afb8c94",
              "parentUUID": "8429f224-2602-465f-a09c-97b2aeadea98",
              "isHook": false,
              "skipped": false
            },
            {
              "title": "[003-0012][Invalid] Register User with  string data ",
              "fullTitle": "Registration TestSuite [003-0012][Invalid] Register User with  string data ",
              "timedOut": null,
              "duration": 5045,
              "state": "failed",
              "speed": null,
              "pass": false,
              "fail": true,
              "pending": false,
              "context": null,
              "code": "cy.visit('/auth/login');\ncy.get(\"a[aria-label='Register your account']\").should('be.visible').and('not.be.disabled').click();\ncy.url().should('eq', 'auth/register');\ncy.get('input[id=\"first_name\"]').should('be.null').and('not.be.disabled').type(_faker.faker.person.firstName);\ncy.get('input[id=\"last_name\"]').should('be.null').and('not.be.disabled').type(_faker.faker.person.lastName);\ncy.get('input[id=\"dob\"]').should('be.visible').and('not.be.disabled').type(_faker.faker.date);\ncy.get('input[id=\"address\"]').should('be.visible').and('not.be.disabled').type(_faker.faker.location.streetAddress);\ncy.get('input[id=\"postcode\"]').should('be.visible').and('not.be.disabled').type(_faker.faker.location.zipCode);\ncy.get('input[id=\"city\"]').should('be.visible').and('not.be.disabled').type(_faker.faker.location.city);\ncy.get('input[id=\"state\"]').should('be.visible').and('not.be.disabled').type(_faker.faker.location.state);\ncy.get('select[id=\"country\"]').select(\"US\");\ncy.get('input[id=\"phone\"]').should('be.visible').should('be.null').type('jb');\ncy.get('input[id=\"email\"]').should('be.visible').type(\"test@test.com\");\ncy.get('input[id=\"password\"]').should('be.visible').and('not.be.disabled').type('H3lp1111!');\ncy.get(\"button[type='submit']\").should('be.visible').and('not.be.disabled').click();\ncy.get(\"div[data-test='country-error']\").should('be.visible').and('have.text', 'Only numbers are allowed.');",
              "err": {
                "message": "AssertionError: Timed out retrying after 4000ms: expected 'https://practicesoftwaretesting.com/auth/register' to equal 'auth/register'",
                "estack": "AssertionError: Timed out retrying after 4000ms: expected 'https://practicesoftwaretesting.com/auth/register' to equal 'auth/register'\n    at Context.eval (webpack:///./cypress/e2e/UserMembership/SignUp/Registration.cy.js:130:13)",
                "diff": "- 'https://practicesoftwaretesting.com/auth/register'\n+ 'auth/register'\n"
              },
              "uuid": "8889ce34-0af0-4afc-97ea-f35bb5baf301",
              "parentUUID": "8429f224-2602-465f-a09c-97b2aeadea98",
              "isHook": false,
              "skipped": false
            },
            {
              "title": "[003-0012][Invalid] Register User with special characters like + or -",
              "fullTitle": "Registration TestSuite [003-0012][Invalid] Register User with special characters like + or -",
              "timedOut": null,
              "duration": 5054,
              "state": "failed",
              "speed": null,
              "pass": false,
              "fail": true,
              "pending": false,
              "context": null,
              "code": "cy.visit('/auth/login');\ncy.get(\"a[aria-label='Register your account']\").should('be.visible').and('not.be.disabled').click();\ncy.url().should('eq', 'auth/register');\ncy.get('input[id=\"first_name\"]').should('be.null').and('not.be.disabled').type(_faker.faker.person.firstName);\ncy.get('input[id=\"last_name\"]').should('be.null').and('not.be.disabled').type(_faker.faker.person.lastName);\ncy.get('input[id=\"dob\"]').should('be.visible').and('not.be.disabled').type(_faker.faker.date);\ncy.get('input[id=\"address\"]').should('be.visible').and('not.be.disabled').type(_faker.faker.location.streetAddress);\ncy.get('input[id=\"postcode\"]').should('be.visible').and('not.be.disabled').type(_faker.faker.location.zipCode);\ncy.get('input[id=\"city\"]').should('be.visible').and('not.be.disabled').type(_faker.faker.location.city);\ncy.get('input[id=\"state\"]').should('be.visible').and('not.be.disabled').type(_faker.faker.location.state);\ncy.get('select[id=\"country\"]').select(\"US\");\ncy.get('input[id=\"phone\"]').should('be.visible').should('be.null').type('+');\ncy.get('input[id=\"email\"]').should('be.visible').type(\"test@test.com\");\ncy.get('input[id=\"password\"]').should('be.visible').and('not.be.disabled').type('H3lp1111!');\ncy.get(\"button[type='submit']\").should('be.visible').and('not.be.disabled').click();\ncy.get(\"div[data-test='country-error']\").should('be.visible').and('have.text', 'Only numbers are allowed.');",
              "err": {
                "message": "AssertionError: Timed out retrying after 4000ms: expected 'https://practicesoftwaretesting.com/auth/register' to equal 'auth/register'",
                "estack": "AssertionError: Timed out retrying after 4000ms: expected 'https://practicesoftwaretesting.com/auth/register' to equal 'auth/register'\n    at Context.eval (webpack:///./cypress/e2e/UserMembership/SignUp/Registration.cy.js:149:13)",
                "diff": "- 'https://practicesoftwaretesting.com/auth/register'\n+ 'auth/register'\n"
              },
              "uuid": "d29794ed-be92-45f4-ab56-d61359410bb7",
              "parentUUID": "8429f224-2602-465f-a09c-97b2aeadea98",
              "isHook": false,
              "skipped": false
            },
            {
              "title": "[003-0015][Invalid] Register User with blank email address.",
              "fullTitle": "Registration TestSuite [003-0015][Invalid] Register User with blank email address.",
              "timedOut": null,
              "duration": 5182,
              "state": "failed",
              "speed": null,
              "pass": false,
              "fail": true,
              "pending": false,
              "context": null,
              "code": "cy.visit('/auth/login');\ncy.get(\"a[aria-label='Register your account']\").should('be.visible').and('not.be.disabled').click();\ncy.url().should('eq', 'auth/register');\ncy.get('input[id=\"first_name\"]').should('be.null').and('not.be.disabled').type(_faker.faker.person.firstName);\ncy.get('input[id=\"last_name\"]').should('be.null').and('not.be.disabled').type(_faker.faker.person.lastName);\ncy.get('input[id=\"dob\"]').should('be.visible').and('not.be.disabled').type(_faker.faker.date);\ncy.get('input[id=\"address\"]').should('be.visible').and('not.be.disabled').type(_faker.faker.location.streetAddress);\ncy.get('input[id=\"postcode\"]').should('be.visible').and('not.be.disabled').type(_faker.faker.location.zipCode);\ncy.get('input[id=\"city\"]').should('be.visible').and('not.be.disabled').type(_faker.faker.location.city);\ncy.get('input[id=\"state\"]').should('be.visible').and('not.be.disabled').type(_faker.faker.location.state);\ncy.get('select[id=\"country\"]').select(\"US\");\ncy.get('input[id=\"phone\"]').should('be.visible').should('be.null').type(_faker.faker.phone.number);\ncy.get('input[id=\"password\"]').should('be.visible').and('not.be.disabled').type('H3lp1111!');\ncy.get(\"button[type='submit']\").should('be.visible').and('not.be.disabled').click();\ncy.get(\"div[data-test='email-error']\").should('have.text', \"Email is required\").and('be.visible');",
              "err": {
                "message": "AssertionError: Timed out retrying after 4000ms: expected 'https://practicesoftwaretesting.com/auth/register' to equal 'auth/register'",
                "estack": "AssertionError: Timed out retrying after 4000ms: expected 'https://practicesoftwaretesting.com/auth/register' to equal 'auth/register'\n    at Context.eval (webpack:///./cypress/e2e/UserMembership/SignUp/Registration.cy.js:168:13)",
                "diff": "- 'https://practicesoftwaretesting.com/auth/register'\n+ 'auth/register'\n"
              },
              "uuid": "46b8e7d2-d036-4044-a27c-6e8cb54a36a5",
              "parentUUID": "8429f224-2602-465f-a09c-97b2aeadea98",
              "isHook": false,
              "skipped": false
            },
            {
              "title": "[003-0016][Invalid] Register User with invalid email format (e.g “test”,e.g2 “test@test”,eg.3 “test@test,com”).",
              "fullTitle": "Registration TestSuite [003-0016][Invalid] Register User with invalid email format (e.g “test”,e.g2 “test@test”,eg.3 “test@test,com”).",
              "timedOut": null,
              "duration": 4995,
              "state": "failed",
              "speed": null,
              "pass": false,
              "fail": true,
              "pending": false,
              "context": null,
              "code": "cy.visit('/auth/login');\ncy.get(\"a[aria-label='Register your account']\").should('be.visible').and('not.be.disabled').click();\ncy.url().should('eq', 'auth/register');\ncy.get('input[id=\"first_name\"]').should('be.null').and('not.be.disabled').type(_faker.faker.person.firstName);\ncy.get('input[id=\"last_name\"]').should('be.null').and('not.be.disabled').type(_faker.faker.person.lastName);\ncy.get('input[id=\"dob\"]').should('be.visible').and('not.be.disabled').type(_faker.faker.date);\ncy.get('input[id=\"address\"]').should('be.visible').and('not.be.disabled').type(_faker.faker.location.streetAddress);\ncy.get('input[id=\"postcode\"]').should('be.visible').and('not.be.disabled').type(_faker.faker.location.zipCode);\ncy.get('input[id=\"city\"]').should('be.visible').and('not.be.disabled').type(_faker.faker.location.city);\ncy.get('input[id=\"state\"]').should('be.visible').and('not.be.disabled').type(_faker.faker.location.state);\ncy.get('select[id=\"country\"]').select(\"US\");\ncy.get('input[id=\"phone\"]').should('be.visible').should('be.null').type(_faker.faker.phone.number);\ncy.get('input[id=\"email\"]').should('be.visible').type(\"test\");\ncy.get('input[id=\"password\"]').should('be.visible').and('not.be.disabled').type('H3lp1111!');\ncy.get(\"button[type='submit']\").should('be.visible').and('not.be.disabled').click();\ncy.url().should('eq', 'auth/login');",
              "err": {
                "message": "AssertionError: Timed out retrying after 4000ms: expected 'https://practicesoftwaretesting.com/auth/register' to equal 'auth/register'",
                "estack": "AssertionError: Timed out retrying after 4000ms: expected 'https://practicesoftwaretesting.com/auth/register' to equal 'auth/register'\n    at Context.eval (webpack:///./cypress/e2e/UserMembership/SignUp/Registration.cy.js:186:13)",
                "diff": "- 'https://practicesoftwaretesting.com/auth/register'\n+ 'auth/register'\n"
              },
              "uuid": "38c93cff-f34d-49ba-94ad-be6e337219e2",
              "parentUUID": "8429f224-2602-465f-a09c-97b2aeadea98",
              "isHook": false,
              "skipped": false
            },
            {
              "title": "[003-0016][Invalid] Register User with invalid email format (e.g “test”,e.g2 “test@test”,eg.3 “test@test,com”).",
              "fullTitle": "Registration TestSuite [003-0016][Invalid] Register User with invalid email format (e.g “test”,e.g2 “test@test”,eg.3 “test@test,com”).",
              "timedOut": null,
              "duration": 5137,
              "state": "failed",
              "speed": null,
              "pass": false,
              "fail": true,
              "pending": false,
              "context": null,
              "code": "cy.visit('/auth/login');\ncy.get(\"a[aria-label='Register your account']\").should('be.visible').and('not.be.disabled').click();\ncy.url().should('eq', 'auth/register');\ncy.get('input[id=\"first_name\"]').should('be.null').and('not.be.disabled').type(_faker.faker.person.firstName);\ncy.get('input[id=\"last_name\"]').should('be.null').and('not.be.disabled').type(_faker.faker.person.lastName);\ncy.get('input[id=\"dob\"]').should('be.visible').and('not.be.disabled').type(_faker.faker.date);\ncy.get('input[id=\"address\"]').should('be.visible').and('not.be.disabled').type(_faker.faker.location.streetAddress);\ncy.get('input[id=\"postcode\"]').should('be.visible').and('not.be.disabled').type(_faker.faker.location.zipCode);\ncy.get('input[id=\"city\"]').should('be.visible').and('not.be.disabled').type(_faker.faker.location.city);\ncy.get('input[id=\"state\"]').should('be.visible').and('not.be.disabled').type(_faker.faker.location.state);\ncy.get('select[id=\"country\"]').select(\"US\");\ncy.get('input[id=\"phone\"]').should('be.visible').should('be.null').type(_faker.faker.phone.number);\ncy.get('input[id=\"email\"]').should('be.visible').type(\"test@test\");\ncy.get('input[id=\"password\"]').should('be.visible').and('not.be.disabled').type('H3lp1111!');\ncy.get(\"button[type='submit']\").should('be.visible').and('not.be.disabled').click();\ncy.url().should('eq', 'auth/login');",
              "err": {
                "message": "AssertionError: Timed out retrying after 4000ms: expected 'https://practicesoftwaretesting.com/auth/register' to equal 'auth/register'",
                "estack": "AssertionError: Timed out retrying after 4000ms: expected 'https://practicesoftwaretesting.com/auth/register' to equal 'auth/register'\n    at Context.eval (webpack:///./cypress/e2e/UserMembership/SignUp/Registration.cy.js:204:13)",
                "diff": "- 'https://practicesoftwaretesting.com/auth/register'\n+ 'auth/register'\n"
              },
              "uuid": "79b07a03-23cb-4c9c-b453-539cf379d30b",
              "parentUUID": "8429f224-2602-465f-a09c-97b2aeadea98",
              "isHook": false,
              "skipped": false
            },
            {
              "title": "[003-0016][Invalid] Register User with invalid email format (e.g “test”,e.g2 “test@test”,eg.3 “test@test,com”).",
              "fullTitle": "Registration TestSuite [003-0016][Invalid] Register User with invalid email format (e.g “test”,e.g2 “test@test”,eg.3 “test@test,com”).",
              "timedOut": null,
              "duration": 5075,
              "state": "failed",
              "speed": null,
              "pass": false,
              "fail": true,
              "pending": false,
              "context": null,
              "code": "cy.visit('/auth/login');\ncy.get(\"a[aria-label='Register your account']\").should('be.visible').and('not.be.disabled').click();\ncy.url().should('eq', 'auth/register');\ncy.get('input[id=\"first_name\"]').should('be.null').and('not.be.disabled').type(_faker.faker.person.firstName);\ncy.get('input[id=\"last_name\"]').should('be.null').and('not.be.disabled').type(_faker.faker.person.lastName);\ncy.get('input[id=\"dob\"]').should('be.visible').and('not.be.disabled').type(_faker.faker.date);\ncy.get('input[id=\"address\"]').should('be.visible').and('not.be.disabled').type(_faker.faker.location.streetAddress);\ncy.get('input[id=\"postcode\"]').should('be.visible').and('not.be.disabled').type(_faker.faker.location.zipCode);\ncy.get('input[id=\"city\"]').should('be.visible').and('not.be.disabled').type(_faker.faker.location.city);\ncy.get('input[id=\"state\"]').should('be.visible').and('not.be.disabled').type(_faker.faker.location.state);\ncy.get('select[id=\"country\"]').select(\"US\");\ncy.get('input[id=\"phone\"]').should('be.visible').should('be.null').type(_faker.faker.phone.number);\ncy.get('input[id=\"email\"]').should('be.visible').type(\"test@test,com\");\ncy.get('input[id=\"password\"]').should('be.visible').and('not.be.disabled').type('H3lp1111!');\ncy.get(\"button[type='submit']\").should('be.visible').and('not.be.disabled').click();\ncy.url().should('eq', 'auth/login');",
              "err": {
                "message": "AssertionError: Timed out retrying after 4000ms: expected 'https://practicesoftwaretesting.com/auth/register' to equal 'auth/register'",
                "estack": "AssertionError: Timed out retrying after 4000ms: expected 'https://practicesoftwaretesting.com/auth/register' to equal 'auth/register'\n    at Context.eval (webpack:///./cypress/e2e/UserMembership/SignUp/Registration.cy.js:222:13)",
                "diff": "- 'https://practicesoftwaretesting.com/auth/register'\n+ 'auth/register'\n"
              },
              "uuid": "268529ae-8dd0-4ec5-b567-e12df660a8b4",
              "parentUUID": "8429f224-2602-465f-a09c-97b2aeadea98",
              "isHook": false,
              "skipped": false
            },
            {
              "title": "[003-0016][Invalid] Register User with invalid email format (e.g “test”,e.g2 “test@test”,eg.3 “test@test,com”).",
              "fullTitle": "Registration TestSuite [003-0016][Invalid] Register User with invalid email format (e.g “test”,e.g2 “test@test”,eg.3 “test@test,com”).",
              "timedOut": null,
              "duration": 5675,
              "state": "failed",
              "speed": null,
              "pass": false,
              "fail": true,
              "pending": false,
              "context": null,
              "code": "cy.visit('/auth/login');\ncy.get(\"a[aria-label='Register your account']\").should('be.visible').and('not.be.disabled').click();\ncy.url().should('eq', 'auth/register');\ncy.get('input[id=\"first_name\"]').should('be.null').and('not.be.disabled').type(_faker.faker.person.firstName);\ncy.get('input[id=\"last_name\"]').should('be.null').and('not.be.disabled').type(_faker.faker.person.lastName);\ncy.get('input[id=\"dob\"]').should('be.visible').and('not.be.disabled').type(_faker.faker.date);\ncy.get('input[id=\"address\"]').should('be.visible').and('not.be.disabled').type(_faker.faker.location.streetAddress);\ncy.get('input[id=\"postcode\"]').should('be.visible').and('not.be.disabled').type(_faker.faker.location.zipCode);\ncy.get('input[id=\"city\"]').should('be.visible').and('not.be.disabled').type(_faker.faker.location.city);\ncy.get('input[id=\"state\"]').should('be.visible').and('not.be.disabled').type(_faker.faker.location.state);\ncy.get('select[id=\"country\"]').select(\"US\");\ncy.get('input[id=\"phone\"]').should('be.visible').should('be.null').type(_faker.faker.phone.number);\ncy.get('input[id=\"email\"]').should('be.visible').type(\"test@test,com\");\ncy.get('input[id=\"password\"]').should('be.visible').and('not.be.disabled').type('H3lp1111!');\ncy.get(\"button[type='submit']\").should('be.visible').and('not.be.disabled').click();\ncy.get(\"div[data-test='email-error']\").should('be.visible').and('have.text', 'invalid email format');",
              "err": {
                "message": "AssertionError: Timed out retrying after 4000ms: expected 'https://practicesoftwaretesting.com/auth/register' to equal 'auth/register'",
                "estack": "AssertionError: Timed out retrying after 4000ms: expected 'https://practicesoftwaretesting.com/auth/register' to equal 'auth/register'\n    at Context.eval (webpack:///./cypress/e2e/UserMembership/SignUp/Registration.cy.js:240:13)",
                "diff": "- 'https://practicesoftwaretesting.com/auth/register'\n+ 'auth/register'\n"
              },
              "uuid": "b38cc356-4449-42a8-9432-daf4ca079fef",
              "parentUUID": "8429f224-2602-465f-a09c-97b2aeadea98",
              "isHook": false,
              "skipped": false
            },
            {
              "title": "[003-0017][invalid] Register User with invalid password length (password length less than 8)",
              "fullTitle": "Registration TestSuite [003-0017][invalid] Register User with invalid password length (password length less than 8)",
              "timedOut": null,
              "duration": 5013,
              "state": "failed",
              "speed": null,
              "pass": false,
              "fail": true,
              "pending": false,
              "context": null,
              "code": "cy.visit('/auth/login');\ncy.get(\"a[aria-label='Register your account']\").should('be.visible').and('not.be.disabled').click();\ncy.url().should('eq', 'auth/register');\ncy.get('input[id=\"first_name\"]').should('be.null').and('not.be.disabled').type(_faker.faker.person.firstName);\ncy.get('input[id=\"last_name\"]').should('be.null').and('not.be.disabled').type(_faker.faker.person.lastName);\ncy.get('input[id=\"dob\"]').should('be.visible').and('not.be.disabled').type(_faker.faker.date);\ncy.get('input[id=\"address\"]').should('be.visible').and('not.be.disabled').type(_faker.faker.location.streetAddress);\ncy.get('input[id=\"postcode\"]').should('be.visible').and('not.be.disabled').type(_faker.faker.location.zipCode);\ncy.get('input[id=\"city\"]').should('be.visible').and('not.be.disabled').type(_faker.faker.location.city);\ncy.get('input[id=\"state\"]').should('be.visible').and('not.be.disabled').type(_faker.faker.location.state);\ncy.get('select[id=\"country\"]').select(\"US\");\ncy.get('input[id=\"phone\"]').should('be.visible').should('be.null').type(_faker.faker.phone.number);\ncy.get('input[id=\"email\"]').should('be.visible').type(\"test@test,com\");\ncy.get('input[id=\"password\"]').should('be.visible').and('not.be.disabled').type('H3lp!');\ncy.get(\"button[type='submit']\").should('be.visible').and('not.be.disabled').click();\ncy.get(\"div[data-test='password-error']\").should('be.visible').and('have.text', 'Password is required Password must be minimal 6 characters long. Password can not include invalid characters.');",
              "err": {
                "message": "AssertionError: Timed out retrying after 4000ms: expected 'https://practicesoftwaretesting.com/auth/register' to equal 'auth/register'",
                "estack": "AssertionError: Timed out retrying after 4000ms: expected 'https://practicesoftwaretesting.com/auth/register' to equal 'auth/register'\n    at Context.eval (webpack:///./cypress/e2e/UserMembership/SignUp/Registration.cy.js:258:13)",
                "diff": "- 'https://practicesoftwaretesting.com/auth/register'\n+ 'auth/register'\n"
              },
              "uuid": "8b7899ea-f504-4f36-b161-f1f6b0fd99b8",
              "parentUUID": "8429f224-2602-465f-a09c-97b2aeadea98",
              "isHook": false,
              "skipped": false
            },
            {
              "title": "[003-0018] Register User with password that does not Contain both uppercase and lowercase letters[UPPERCASE LETTERS ONLY]",
              "fullTitle": "Registration TestSuite [003-0018] Register User with password that does not Contain both uppercase and lowercase letters[UPPERCASE LETTERS ONLY]",
              "timedOut": null,
              "duration": 5298,
              "state": "failed",
              "speed": null,
              "pass": false,
              "fail": true,
              "pending": false,
              "context": null,
              "code": "cy.visit('/auth/login');\ncy.get(\"a[aria-label='Register your account']\").should('be.visible').and('not.be.disabled').click();\ncy.url().should('eq', 'auth/register');\ncy.get('input[id=\"first_name\"]').should('be.null').and('not.be.disabled').type(_faker.faker.person.firstName);\ncy.get('input[id=\"last_name\"]').should('be.null').and('not.be.disabled').type(_faker.faker.person.lastName);\ncy.get('input[id=\"dob\"]').should('be.visible').and('not.be.disabled').type(_faker.faker.date);\ncy.get('input[id=\"address\"]').should('be.visible').and('not.be.disabled').type(_faker.faker.location.streetAddress);\ncy.get('input[id=\"postcode\"]').should('be.visible').and('not.be.disabled').type(_faker.faker.location.zipCode);\ncy.get('input[id=\"city\"]').should('be.visible').and('not.be.disabled').type(_faker.faker.location.city);\ncy.get('input[id=\"state\"]').should('be.visible').and('not.be.disabled').type(_faker.faker.location.state);\ncy.get('select[id=\"country\"]').select(\"US\");\ncy.get('input[id=\"phone\"]').should('be.visible').should('be.null').type(_faker.faker.phone.number);\ncy.get('input[id=\"email\"]').should('be.visible').type(\"test@test,com\");\ncy.get('input[id=\"password\"]').should('be.visible').and('not.be.disabled').type('OJGWEOGKWEGPKQFWE!Q342');\ncy.get(\"button[type='submit']\").should('be.visible').and('not.be.disabled').click();\ncy.get(\"div[data-test='password-error']\").should('be.visible').and('have.text', 'Password can not include invalid characters.');",
              "err": {
                "message": "AssertionError: Timed out retrying after 4000ms: expected 'https://practicesoftwaretesting.com/auth/register' to equal 'auth/register'",
                "estack": "AssertionError: Timed out retrying after 4000ms: expected 'https://practicesoftwaretesting.com/auth/register' to equal 'auth/register'\n    at Context.eval (webpack:///./cypress/e2e/UserMembership/SignUp/Registration.cy.js:278:13)",
                "diff": "- 'https://practicesoftwaretesting.com/auth/register'\n+ 'auth/register'\n"
              },
              "uuid": "250865ab-421d-493e-a8f4-d53d253dd1b6",
              "parentUUID": "8429f224-2602-465f-a09c-97b2aeadea98",
              "isHook": false,
              "skipped": false
            },
            {
              "title": "[003-0019] Register User with password that does not Contain both uppercase and lowercase letters[lowercase only]",
              "fullTitle": "Registration TestSuite [003-0019] Register User with password that does not Contain both uppercase and lowercase letters[lowercase only]",
              "timedOut": null,
              "duration": 5632,
              "state": "failed",
              "speed": null,
              "pass": false,
              "fail": true,
              "pending": false,
              "context": null,
              "code": "cy.visit('/auth/login');\ncy.get(\"a[aria-label='Register your account']\").should('be.visible').and('not.be.disabled').click();\ncy.url().should('eq', 'auth/register');\ncy.get('input[id=\"first_name\"]').should('be.null').and('not.be.disabled').type(_faker.faker.person.firstName);\ncy.get('input[id=\"last_name\"]').should('be.null').and('not.be.disabled').type(_faker.faker.person.lastName);\ncy.get('input[id=\"dob\"]').should('be.visible').and('not.be.disabled').type(_faker.faker.date);\ncy.get('input[id=\"address\"]').should('be.visible').and('not.be.disabled').type(_faker.faker.location.streetAddress);\ncy.get('input[id=\"postcode\"]').should('be.visible').and('not.be.disabled').type(_faker.faker.location.zipCode);\ncy.get('input[id=\"city\"]').should('be.visible').and('not.be.disabled').type(_faker.faker.location.city);\ncy.get('input[id=\"state\"]').should('be.visible').and('not.be.disabled').type(_faker.faker.location.state);\ncy.get('select[id=\"country\"]').select(\"US\");\ncy.get('input[id=\"phone\"]').should('be.visible').should('be.null').type(_faker.faker.phone.number);\ncy.get('input[id=\"email\"]').should('be.visible').type(\"test@test,com\");\ncy.get('input[id=\"password\"]').should('be.visible').and('not.be.disabled').type('kjgkjwjkegjkqlemglkwegokloegwmmlwerglmwrb!3');\ncy.get(\"button[type='submit']\").should('be.visible').and('not.be.disabled').click();\ncy.get(\"div[data-test='password-error']\").should('be.visible').and('have.text', 'Password can not include invalid characters.');",
              "err": {
                "message": "AssertionError: Timed out retrying after 4000ms: expected 'https://practicesoftwaretesting.com/auth/register' to equal 'auth/register'",
                "estack": "AssertionError: Timed out retrying after 4000ms: expected 'https://practicesoftwaretesting.com/auth/register' to equal 'auth/register'\n    at Context.eval (webpack:///./cypress/e2e/UserMembership/SignUp/Registration.cy.js:298:13)",
                "diff": "- 'https://practicesoftwaretesting.com/auth/register'\n+ 'auth/register'\n"
              },
              "uuid": "5e532058-82ea-4a32-9aac-10566e28d1dc",
              "parentUUID": "8429f224-2602-465f-a09c-97b2aeadea98",
              "isHook": false,
              "skipped": false
            },
            {
              "title": "[003-0020] Register User with password that does not Contain numbers",
              "fullTitle": "Registration TestSuite [003-0020] Register User with password that does not Contain numbers",
              "timedOut": null,
              "duration": 5013,
              "state": "failed",
              "speed": null,
              "pass": false,
              "fail": true,
              "pending": false,
              "context": null,
              "code": "cy.visit('/auth/login');\ncy.get(\"a[aria-label='Register your account']\").should('be.visible').and('not.be.disabled').click();\ncy.url().should('eq', 'auth/register');\ncy.get('input[id=\"first_name\"]').should('be.null').and('not.be.disabled').type(_faker.faker.person.firstName);\ncy.get('input[id=\"last_name\"]').should('be.null').and('not.be.disabled').type(_faker.faker.person.lastName);\ncy.get('input[id=\"dob\"]').should('be.visible').and('not.be.disabled').type(_faker.faker.date);\ncy.get('input[id=\"address\"]').should('be.visible').and('not.be.disabled').type(_faker.faker.location.streetAddress);\ncy.get('input[id=\"postcode\"]').should('be.visible').and('not.be.disabled').type(_faker.faker.location.zipCode);\ncy.get('input[id=\"city\"]').should('be.visible').and('not.be.disabled').type(_faker.faker.location.city);\ncy.get('input[id=\"state\"]').should('be.visible').and('not.be.disabled').type(_faker.faker.location.state);\ncy.get('select[id=\"country\"]').select(\"US\");\ncy.get('input[id=\"phone\"]').should('be.visible').should('be.null').type(_faker.faker.phone.number);\ncy.get('input[id=\"email\"]').should('be.visible').type(\"test@test,com\");\ncy.get('input[id=\"password\"]').should('be.visible').and('not.be.disabled').type('kmqpegkpqemgqkmpegmqegkmqeg;kmqegG!');\ncy.get(\"button[type='submit']\").should('be.visible').and('not.be.disabled').click();\ncy.get(\"div[data-test='password-error']\").should('be.visible').and('have.text', 'Password must contain at least one number');",
              "err": {
                "message": "AssertionError: Timed out retrying after 4000ms: expected 'https://practicesoftwaretesting.com/auth/register' to equal 'auth/register'",
                "estack": "AssertionError: Timed out retrying after 4000ms: expected 'https://practicesoftwaretesting.com/auth/register' to equal 'auth/register'\n    at Context.eval (webpack:///./cypress/e2e/UserMembership/SignUp/Registration.cy.js:317:13)",
                "diff": "- 'https://practicesoftwaretesting.com/auth/register'\n+ 'auth/register'\n"
              },
              "uuid": "1f6c59b3-0a65-431b-9261-7a0d5719fc64",
              "parentUUID": "8429f224-2602-465f-a09c-97b2aeadea98",
              "isHook": false,
              "skipped": false
            },
            {
              "title": "[003-0021] Register User with password that does not have any special symbols",
              "fullTitle": "Registration TestSuite [003-0021] Register User with password that does not have any special symbols",
              "timedOut": null,
              "duration": 5172,
              "state": "failed",
              "speed": null,
              "pass": false,
              "fail": true,
              "pending": false,
              "context": null,
              "code": "cy.visit('/auth/login');\ncy.get(\"a[aria-label='Register your account']\").should('be.visible').and('not.be.disabled').click();\ncy.url().should('eq', 'auth/register');\ncy.get('input[id=\"first_name\"]').should('be.null').and('not.be.disabled').type(_faker.faker.person.firstName);\ncy.get('input[id=\"last_name\"]').should('be.null').and('not.be.disabled').type(_faker.faker.person.lastName);\ncy.get('input[id=\"dob\"]').should('be.visible').and('not.be.disabled').type(_faker.faker.date);\ncy.get('input[id=\"address\"]').should('be.visible').and('not.be.disabled').type(_faker.faker.location.streetAddress);\ncy.get('input[id=\"postcode\"]').should('be.visible').and('not.be.disabled').type(_faker.faker.location.zipCode);\ncy.get('input[id=\"city\"]').should('be.visible').and('not.be.disabled').type(_faker.faker.location.city);\ncy.get('input[id=\"state\"]').should('be.visible').and('not.be.disabled').type(_faker.faker.location.state);\ncy.get('select[id=\"country\"]').select(\"US\");\ncy.get('input[id=\"phone\"]').should('be.visible').should('be.null').type(_faker.faker.phone.number);\ncy.get('input[id=\"email\"]').should('be.visible').type(\"test@test,com\");\ncy.get('input[id=\"password\"]').should('be.visible').and('not.be.disabled').type('Kkwergkiwerg2412');\ncy.get(\"button[type='submit']\").should('be.visible').and('not.be.disabled').click();\ncy.get(\"div[data-test='password-error']\").should('be.visible').and('have.text', 'Password must contain at least one Special Character');",
              "err": {
                "message": "AssertionError: Timed out retrying after 4000ms: expected 'https://practicesoftwaretesting.com/auth/register' to equal 'auth/register'",
                "estack": "AssertionError: Timed out retrying after 4000ms: expected 'https://practicesoftwaretesting.com/auth/register' to equal 'auth/register'\n    at Context.eval (webpack:///./cypress/e2e/UserMembership/SignUp/Registration.cy.js:335:13)",
                "diff": "- 'https://practicesoftwaretesting.com/auth/register'\n+ 'auth/register'\n"
              },
              "uuid": "e569303e-5bcb-4af2-a655-c4097d0d863f",
              "parentUUID": "8429f224-2602-465f-a09c-97b2aeadea98",
              "isHook": false,
              "skipped": false
            },
            {
              "title": "[003-0022] Register User with blank password(without adding a password)",
              "fullTitle": "Registration TestSuite [003-0022] Register User with blank password(without adding a password)",
              "timedOut": null,
              "duration": 5133,
              "state": "failed",
              "speed": null,
              "pass": false,
              "fail": true,
              "pending": false,
              "context": null,
              "code": "cy.visit('/auth/login');\ncy.get(\"a[aria-label='Register your account']\").should('be.visible').and('not.be.disabled').click();\ncy.url().should('eq', 'auth/register');\ncy.get('input[id=\"first_name\"]').should('be.null').and('not.be.disabled').type(_faker.faker.person.firstName);\ncy.get('input[id=\"last_name\"]').should('be.null').and('not.be.disabled').type(_faker.faker.person.lastName);\ncy.get('input[id=\"dob\"]').should('be.visible').and('not.be.disabled').type(_faker.faker.date);\ncy.get('input[id=\"address\"]').should('be.visible').and('not.be.disabled').type(_faker.faker.location.streetAddress);\ncy.get('input[id=\"postcode\"]').should('be.visible').and('not.be.disabled').type(_faker.faker.location.zipCode);\ncy.get('input[id=\"city\"]').should('be.visible').and('not.be.disabled').type(_faker.faker.location.city);\ncy.get('input[id=\"state\"]').should('be.visible').and('not.be.disabled').type(_faker.faker.location.state);\ncy.get('select[id=\"country\"]').select(\"US\");\ncy.get('input[id=\"phone\"]').should('be.visible').should('be.null').type(_faker.faker.phone.number);\ncy.get('input[id=\"email\"]').should('be.visible').type(\"test@test,com\");\ncy.get(\"button[type='submit']\").should('be.visible').and('not.be.disabled').click();\ncy.get(\"div[data-test='password-error']\").should('be.visible').and('have.text', 'Password is required Password must be minimal 6 characters long. Password can not include invalid characters.');",
              "err": {
                "message": "AssertionError: Timed out retrying after 4000ms: expected 'https://practicesoftwaretesting.com/auth/register' to equal 'auth/register'",
                "estack": "AssertionError: Timed out retrying after 4000ms: expected 'https://practicesoftwaretesting.com/auth/register' to equal 'auth/register'\n    at Context.eval (webpack:///./cypress/e2e/UserMembership/SignUp/Registration.cy.js:353:13)",
                "diff": "- 'https://practicesoftwaretesting.com/auth/register'\n+ 'auth/register'\n"
              },
              "uuid": "82b0359b-b2f2-41b1-9e90-eb5ba543eac8",
              "parentUUID": "8429f224-2602-465f-a09c-97b2aeadea98",
              "isHook": false,
              "skipped": false
            }
          ],
          "suites": [],
          "passes": [],
          "failures": [
            "fddfc80b-2fca-4607-9b7a-49d5c6947e27",
            "4795bae2-db7f-4871-8d7d-20741645a5af",
            "dd58bbb0-38dc-4857-b480-4d498687117c",
            "f2442222-7e87-4f19-8069-e43e33ba2d62",
            "5ad63e8b-d183-4048-ae99-f4c5d023d3ba",
            "2330d5a4-b593-46ee-b5d4-818a043600f8",
            "bfa617a7-d756-450d-a32a-e3ec5afb8c94",
            "8889ce34-0af0-4afc-97ea-f35bb5baf301",
            "d29794ed-be92-45f4-ab56-d61359410bb7",
            "46b8e7d2-d036-4044-a27c-6e8cb54a36a5",
            "38c93cff-f34d-49ba-94ad-be6e337219e2",
            "79b07a03-23cb-4c9c-b453-539cf379d30b",
            "268529ae-8dd0-4ec5-b567-e12df660a8b4",
            "b38cc356-4449-42a8-9432-daf4ca079fef",
            "8b7899ea-f504-4f36-b161-f1f6b0fd99b8",
            "250865ab-421d-493e-a8f4-d53d253dd1b6",
            "5e532058-82ea-4a32-9aac-10566e28d1dc",
            "1f6c59b3-0a65-431b-9261-7a0d5719fc64",
            "e569303e-5bcb-4af2-a655-c4097d0d863f",
            "82b0359b-b2f2-41b1-9e90-eb5ba543eac8"
          ],
          "pending": [],
          "skipped": [],
          "duration": 102729,
          "root": false,
          "rootEmpty": false,
          "_timeout": 2000
        }
      ],
      "passes": [],
      "failures": [],
      "pending": [],
      "skipped": [],
      "duration": 0,
      "root": true,
      "rootEmpty": true,
      "_timeout": 2000
    }
  ],
  "meta": {
    "mocha": {
      "version": "7.0.1"
    },
    "mochawesome": {
      "options": {
        "quiet": false,
        "reportFilename": "[status]_[datetime]-[name]-report",
        "saveHtml": true,
        "saveJson": true,
        "consoleReporter": "spec",
        "useInlineDiffs": false,
        "code": true
      },
      "version": "7.1.3"
    },
    "marge": {
      "options": {
        "reportFilename": "[status]_[datetime]-[name]-report",
        "timestamp": "longDate"
      },
      "version": "6.2.0"
    }
  }
}