{
  "stats": {
    "suites": 1,
    "tests": 4,
    "passes": 0,
    "pending": 0,
    "failures": 4,
    "start": "2025-02-10T16:52:33.973Z",
    "end": "2025-02-10T16:52:58.910Z",
    "duration": 24937,
    "testsRegistered": 4,
    "passPercent": 0,
    "pendingPercent": 0,
    "other": 0,
    "hasOther": false,
    "skipped": 0,
    "hasSkipped": false
  },
  "results": [
    {
      "uuid": "663a17cc-b2c1-4334-a60b-8af9db3b7144",
      "title": "",
      "fullFile": "cypress\\e2e\\Invoices-TestSuites\\invoice.cy.js",
      "file": "cypress\\e2e\\Invoices-TestSuites\\invoice.cy.js",
      "beforeHooks": [],
      "afterHooks": [],
      "tests": [],
      "suites": [
        {
          "uuid": "0a810a2a-0c35-40f2-801b-155c2ec487c2",
          "title": "Invoices TestSuite",
          "fullFile": "",
          "file": "",
          "beforeHooks": [],
          "afterHooks": [],
          "tests": [
            {
              "title": "[007-0001] [Valid] Visiting Invoices page after sign in.",
              "fullTitle": "Invoices TestSuite [007-0001] [Valid] Visiting Invoices page after sign in.",
              "timedOut": null,
              "duration": 6342,
              "state": "failed",
              "speed": null,
              "pass": false,
              "fail": true,
              "pending": false,
              "context": null,
              "code": "cy.login(\"customer@practicesoftwaretesting.com\", \"welcome01\");\ncy.visit('/account');\ncy.url().should('eq', 'https://practicesoftwaretesting.com/account');\ncy.get('#menu').should('be.visible').and('not.be.disabled').click();\ncy.get(\".dropdown-item[data-test='nav-my-invoices']\").should('be.visible').and('not.be.disabled').click();\n// cy.intercept({\n//     method:\"GET\",\n//     url:\"https://api.practicesoftwaretesting.com/users/me\",\n// }).as(\"LoginRequest\");\n// cy.wait('@LoginRequest').then(interception =>{\n//     console.log(interception);\n//     cy.wrap(interception.response.statusCode).should('eq',200)\n// });\ncy.intercept({\n  method: \"GET\",\n  url: \"https://api.practicesoftwaretesting.com/invoices?page=1\"\n}).as('InvoicesListP1');\ncy.wait('@InvoicesListP1').then(interception => {\n  console.log(interception);\n  cy.wrap(interception.response.statusCode).should('eq', 200);\n});",
              "err": {
                "message": "AssertionError: Timed out retrying after 4000ms: expected 'https://practicesoftwaretesting.com/auth/login' to equal 'https://practicesoftwaretesting.com/account'\n\nThis error occurred while creating the session. Because the session setup failed, we failed the test.",
                "estack": "AssertionError: Timed out retrying after 4000ms: expected 'https://practicesoftwaretesting.com/auth/login' to equal 'https://practicesoftwaretesting.com/account'\n\nThis error occurred while creating the session. Because the session setup failed, we failed the test.\n    at Object.eval [as setup] (webpack:///./cypress/support/commands.js:18:13)\n    at Context.<anonymous> (https://practicesoftwaretesting.com/__cypress/runner/cypress_runner.js:132829:38)\n    at getRet (https://practicesoftwaretesting.com/__cypress/runner/cypress_runner.js:118278:20)\n    at tryCatcher (https://practicesoftwaretesting.com/__cypress/runner/cypress_runner.js:1777:23)\n    at Promise.attempt.Promise.try (https://practicesoftwaretesting.com/__cypress/runner/cypress_runner.js:4285:29)\n    at Context.thenFn (https://practicesoftwaretesting.com/__cypress/runner/cypress_runner.js:118289:66)\n    at Context.then (https://practicesoftwaretesting.com/__cypress/runner/cypress_runner.js:118540:21)\n    at wrapped (https://practicesoftwaretesting.com/__cypress/runner/cypress_runner.js:137823:19)",
                "diff": "- 'https://practicesoftwaretesting.com/auth/login'\n+ 'https://practicesoftwaretesting.com/account'\n"
              },
              "uuid": "efb7793e-4310-44f5-8852-ae16b07168c9",
              "parentUUID": "0a810a2a-0c35-40f2-801b-155c2ec487c2",
              "isHook": false,
              "skipped": false
            },
            {
              "title": "[007-0001-i] [Valid] Showing invoice details",
              "fullTitle": "Invoices TestSuite [007-0001-i] [Valid] Showing invoice details",
              "timedOut": null,
              "duration": 5860,
              "state": "failed",
              "speed": null,
              "pass": false,
              "fail": true,
              "pending": false,
              "context": null,
              "code": "cy.login(\"customer@practicesoftwaretesting.com\", \"welcome01\");\ncy.visit('/account');\ncy.get('#menu').should('be.visible').and('not.be.disabled').click();\ncy.url().should('eq', 'https://practicesoftwaretesting.com/account');\ncy.get(\".dropdown-item[data-test='nav-my-invoices']\").should('be.visible').and('not.be.disabled').click();\ncy.get(\"tbody tr:nth-child(1) td:nth-child(5) a:nth-child(1)\").should('be.visible').and('not.be.disabled').click();\ncy.intercept({\n  method: \"OPTIONS\",\n  url: \"https://api.practicesoftwaretesting.com/users/refresh\"\n}).as(\"RefreshOptionsReq\");\ncy.intercept({\n  method: \"GET\",\n  url: \"https://api.practicesoftwaretesting.com/users/refresh\"\n}).as(\"RefreshReq\");\ncy.intercept({\n  method: \"OPTIONS\",\n  url: \"https://api.practicesoftwaretesting.com/users/me\"\n}).as(\"me\");\ncy.intercept({\n  method: \"OPTIONS\",\n  url: \"https://api.practicesoftwaretesting.com/invoices/01JK9K2GZBTXE6GXXX5854Z4W6\"\n}).as(\"InvoicesOptionsReq\");\ncy.intercept({\n  method: \"GET\",\n  url: \"https://api.practicesoftwaretesting.com/invoices/01JK9K2GZBTXE6GXXX5854Z4W6\"\n}).as(\"InvoicesReq\");\ncy.intercept({\n  method: \"OPTIONS\",\n  url: \"https://api.practicesoftwaretesting.com/invoices/INV-20240000038/download-pdf-status\"\n}).as(\"DownloadPdfstatusOptionsReq\");\ncy.intercept({\n  method: \"GET\",\n  url: \"https://api.practicesoftwaretesting.com/invoices/INV-20240000038/download-pdf-status\"\n}).as(\"DownloadPdfstatus\");",
              "err": {
                "message": "AssertionError: Timed out retrying after 4000ms: expected 'https://practicesoftwaretesting.com/auth/login' to equal 'https://practicesoftwaretesting.com/account'\n\nThis error occurred while creating the session. Because the session setup failed, we failed the test.",
                "estack": "AssertionError: Timed out retrying after 4000ms: expected 'https://practicesoftwaretesting.com/auth/login' to equal 'https://practicesoftwaretesting.com/account'\n\nThis error occurred while creating the session. Because the session setup failed, we failed the test.\n    at Object.eval [as setup] (webpack:///./cypress/support/commands.js:18:13)\n    at Context.<anonymous> (https://practicesoftwaretesting.com/__cypress/runner/cypress_runner.js:132829:38)\n    at getRet (https://practicesoftwaretesting.com/__cypress/runner/cypress_runner.js:118278:20)\n    at tryCatcher (https://practicesoftwaretesting.com/__cypress/runner/cypress_runner.js:1777:23)\n    at Promise.attempt.Promise.try (https://practicesoftwaretesting.com/__cypress/runner/cypress_runner.js:4285:29)\n    at Context.thenFn (https://practicesoftwaretesting.com/__cypress/runner/cypress_runner.js:118289:66)\n    at Context.then (https://practicesoftwaretesting.com/__cypress/runner/cypress_runner.js:118540:21)\n    at wrapped (https://practicesoftwaretesting.com/__cypress/runner/cypress_runner.js:137823:19)",
                "diff": "- 'https://practicesoftwaretesting.com/auth/login'\n+ 'https://practicesoftwaretesting.com/account'\n"
              },
              "uuid": "1d73088b-fef3-42bb-84f5-86a20fa973c8",
              "parentUUID": "0a810a2a-0c35-40f2-801b-155c2ec487c2",
              "isHook": false,
              "skipped": false
            },
            {
              "title": "[007-00010-ii] [Valid] Navigating through pages using pagination system",
              "fullTitle": "Invoices TestSuite [007-00010-ii] [Valid] Navigating through pages using pagination system",
              "timedOut": null,
              "duration": 6026,
              "state": "failed",
              "speed": null,
              "pass": false,
              "fail": true,
              "pending": false,
              "context": null,
              "code": "cy.login(\"customer@practicesoftwaretesting.com\", \"welcome01\");\ncy.visit('/account');\ncy.get('#menu').should('be.visible').and('not.be.disabled').click();\ncy.url().should('eq', 'https://practicesoftwaretesting.com/account');\ncy.get(\".dropdown-item[data-test='nav-my-invoices']\").should('be.visible').and('not.be.disabled').click();\ncy.get(':nth-child(11) > .page-link').should('not.be.disabled').and('be.visible').click();\n// nav_Single_page()\ncy.intercept({\n  method: \"GET\",\n  url: \"https://api.practicesoftwaretesting.com/invoices?page=2\"\n}).as(\"PageTwo\");\ncy.intercept({\n  method: \"GET\",\n  url: \"https://api.practicesoftwaretesting.com/users/refresh\"\n}).as(\"RefreshReq\");",
              "err": {
                "message": "AssertionError: Timed out retrying after 4000ms: expected 'https://practicesoftwaretesting.com/auth/login' to equal 'https://practicesoftwaretesting.com/account'\n\nThis error occurred while creating the session. Because the session setup failed, we failed the test.",
                "estack": "AssertionError: Timed out retrying after 4000ms: expected 'https://practicesoftwaretesting.com/auth/login' to equal 'https://practicesoftwaretesting.com/account'\n\nThis error occurred while creating the session. Because the session setup failed, we failed the test.\n    at Object.eval [as setup] (webpack:///./cypress/support/commands.js:18:13)\n    at Context.<anonymous> (https://practicesoftwaretesting.com/__cypress/runner/cypress_runner.js:132829:38)\n    at getRet (https://practicesoftwaretesting.com/__cypress/runner/cypress_runner.js:118278:20)\n    at tryCatcher (https://practicesoftwaretesting.com/__cypress/runner/cypress_runner.js:1777:23)\n    at Promise.attempt.Promise.try (https://practicesoftwaretesting.com/__cypress/runner/cypress_runner.js:4285:29)\n    at Context.thenFn (https://practicesoftwaretesting.com/__cypress/runner/cypress_runner.js:118289:66)\n    at Context.then (https://practicesoftwaretesting.com/__cypress/runner/cypress_runner.js:118540:21)\n    at wrapped (https://practicesoftwaretesting.com/__cypress/runner/cypress_runner.js:137823:19)",
                "diff": "- 'https://practicesoftwaretesting.com/auth/login'\n+ 'https://practicesoftwaretesting.com/account'\n"
              },
              "uuid": "987a437c-5900-4101-82fb-aa77a3d02646",
              "parentUUID": "0a810a2a-0c35-40f2-801b-155c2ec487c2",
              "isHook": false,
              "skipped": false
            },
            {
              "title": "[007-0002] [Invalid] Visit invoices page without sign in",
              "fullTitle": "Invoices TestSuite [007-0002] [Invalid] Visit invoices page without sign in",
              "timedOut": null,
              "duration": 6470,
              "state": "failed",
              "speed": null,
              "pass": false,
              "fail": true,
              "pending": false,
              "context": null,
              "code": "cy.visit(\"account/invoices/\");\n// cy.intercept({\n//     method:\"OPTIONS\",\n//     url:\"https://api.practicesoftwaretesting.com/users/refresh\"\n// }).as(\"RefreshOptionsReq\")\n// cy.wait(\"@RefreshOptionsReq\").then(interception =>{\n//     console.log(interception);\n//     cy.wrap(interception.response.statusCode).should('eq',204)\n// })\ncy.intercept({\n  method: \"GET\",\n  url: \"https://api.practicesoftwaretesting.com/users/refresh\"\n}).as(\"RefreshOptionsReq\");\ncy.wait(\"@RefreshOptionsReq\").then(interception => {\n  console.log(interception);\n  cy.wrap(interception.response.statusCode).should('eq', 500);\n});\n// cy.intercept({\n//     method:\"POST\",\n//     url:\"https://api.practicesoftwaretesting.com/users/me\"\n// }).as(\"UnauthorizedAccess\")\n// cy.wait(\"@UnauthorizedAccess\").then(interception =>{\n//     console.log(interception);\n//     cy.wrap(interception.response.statusCode).should('eq',401)\n// })\ncy.intercept({\n  method: \"GET\",\n  url: \"https://practicesoftwaretesting.com/src_app_auth_auth_module_ts.63a6bb230c8cb86d.js\"\n}).as(\"Auth_ModuleGETReq\");\ncy.wait(\"@RefreshOptionsReq\").then(interception => {\n  console.log(interception);\n  cy.wrap(interception.response.statusCode).should('eq', 200);\n});",
              "err": {
                "message": "CypressError: Timed out retrying after 5000ms: `cy.wait()` timed out waiting `5000ms` for the 2nd request to the route: `RefreshOptionsReq`. No request ever occurred.\n\nhttps://on.cypress.io/wait",
                "estack": "CypressError: Timed out retrying after 5000ms: `cy.wait()` timed out waiting `5000ms` for the 2nd request to the route: `RefreshOptionsReq`. No request ever occurred.\n\nhttps://on.cypress.io/wait\n    at cypressErr (https://practicesoftwaretesting.com/__cypress/runner/cypress_runner.js:75129:18)\n    at Object.errByPath (https://practicesoftwaretesting.com/__cypress/runner/cypress_runner.js:75183:10)\n    at checkForXhr (https://practicesoftwaretesting.com/__cypress/runner/cypress_runner.js:135066:84)\n    at <unknown> (https://practicesoftwaretesting.com/__cypress/runner/cypress_runner.js:135092:28)\n    at tryCatcher (https://practicesoftwaretesting.com/__cypress/runner/cypress_runner.js:1777:23)\n    at Promise.attempt.Promise.try (https://practicesoftwaretesting.com/__cypress/runner/cypress_runner.js:4285:29)\n    at whenStable (https://practicesoftwaretesting.com/__cypress/runner/cypress_runner.js:143474:68)\n    at <unknown> (https://practicesoftwaretesting.com/__cypress/runner/cypress_runner.js:143415:14)\n    at tryCatcher (https://practicesoftwaretesting.com/__cypress/runner/cypress_runner.js:1777:23)\n    at Promise._settlePromiseFromHandler (https://practicesoftwaretesting.com/__cypress/runner/cypress_runner.js:1489:31)\n    at Promise._settlePromise (https://practicesoftwaretesting.com/__cypress/runner/cypress_runner.js:1546:18)\n    at Promise._settlePromise0 (https://practicesoftwaretesting.com/__cypress/runner/cypress_runner.js:1591:10)\n    at Promise._settlePromises (https://practicesoftwaretesting.com/__cypress/runner/cypress_runner.js:1671:18)\n    at Promise._fulfill (https://practicesoftwaretesting.com/__cypress/runner/cypress_runner.js:1615:18)\n    at <unknown> (https://practicesoftwaretesting.com/__cypress/runner/cypress_runner.js:5420:46)",
                "diff": null
              },
              "uuid": "322881b7-4c14-4e4d-b866-07972fd54a8a",
              "parentUUID": "0a810a2a-0c35-40f2-801b-155c2ec487c2",
              "isHook": false,
              "skipped": false
            }
          ],
          "suites": [],
          "passes": [],
          "failures": [
            "efb7793e-4310-44f5-8852-ae16b07168c9",
            "1d73088b-fef3-42bb-84f5-86a20fa973c8",
            "987a437c-5900-4101-82fb-aa77a3d02646",
            "322881b7-4c14-4e4d-b866-07972fd54a8a"
          ],
          "pending": [],
          "skipped": [],
          "duration": 24698,
          "root": false,
          "rootEmpty": false,
          "_timeout": 2000
        }
      ],
      "passes": [],
      "failures": [],
      "pending": [],
      "skipped": [],
      "duration": 0,
      "root": true,
      "rootEmpty": true,
      "_timeout": 2000
    }
  ],
  "meta": {
    "mocha": {
      "version": "7.0.1"
    },
    "mochawesome": {
      "options": {
        "quiet": false,
        "reportFilename": "[status]_[datetime]-[name]-report",
        "saveHtml": true,
        "saveJson": true,
        "consoleReporter": "spec",
        "useInlineDiffs": false,
        "code": true
      },
      "version": "7.1.3"
    },
    "marge": {
      "options": {
        "reportFilename": "[status]_[datetime]-[name]-report",
        "timestamp": "longDate"
      },
      "version": "6.2.0"
    }
  }
}