{
  "stats": {
    "suites": 1,
    "tests": 8,
    "passes": 0,
    "pending": 0,
    "failures": 8,
    "start": "2025-02-07T14:00:14.824Z",
    "end": "2025-02-07T14:00:48.519Z",
    "duration": 33695,
    "testsRegistered": 8,
    "passPercent": 0,
    "pendingPercent": 0,
    "other": 0,
    "hasOther": false,
    "skipped": 0,
    "hasSkipped": false
  },
  "results": [
    {
      "uuid": "a2143d9b-c985-4d99-ab65-36bd5f150896",
      "title": "",
      "fullFile": "cypress\\e2e\\Product_Filters\\productFilters.cy.js",
      "file": "cypress\\e2e\\Product_Filters\\productFilters.cy.js",
      "beforeHooks": [],
      "afterHooks": [],
      "tests": [],
      "suites": [
        {
          "uuid": "83a2d470-245b-4828-a409-6b84dfb129a4",
          "title": "Product Filters TestSuite",
          "fullFile": "",
          "file": "",
          "beforeHooks": [],
          "afterHooks": [],
          "tests": [
            {
              "title": "[009-0001] Filter products by Checking “hand tools” Check box",
              "fullTitle": "Product Filters TestSuite [009-0001] Filter products by Checking “hand tools” Check box",
              "timedOut": null,
              "duration": 4211,
              "state": "failed",
              "speed": null,
              "pass": false,
              "fail": true,
              "pending": false,
              "context": null,
              "code": "cy.get(\"body > app-root:nth-child(2) > div:nth-child(2) > app-overview:nth-child(2) > div:nth-child(3) > div:nth-child(2) > fieldset:nth-child(13) > div:nth-child(2) > label:nth-child(1)\").check();\ncy.intercept({\n  method: \"GET\",\n  url: \"https://api.practicesoftwaretesting.com/products?between=price,1,100&by_category=01JKBGW30PCSEAWBHV1HYWNK8R,01JKBGW30T1AS7PCCD3NN4KYQS,01JKBGW30T1AS7PCCD3NN4KYQT,01JKBGW30T1AS7PCCD3NN4KYQV,01JKBGW30T1AS7PCCD3NN4KYQW,01JKBGW30T1AS7PCCD3NN4KYQX,01JKBGW30T1AS7PCCD3NN4KYQY,01JKBGW30T1AS7PCCD3NN4KYQZ&page=0\"\n}).as(\"getAllProdbyCategoryandpriceRange\");\ncy.wait(\"@getAllProdbyCategoryandpriceRange\").then(interception => {\n  console.log(interception);\n  cy.wrap(interception.response.statusCode).should('eq', 200);\n});\ncy.intercept({\n  method: \"OPTIONS\",\n  url: \"https://api.practicesoftwaretesting.com/products?between=price,1,100&by_category=01JKBGW30PCSEAWBHV1HYWNK8R,01JKBGW30T1AS7PCCD3NN4KYQS,01JKBGW30T1AS7PCCD3NN4KYQT,01JKBGW30T1AS7PCCD3NN4KYQV,01JKBGW30T1AS7PCCD3NN4KYQW,01JKBGW30T1AS7PCCD3NN4KYQX,01JKBGW30T1AS7PCCD3NN4KYQY,01JKBGW30T1AS7PCCD3NN4KYQZ&page=0\"\n}).as(\"getAllProdbyCategoryandpriceRangeOptionsReq\");\ncy.wait(\"@getAllProdbyCategoryandpriceRangeOptionsReq\").then(interception => {\n  console.log(interception);\n  cy.wrap(interception.response.statusCode).should('eq', 204);\n});",
              "err": {
                "message": "AssertionError: Timed out retrying after 4000ms: Expected to find element: `body > app-root:nth-child(2) > div:nth-child(2) > app-overview:nth-child(2) > div:nth-child(3) > div:nth-child(2) > fieldset:nth-child(13) > div:nth-child(2) > label:nth-child(1)`, but never found it.",
                "estack": "AssertionError: Timed out retrying after 4000ms: Expected to find element: `body > app-root:nth-child(2) > div:nth-child(2) > app-overview:nth-child(2) > div:nth-child(3) > div:nth-child(2) > fieldset:nth-child(13) > div:nth-child(2) > label:nth-child(1)`, but never found it.\n    at Context.eval (webpack:///./cypress/e2e/Product_Filters/productFilters.cy.js:3:10)",
                "diff": null
              },
              "uuid": "14d5f8f3-8e2a-41b5-8e87-8d3d83cc9713",
              "parentUUID": "83a2d470-245b-4828-a409-6b84dfb129a4",
              "isHook": false,
              "skipped": false
            },
            {
              "title": "[009-0001-01]Checking “Hammer” subcategory only. With changing price range.",
              "fullTitle": "Product Filters TestSuite [009-0001-01]Checking “Hammer” subcategory only. With changing price range.",
              "timedOut": null,
              "duration": 4166,
              "state": "failed",
              "speed": null,
              "pass": false,
              "fail": true,
              "pending": false,
              "context": null,
              "code": "cy.get(\"span[aria-label='ngx-slider']\").should('be.visible').and('not.be.disabled').invoke('val', '1').trigger('input').should('have.value', '1');\ncy.get(\"span[aria-label='ngx-slider-max']\").should('be.visible').and('not.be.disabled').invoke('val', '50').trigger('input').should('have.value', '50');\ncy.intercept({\n  method: \"GET\",\n  url: 'https://api.practicesoftwaretesting.com/products?between=price,1,50&by_category=01JKBYKG03VG9ERDM7RJXEVPG0&page=0'\n}).as('GetHammersWithRange1-50');\ncy.wait('@GetHammersWithRange1-50').then(interception => {\n  console.log(interception);\n  cy.wrap(interception.response.statusCode).should('eq', 204);\n});\ncy.intercept({\n  method: \"GET\",\n  url: \"https://api.practicesoftwaretesting.com/products?between=price,1,50&by_category=01JKBYKG03VG9ERDM7RJXEVPG0&page=0\"\n}).as(\"Response\");\ncy.wait(\"@Response\").then(interception => {\n  console.log(interception);\n  cy.wrap(interception.response.statusCode).should('eq', 200);\n});",
              "err": {
                "message": "AssertionError: Timed out retrying after 4000ms: Expected to find element: `span[aria-label='ngx-slider']`, but never found it.",
                "estack": "AssertionError: Timed out retrying after 4000ms: Expected to find element: `span[aria-label='ngx-slider']`, but never found it.\n    at Context.eval (webpack:///./cypress/e2e/Product_Filters/productFilters.cy.js:28:48)",
                "diff": null
              },
              "uuid": "78b6bd62-d4b3-4e48-b69a-443d4b5fb57a",
              "parentUUID": "83a2d470-245b-4828-a409-6b84dfb129a4",
              "isHook": false,
              "skipped": false
            },
            {
              "title": "[009-0001-02]Checking \"Hand Saw\" subcategory only.",
              "fullTitle": "Product Filters TestSuite [009-0001-02]Checking \"Hand Saw\" subcategory only.",
              "timedOut": null,
              "duration": 4184,
              "state": "failed",
              "speed": null,
              "pass": false,
              "fail": true,
              "pending": false,
              "context": null,
              "code": "cy.get('body > app-root:nth-child(2) > div:nth-child(2) > app-overview:nth-child(2) > div:nth-child(3) > div:nth-child(2) > fieldset:nth-child(13) > div:nth-child(2) > ul:nth-child(2) > fieldset:nth-child(1) > div:nth-child(3) > label:nth-child(1)').check();\ncy.intercept({\n  method: \"OPTIONS\",\n  url: \"https://api.practicesoftwaretesting.com/products?between=price,1,100&by_category=01JKBYKG03VG9ERDM7RJXEVPG1&page=0\"\n}).as(\"getHandSawCategoryandpriceRangeOptionsReq\");\ncy.wait(\"@getHandSawCategoryandpriceRangeOptionsReq\").then(interception => {\n  console.log(interception);\n  cy.wrap(interception.response.statusCode).should('eq', 204);\n});\ncy.intercept({\n  method: \"GET\",\n  url: \"https://api.practicesoftwaretesting.com/products?between=price,1,100&by_category=01JKBYKG03VG9ERDM7RJXEVPG1&page=0\"\n}).as(\"getAllProdbyCategoryandpriceRangeOptionsReq\");\ncy.wait(\"@getAllProdbyCategoryandpriceRange\").then(interception => {\n  console.log(interception);\n  cy.wrap(interception.response.statusCode).should('eq', 200);\n});\ncy.intercept({\n  method: \"GET\",\n  url: \"https://practicesoftwaretesting.com/assets/img/products/saw01.avif\"\n}).as(\"getAllProdbyCategoryandpriceRangeOptionsReq\");\ncy.wait(\"@getAllProdbyCategoryandpriceRange\").then(interception => {\n  console.log(interception);\n  cy.wrap(interception.response.statusCode).should('eq', 200);\n});",
              "err": {
                "message": "AssertionError: Timed out retrying after 4000ms: Expected to find element: `body > app-root:nth-child(2) > div:nth-child(2) > app-overview:nth-child(2) > div:nth-child(3) > div:nth-child(2) > fieldset:nth-child(13) > div:nth-child(2) > ul:nth-child(2) > fieldset:nth-child(1) > div:nth-child(3) > label:nth-child(1)`, but never found it.",
                "estack": "AssertionError: Timed out retrying after 4000ms: Expected to find element: `body > app-root:nth-child(2) > div:nth-child(2) > app-overview:nth-child(2) > div:nth-child(3) > div:nth-child(2) > fieldset:nth-child(13) > div:nth-child(2) > ul:nth-child(2) > fieldset:nth-child(1) > div:nth-child(3) > label:nth-child(1)`, but never found it.\n    at Context.eval (webpack:///./cypress/e2e/Product_Filters/productFilters.cy.js:60:11)",
                "diff": null
              },
              "uuid": "cd935cae-80d8-417b-9868-00ab69e98c02",
              "parentUUID": "83a2d470-245b-4828-a409-6b84dfb129a4",
              "isHook": false,
              "skipped": false
            },
            {
              "title": "[009-0001-03] Checking ”Wrench” subcategory only.",
              "fullTitle": "Product Filters TestSuite [009-0001-03] Checking ”Wrench” subcategory only.",
              "timedOut": null,
              "duration": 4170,
              "state": "failed",
              "speed": null,
              "pass": false,
              "fail": true,
              "pending": false,
              "context": null,
              "code": "cy.get('body > app-root:nth-child(2) > div:nth-child(2) > app-overview:nth-child(2) > div:nth-child(3) > div:nth-child(2) > fieldset:nth-child(13) > div:nth-child(2) > ul:nth-child(2) > fieldset:nth-child(1) > div:nth-child(4) > label:nth-child(1)').check();\ncy.intercept({\n  method: \"OPTIONS\",\n  url: \"https://api.practicesoftwaretesting.com/products?between=price,1,100&by_category=01JKBYKG03VG9ERDM7RJXEVPG2&page=0\"\n}).as(\"OptionsReq\");\ncy.wait(\"@OptionsReq\").then(interception => {\n  console.log(interception);\n  cy.wrap(interception.response.statusCode).should('eq', 204);\n});\ncy.intercept({\n  method: \"GET\",\n  url: \"https://api.practicesoftwaretesting.com/products?between=price,1,100&by_category=01JKBYKG03VG9ERDM7RJXEVPG2&page=0\"\n}).as(\"getAllProdbyCategoryandpriceRangeOptionsReq\");\ncy.wait(\"@getAllProdbyCategoryandpriceRange\").then(interception => {\n  console.log(interception);\n  cy.wrap(interception.response.statusCode).should('eq', 200);\n});\ncy.intercept({\n  method: \"GET\",\n  url: \"https://practicesoftwaretesting.com/assets/img/products/saw01.avif\"\n}).as(\"getAllProdbyCategoryandpriceRangeOptionsReq\");\ncy.wait(\"@getAllProdbyCategoryandpriceRange\").then(interception => {\n  console.log(interception);\n  cy.wrap(interception.response.statusCode).should('eq', 200);\n});",
              "err": {
                "message": "AssertionError: Timed out retrying after 4000ms: Expected to find element: `body > app-root:nth-child(2) > div:nth-child(2) > app-overview:nth-child(2) > div:nth-child(3) > div:nth-child(2) > fieldset:nth-child(13) > div:nth-child(2) > ul:nth-child(2) > fieldset:nth-child(1) > div:nth-child(4) > label:nth-child(1)`, but never found it.",
                "estack": "AssertionError: Timed out retrying after 4000ms: Expected to find element: `body > app-root:nth-child(2) > div:nth-child(2) > app-overview:nth-child(2) > div:nth-child(3) > div:nth-child(2) > fieldset:nth-child(13) > div:nth-child(2) > ul:nth-child(2) > fieldset:nth-child(1) > div:nth-child(4) > label:nth-child(1)`, but never found it.\n    at Context.eval (webpack:///./cypress/e2e/Product_Filters/productFilters.cy.js:96:11)",
                "diff": null
              },
              "uuid": "870c6d5b-dedd-48c0-bf3e-3762245d5466",
              "parentUUID": "83a2d470-245b-4828-a409-6b84dfb129a4",
              "isHook": false,
              "skipped": false
            },
            {
              "title": "[009-0001-03] Checking ”Wrench” subcategory only.",
              "fullTitle": "Product Filters TestSuite [009-0001-03] Checking ”Wrench” subcategory only.",
              "timedOut": null,
              "duration": 4164,
              "state": "failed",
              "speed": null,
              "pass": false,
              "fail": true,
              "pending": false,
              "context": null,
              "code": "cy.get('body > app-root:nth-child(2) > div:nth-child(2) > app-overview:nth-child(2) > div:nth-child(3) > div:nth-child(2) > fieldset:nth-child(13) > div:nth-child(2) > ul:nth-child(2) > fieldset:nth-child(1) > div:nth-child(4) > label:nth-child(1)').check();\ncy.intercept({\n  method: \"OPTIONS\",\n  url: \"https://api.practicesoftwaretesting.com/products?between=price,1,100&by_category=01JKBYKG03VG9ERDM7RJXEVPG2&page=0\"\n}).as(\"OptionsReq\");\ncy.wait(\"@OptionsReq\").then(interception => {\n  console.log(interception);\n  cy.wrap(interception.response.statusCode).should('eq', 204);\n});\ncy.intercept({\n  method: \"GET\",\n  url: \"https://api.practicesoftwaretesting.com/products?between=price,1,100&by_category=01JKBYKG03VG9ERDM7RJXEVPG2&page=0\"\n}).as(\"getAllProdbyCategoryandpriceRangeOptionsReq\");\ncy.wait(\"@getAllProdbyCategoryandpriceRange\").then(interception => {\n  console.log(interception);\n  cy.wrap(interception.response.statusCode).should('eq', 200);\n});\ncy.intercept({\n  method: \"GET\",\n  url: \"https://practicesoftwaretesting.com/assets/img/products/saw01.avif\"\n}).as(\"getAllProdbyCategoryandpriceRangeOptionsReq\");\ncy.wait(\"@getAllProdbyCategoryandpriceRange\").then(interception => {\n  console.log(interception);\n  cy.wrap(interception.response.statusCode).should('eq', 200);\n});",
              "err": {
                "message": "AssertionError: Timed out retrying after 4000ms: Expected to find element: `body > app-root:nth-child(2) > div:nth-child(2) > app-overview:nth-child(2) > div:nth-child(3) > div:nth-child(2) > fieldset:nth-child(13) > div:nth-child(2) > ul:nth-child(2) > fieldset:nth-child(1) > div:nth-child(4) > label:nth-child(1)`, but never found it.",
                "estack": "AssertionError: Timed out retrying after 4000ms: Expected to find element: `body > app-root:nth-child(2) > div:nth-child(2) > app-overview:nth-child(2) > div:nth-child(3) > div:nth-child(2) > fieldset:nth-child(13) > div:nth-child(2) > ul:nth-child(2) > fieldset:nth-child(1) > div:nth-child(4) > label:nth-child(1)`, but never found it.\n    at Context.eval (webpack:///./cypress/e2e/Product_Filters/productFilters.cy.js:133:11)",
                "diff": null
              },
              "uuid": "6d9b3cc8-377c-454e-a5ac-ca1b791812b1",
              "parentUUID": "83a2d470-245b-4828-a409-6b84dfb129a4",
              "isHook": false,
              "skipped": false
            },
            {
              "title": "[009-0001] Filter products by Checking “grinder” Check box",
              "fullTitle": "Product Filters TestSuite [009-0001] Filter products by Checking “grinder” Check box",
              "timedOut": null,
              "duration": 4176,
              "state": "failed",
              "speed": null,
              "pass": false,
              "fail": true,
              "pending": false,
              "context": null,
              "code": "cy.get(\"body > app-root:nth-child(2) > div:nth-child(2) > app-overview:nth-child(2) > div:nth-child(3) > div:nth-child(2) > fieldset:nth-child(13) > div:nth-child(3) > ul:nth-child(2) > fieldset:nth-child(1) > div:nth-child(2) > label:nth-child(1)\").check();\ncy.intercept({\n  method: \"Options\",\n  url: \"https://api.practicesoftwaretesting.com/products?between=price,1,100&by_category=01JKC5F602K6BRPKNZE80QT5VR&page=0\"\n}).as(\"grinderChoiceOptionsReq\");\ncy.wait(\"@grinderChoiceOptionsReq\").then(interception => {\n  console.log(interception);\n  cy.wrap(interception.response.statusCode).should('eq', 204);\n});\ncy.intercept({\n  method: \"GET\",\n  url: \"https://api.practicesoftwaretesting.com/products?between=price,1,100&by_category=01JKC5F602K6BRPKNZE80QT5VR&page=0\"\n}).as(\"getGrinder\");\ncy.wait(\"@getGrinder\").then(interception => {\n  console.log(interception);\n  cy.wrap(interception.response.statusCode).should('eq', 200);\n});",
              "err": {
                "message": "AssertionError: Timed out retrying after 4000ms: Expected to find element: `body > app-root:nth-child(2) > div:nth-child(2) > app-overview:nth-child(2) > div:nth-child(3) > div:nth-child(2) > fieldset:nth-child(13) > div:nth-child(3) > ul:nth-child(2) > fieldset:nth-child(1) > div:nth-child(2) > label:nth-child(1)`, but never found it.",
                "estack": "AssertionError: Timed out retrying after 4000ms: Expected to find element: `body > app-root:nth-child(2) > div:nth-child(2) > app-overview:nth-child(2) > div:nth-child(3) > div:nth-child(2) > fieldset:nth-child(13) > div:nth-child(3) > ul:nth-child(2) > fieldset:nth-child(1) > div:nth-child(2) > label:nth-child(1)`, but never found it.\n    at Context.eval (webpack:///./cypress/e2e/Product_Filters/productFilters.cy.js:169:11)",
                "diff": null
              },
              "uuid": "f1f2b091-4cc6-4950-a0c3-2994f0129a8b",
              "parentUUID": "83a2d470-245b-4828-a409-6b84dfb129a4",
              "isHook": false,
              "skipped": false
            },
            {
              "title": "[009-0001] Filter products by Checking “grinder” Check box",
              "fullTitle": "Product Filters TestSuite [009-0001] Filter products by Checking “grinder” Check box",
              "timedOut": null,
              "duration": 4173,
              "state": "failed",
              "speed": null,
              "pass": false,
              "fail": true,
              "pending": false,
              "context": null,
              "code": "cy.get(\"    body > app-root:nth-child(2) > div:nth-child(2) > app-overview:nth-child(2) > div:nth-child(3) > div:nth-child(2) > fieldset:nth-child(13) > div:nth-child(4) > ul:nth-child(2) > fieldset:nth-child(1) > div:nth-child(2) > label:nth-child(1)\").check();\ncy.intercept({\n  method: \"Options\",\n  url: \"https://api.practicesoftwaretesting.com/products?between=price,1,100&by_category=01JKC5F602K6BRPKNZE80QT5VW&page=0\"\n}).as(\"ToolbeltsOptionReq\");\ncy.wait(\"@ToolbeltsOptionReq\").then(interception => {\n  console.log(interception);\n  cy.wrap(interception.response.statusCode).should('eq', 204);\n});\ncy.intercept({\n  method: \"GET\",\n  url: \"https://api.practicesoftwaretesting.com/products?between=price,1,100&by_category=01JKC5F602K6BRPKNZE80QT5VW&page=0\"\n}).as(\"getToolBelts\");\ncy.wait(\"@getToolBelts\").then(interception => {\n  console.log(interception);\n  cy.wrap(interception.response.statusCode).should('eq', 200);\n});",
              "err": {
                "message": "AssertionError: Timed out retrying after 4000ms: Expected to find element: `    body > app-root:nth-child(2) > div:nth-child(2) > app-overview:nth-child(2) > div:nth-child(3) > div:nth-child(2) > fieldset:nth-child(13) > div:nth-child(4) > ul:nth-child(2) > fieldset:nth-child(1) > div:nth-child(2) > label:nth-child(1)`, but never found it.",
                "estack": "AssertionError: Timed out retrying after 4000ms: Expected to find element: `    body > app-root:nth-child(2) > div:nth-child(2) > app-overview:nth-child(2) > div:nth-child(3) > div:nth-child(2) > fieldset:nth-child(13) > div:nth-child(4) > ul:nth-child(2) > fieldset:nth-child(1) > div:nth-child(2) > label:nth-child(1)`, but never found it.\n    at Context.eval (webpack:///./cypress/e2e/Product_Filters/productFilters.cy.js:192:11)",
                "diff": null
              },
              "uuid": "d717ed53-6fce-4029-ba9e-30007ffba84e",
              "parentUUID": "83a2d470-245b-4828-a409-6b84dfb129a4",
              "isHook": false,
              "skipped": false
            },
            {
              "title": "By checking “ForgeFlex Tools” check box",
              "fullTitle": "Product Filters TestSuite By checking “ForgeFlex Tools” check box",
              "timedOut": null,
              "duration": 4174,
              "state": "failed",
              "speed": null,
              "pass": false,
              "fail": true,
              "pending": false,
              "context": null,
              "code": "cy.get(\"body > app-root:nth-child(2) > div:nth-child(2) > app-overview:nth-child(2) > div:nth-child(3) > div:nth-child(2) > fieldset:nth-child(16) > div:nth-child(2) > label:nth-child(1)\").check();\ncy.intercept({\n  method: \"Options\",\n  url: \"https://api.practicesoftwaretesting.com/products?between=price,1,100&by_brand=01JKC5F5Z7RBM4A8TVDYWCEZK9&page=0\"\n}).as(\"BrandsOptionsReq\");\ncy.wait(\"@BrandsOptionsReq\").then(interception => {\n  console.log(interception);\n  cy.wrap(interception.response.statusCode).should('eq', 204);\n});\ncy.intercept({\n  method: \"GET\",\n  url: \"https://api.practicesoftwaretesting.com/products?between=price,1,100&by_brand=01JKC5F5Z7RBM4A8TVDYWCEZK9&page=0\"\n}).as(\"getProductsByBrand\");\ncy.wait(\"@getProductsByBrand\").then(interception => {\n  console.log(interception);\n  cy.wrap(interception.response.statusCode).should('eq', 200);\n});",
              "err": {
                "message": "AssertionError: Timed out retrying after 4000ms: Expected to find element: `body > app-root:nth-child(2) > div:nth-child(2) > app-overview:nth-child(2) > div:nth-child(3) > div:nth-child(2) > fieldset:nth-child(16) > div:nth-child(2) > label:nth-child(1)`, but never found it.",
                "estack": "AssertionError: Timed out retrying after 4000ms: Expected to find element: `body > app-root:nth-child(2) > div:nth-child(2) > app-overview:nth-child(2) > div:nth-child(3) > div:nth-child(2) > fieldset:nth-child(16) > div:nth-child(2) > label:nth-child(1)`, but never found it.\n    at Context.eval (webpack:///./cypress/e2e/Product_Filters/productFilters.cy.js:215:11)",
                "diff": null
              },
              "uuid": "cc7cf655-5032-4992-a919-6c67269e80b3",
              "parentUUID": "83a2d470-245b-4828-a409-6b84dfb129a4",
              "isHook": false,
              "skipped": false
            }
          ],
          "suites": [],
          "passes": [],
          "failures": [
            "14d5f8f3-8e2a-41b5-8e87-8d3d83cc9713",
            "78b6bd62-d4b3-4e48-b69a-443d4b5fb57a",
            "cd935cae-80d8-417b-9868-00ab69e98c02",
            "870c6d5b-dedd-48c0-bf3e-3762245d5466",
            "6d9b3cc8-377c-454e-a5ac-ca1b791812b1",
            "f1f2b091-4cc6-4950-a0c3-2994f0129a8b",
            "d717ed53-6fce-4029-ba9e-30007ffba84e",
            "cc7cf655-5032-4992-a919-6c67269e80b3"
          ],
          "pending": [],
          "skipped": [],
          "duration": 33418,
          "root": false,
          "rootEmpty": false,
          "_timeout": 2000
        }
      ],
      "passes": [],
      "failures": [],
      "pending": [],
      "skipped": [],
      "duration": 0,
      "root": true,
      "rootEmpty": true,
      "_timeout": 2000
    }
  ],
  "meta": {
    "mocha": {
      "version": "7.0.1"
    },
    "mochawesome": {
      "options": {
        "quiet": false,
        "reportFilename": "[status]_[datetime]-[name]-report",
        "saveHtml": true,
        "saveJson": true,
        "consoleReporter": "spec",
        "useInlineDiffs": false,
        "code": true
      },
      "version": "7.1.3"
    },
    "marge": {
      "options": {
        "reportFilename": "[status]_[datetime]-[name]-report",
        "timestamp": "longDate"
      },
      "version": "6.2.0"
    }
  }
}