{
  "stats": {
    "suites": 1,
    "tests": 4,
    "passes": 0,
    "pending": 0,
    "failures": 4,
    "start": "2025-02-07T13:57:28.492Z",
    "end": "2025-02-07T13:57:45.659Z",
    "duration": 17167,
    "testsRegistered": 4,
    "passPercent": 0,
    "pendingPercent": 0,
    "other": 0,
    "hasOther": false,
    "skipped": 0,
    "hasSkipped": false
  },
  "results": [
    {
      "uuid": "b9ba4d99-70c0-4123-9bd9-7b2081145525",
      "title": "",
      "fullFile": "cypress\\e2e\\Invoices-TestSuites\\invoice.cy.js",
      "file": "cypress\\e2e\\Invoices-TestSuites\\invoice.cy.js",
      "beforeHooks": [],
      "afterHooks": [],
      "tests": [],
      "suites": [
        {
          "uuid": "1f442f88-b690-417a-9676-a18c849b6f25",
          "title": "Invoices TestSuite",
          "fullFile": "",
          "file": "",
          "beforeHooks": [],
          "afterHooks": [],
          "tests": [
            {
              "title": "[007-0001] [Valid] Visiting Invoices page after sign in.",
              "fullTitle": "Invoices TestSuite [007-0001] [Valid] Visiting Invoices page after sign in.",
              "timedOut": null,
              "duration": 5411,
              "state": "failed",
              "speed": null,
              "pass": false,
              "fail": true,
              "pending": false,
              "context": null,
              "code": "cy.login(\"\");\ncy.get(\".dropdown-item[data-test='nav-my-invoices']\").should('be.visible').and('not.be.disabled').click();\ncy.intercept({\n  method: \"GET\",\n  url: \"https://api.practicesoftwaretesting.com/users/me\"\n}).as(\"LoginRequest\");\ncy.wait('@LoginRequest').then(interception => {\n  console.log(interception);\n  cy.wrap(interception.response.statusCode).should('eq', 200);\n});\ncy.intercept({\n  method: \"GET\",\n  url: \"https://api.practicesoftwaretesting.com/invoices?page=1\"\n}).as('InvoicesListP1');\ncy.wait('@InvoicesListP1').then(interception => {\n  console.log(interception);\n  cy.wrap(interception.response.statusCode).should('eq', 200);\n});",
              "err": {
                "message": "AssertionError: Timed out retrying after 4000ms: expected '<input#email.form-control.ng-untouched.ng-pristine.ng-invalid>' to be null\n\nThis error occurred while creating the session. Because the session setup failed, we failed the test.",
                "estack": "AssertionError: Timed out retrying after 4000ms: expected '<input#email.form-control.ng-untouched.ng-pristine.ng-invalid>' to be null\n\nThis error occurred while creating the session. Because the session setup failed, we failed the test.\n    at Object.eval [as setup] (webpack:///./cypress/support/commands.js:15:53)\n    at Context.<anonymous> (https://practicesoftwaretesting.com/__cypress/runner/cypress_runner.js:132889:38)\n    at getRet (https://practicesoftwaretesting.com/__cypress/runner/cypress_runner.js:118338:20)\n    at tryCatcher (https://practicesoftwaretesting.com/__cypress/runner/cypress_runner.js:1777:23)\n    at Promise.attempt.Promise.try (https://practicesoftwaretesting.com/__cypress/runner/cypress_runner.js:4285:29)\n    at Context.thenFn (https://practicesoftwaretesting.com/__cypress/runner/cypress_runner.js:118349:66)\n    at Context.then (https://practicesoftwaretesting.com/__cypress/runner/cypress_runner.js:118600:21)\n    at wrapped (https://practicesoftwaretesting.com/__cypress/runner/cypress_runner.js:137883:19)",
                "diff": null
              },
              "uuid": "99e26ddc-7465-4987-8f7f-8a02e4c53963",
              "parentUUID": "1f442f88-b690-417a-9676-a18c849b6f25",
              "isHook": false,
              "skipped": false
            },
            {
              "title": "[007-0001-i] [Valid] Showing invoice details",
              "fullTitle": "Invoices TestSuite [007-0001-i] [Valid] Showing invoice details",
              "timedOut": null,
              "duration": 4962,
              "state": "failed",
              "speed": null,
              "pass": false,
              "fail": true,
              "pending": false,
              "context": null,
              "code": "cy.login();\ncy.get(\".dropdown-item[data-test='nav-my-invoices']\").should('be.visible').and('not.be.disabled').click();\ncy.get(\"tbody tr:nth-child(1) td:nth-child(5) a:nth-child(1)\").should('be.visible').and('not.be.disabled').click();\ncy.intercept({\n  method: \"OPTIONS\",\n  url: \"https://api.practicesoftwaretesting.com/users/refresh\"\n}).as(\"RefreshOptionsReq\");\ncy.intercept({\n  method: \"GET\",\n  url: \"https://api.practicesoftwaretesting.com/users/refresh\"\n}).as(\"RefreshReq\");\ncy.intercept({\n  method: \"OPTIONS\",\n  url: \"https://api.practicesoftwaretesting.com/users/me\"\n}).as(\"me\");\ncy.intercept({\n  method: \"OPTIONS\",\n  url: \"https://api.practicesoftwaretesting.com/invoices/01JK9K2GZBTXE6GXXX5854Z4W6\"\n}).as(\"InvoicesOptionsReq\");\ncy.intercept({\n  method: \"GET\",\n  url: \"https://api.practicesoftwaretesting.com/invoices/01JK9K2GZBTXE6GXXX5854Z4W6\"\n}).as(\"InvoicesReq\");\ncy.intercept({\n  method: \"OPTIONS\",\n  url: \"https://api.practicesoftwaretesting.com/invoices/INV-20240000038/download-pdf-status\"\n}).as(\"DownloadPdfstatusOptionsReq\");\ncy.intercept({\n  method: \"GET\",\n  url: \"https://api.practicesoftwaretesting.com/invoices/INV-20240000038/download-pdf-status\"\n}).as(\"DownloadPdfstatus\");",
              "err": {
                "message": "AssertionError: Timed out retrying after 4000ms: expected '<input#email.form-control.ng-untouched.ng-pristine.ng-invalid>' to be null\n\nThis error occurred while creating the session. Because the session setup failed, we failed the test.",
                "estack": "AssertionError: Timed out retrying after 4000ms: expected '<input#email.form-control.ng-untouched.ng-pristine.ng-invalid>' to be null\n\nThis error occurred while creating the session. Because the session setup failed, we failed the test.\n    at Object.eval [as setup] (webpack:///./cypress/support/commands.js:15:53)\n    at Context.<anonymous> (https://practicesoftwaretesting.com/__cypress/runner/cypress_runner.js:132889:38)\n    at getRet (https://practicesoftwaretesting.com/__cypress/runner/cypress_runner.js:118338:20)\n    at tryCatcher (https://practicesoftwaretesting.com/__cypress/runner/cypress_runner.js:1777:23)\n    at Promise.attempt.Promise.try (https://practicesoftwaretesting.com/__cypress/runner/cypress_runner.js:4285:29)\n    at Context.thenFn (https://practicesoftwaretesting.com/__cypress/runner/cypress_runner.js:118349:66)\n    at Context.then (https://practicesoftwaretesting.com/__cypress/runner/cypress_runner.js:118600:21)\n    at wrapped (https://practicesoftwaretesting.com/__cypress/runner/cypress_runner.js:137883:19)",
                "diff": null
              },
              "uuid": "78815cbb-f5eb-4525-86a8-841dc948bf87",
              "parentUUID": "1f442f88-b690-417a-9676-a18c849b6f25",
              "isHook": false,
              "skipped": false
            },
            {
              "title": "[007-00010-ii] [Valid] Navigating through pages using pagination system",
              "fullTitle": "Invoices TestSuite [007-00010-ii] [Valid] Navigating through pages using pagination system",
              "timedOut": null,
              "duration": 454,
              "state": "failed",
              "speed": null,
              "pass": false,
              "fail": true,
              "pending": false,
              "context": null,
              "code": "cy.login();\ncy.get(\".dropdown-item[data-test='nav-my-invoices']\").should('be.visible').and('not.be.disabled').click();\ncy.get(\"tbody tr:nth-child(1) td:nth-child(5) a:nth-child(1)\").should('be.visible').and('not.be.disabled').click();\nnav_pages();\ncy.intercept({\n  method: \"GET\",\n  url: \"https://api.practicesoftwaretesting.com/invoices?page=2\"\n}).as(\"PageTwo\");\ncy.intercept({\n  method: \"GET\",\n  url: \"https://api.practicesoftwaretesting.com/users/refresh\"\n}).as(\"RefreshReq\");",
              "err": {
                "message": "ReferenceError: nav_pages is not defined",
                "estack": "ReferenceError: nav_pages is not defined\n    at Context.eval (webpack:///./cypress/e2e/Invoices-TestSuites/invoice.cy.js:78:7)\n    at runnable.fn (https://practicesoftwaretesting.com/__cypress/runner/cypress_runner.js:138150:19)\n    at callFn (https://practicesoftwaretesting.com/__cypress/runner/cypress_runner.js:156747:21)\n    at Runnable.run (https://practicesoftwaretesting.com/__cypress/runner/cypress_runner.js:156734:7)\n    at <unknown> (https://practicesoftwaretesting.com/__cypress/runner/cypress_runner.js:162664:30)\n    at PassThroughHandlerContext.finallyHandler (https://practicesoftwaretesting.com/__cypress/runner/cypress_runner.js:4042:23)\n    at PassThroughHandlerContext.tryCatcher (https://practicesoftwaretesting.com/__cypress/runner/cypress_runner.js:1777:23)\n    at Promise._settlePromiseFromHandler (https://practicesoftwaretesting.com/__cypress/runner/cypress_runner.js:1489:31)\n    at Promise._settlePromise (https://practicesoftwaretesting.com/__cypress/runner/cypress_runner.js:1546:18)",
                "diff": null
              },
              "uuid": "4b61c48a-2877-44ad-bca1-b8a945115dd1",
              "parentUUID": "1f442f88-b690-417a-9676-a18c849b6f25",
              "isHook": false,
              "skipped": false
            },
            {
              "title": "[007-0002] [Invalid] Visit invoices page without sign in",
              "fullTitle": "Invoices TestSuite [007-0002] [Invalid] Visit invoices page without sign in",
              "timedOut": null,
              "duration": 6141,
              "state": "failed",
              "speed": null,
              "pass": false,
              "fail": true,
              "pending": false,
              "context": null,
              "code": "cy.visit(\"account/invoices/\");\ncy.intercept({\n  method: \"GET\",\n  url: \"https://api.practicesoftwaretesting.com/users/me\"\n}).as(\"loginFailReq\");\ncy.wait(\"@loginFailReq\").then(interception => {\n  console.log(interception);\n  cy.wrap(interception.response.statusCode).should('eq', 401);\n});\ncy.intercept({\n  method: \"OPTIONS\",\n  url: \"https://api.practicesoftwaretesting.com/users/refresh\"\n}).as(\"RefreshOptionsReq\");\ncy.wait(\"@RefreshOptionsReq\").then(interception => {\n  console.log(interception);\n  cy.wrap(interception.response.statusCode).should('eq', 204);\n});\ncy.intercept({\n  method: \"GET\",\n  url: \"https://api.practicesoftwaretesting.com/users/refresh\"\n}).as(\"RefreshOptionsReq\");\ncy.wait(\"@RefreshOptionsReq\").then(interception => {\n  console.log(interception);\n  cy.wrap(interception.response.statusCode).should('eq', 500);\n});\ncy.intercept({\n  method: \"GET\",\n  url: \"https://practicesoftwaretesting.com/src_app_auth_auth_module_ts.63a6bb230c8cb86d.js\"\n}).as(\"Auth_ModuleGETReq\");\ncy.wait(\"@RefreshOptionsReq\").then(interception => {\n  console.log(interception);\n  cy.wrap(interception.response.statusCode).should('eq', 200);\n});",
              "err": {
                "message": "CypressError: Timed out retrying after 5000ms: `cy.wait()` timed out waiting `5000ms` for the 1st request to the route: `RefreshOptionsReq`. No request ever occurred.\n\nhttps://on.cypress.io/wait",
                "estack": "CypressError: Timed out retrying after 5000ms: `cy.wait()` timed out waiting `5000ms` for the 1st request to the route: `RefreshOptionsReq`. No request ever occurred.\n\nhttps://on.cypress.io/wait\n    at cypressErr (https://practicesoftwaretesting.com/__cypress/runner/cypress_runner.js:75107:18)\n    at Object.errByPath (https://practicesoftwaretesting.com/__cypress/runner/cypress_runner.js:75161:10)\n    at checkForXhr (https://practicesoftwaretesting.com/__cypress/runner/cypress_runner.js:135126:84)\n    at <unknown> (https://practicesoftwaretesting.com/__cypress/runner/cypress_runner.js:135152:28)\n    at tryCatcher (https://practicesoftwaretesting.com/__cypress/runner/cypress_runner.js:1777:23)\n    at Promise.attempt.Promise.try (https://practicesoftwaretesting.com/__cypress/runner/cypress_runner.js:4285:29)\n    at whenStable (https://practicesoftwaretesting.com/__cypress/runner/cypress_runner.js:143535:68)\n    at <unknown> (https://practicesoftwaretesting.com/__cypress/runner/cypress_runner.js:143476:14)\n    at tryCatcher (https://practicesoftwaretesting.com/__cypress/runner/cypress_runner.js:1777:23)\n    at Promise._settlePromiseFromHandler (https://practicesoftwaretesting.com/__cypress/runner/cypress_runner.js:1489:31)\n    at Promise._settlePromise (https://practicesoftwaretesting.com/__cypress/runner/cypress_runner.js:1546:18)\n    at Promise._settlePromise0 (https://practicesoftwaretesting.com/__cypress/runner/cypress_runner.js:1591:10)\n    at Promise._settlePromises (https://practicesoftwaretesting.com/__cypress/runner/cypress_runner.js:1671:18)\n    at Promise._fulfill (https://practicesoftwaretesting.com/__cypress/runner/cypress_runner.js:1615:18)\n    at <unknown> (https://practicesoftwaretesting.com/__cypress/runner/cypress_runner.js:5420:46)\nFrom Your Spec Code:\n    at captureUserInvocationStack (https://practicesoftwaretesting.com/__cypress/runner/cypress_runner.js:138885:94)\n    at $Cy.expect (https://practicesoftwaretesting.com/__cypress/runner/cypress_runner.js:138923:7)\n    at Context.shouldFn (https://practicesoftwaretesting.com/__cypress/runner/cypress_runner.js:117807:18)\n    at Context.should (https://practicesoftwaretesting.com/__cypress/runner/cypress_runner.js:117921:23)\n    at <unknown> (https://practicesoftwaretesting.com/__cypress/runner/cypress_runner.js:142805:39)\n    at assertions (https://practicesoftwaretesting.com/__cypress/runner/cypress_runner.js:143053:16)\n    at tryCatcher (https://practicesoftwaretesting.com/__cypress/runner/cypress_runner.js:1777:23)\n    at Object.gotValue (https://practicesoftwaretesting.com/__cypress/runner/cypress_runner.js:6448:18)\n    at Object.gotAccum (https://practicesoftwaretesting.com/__cypress/runner/cypress_runner.js:6435:25)\n    at Object.tryCatcher (https://practicesoftwaretesting.com/__cypress/runner/cypress_runner.js:1777:23)",
                "diff": null
              },
              "uuid": "63e4adfc-7ea6-425c-9849-c36e977a6b42",
              "parentUUID": "1f442f88-b690-417a-9676-a18c849b6f25",
              "isHook": false,
              "skipped": false
            }
          ],
          "suites": [],
          "passes": [],
          "failures": [
            "99e26ddc-7465-4987-8f7f-8a02e4c53963",
            "78815cbb-f5eb-4525-86a8-841dc948bf87",
            "4b61c48a-2877-44ad-bca1-b8a945115dd1",
            "63e4adfc-7ea6-425c-9849-c36e977a6b42"
          ],
          "pending": [],
          "skipped": [],
          "duration": 16968,
          "root": false,
          "rootEmpty": false,
          "_timeout": 2000
        }
      ],
      "passes": [],
      "failures": [],
      "pending": [],
      "skipped": [],
      "duration": 0,
      "root": true,
      "rootEmpty": true,
      "_timeout": 2000
    }
  ],
  "meta": {
    "mocha": {
      "version": "7.0.1"
    },
    "mochawesome": {
      "options": {
        "quiet": false,
        "reportFilename": "[status]_[datetime]-[name]-report",
        "saveHtml": true,
        "saveJson": true,
        "consoleReporter": "spec",
        "useInlineDiffs": false,
        "code": true
      },
      "version": "7.1.3"
    },
    "marge": {
      "options": {
        "reportFilename": "[status]_[datetime]-[name]-report",
        "timestamp": "longDate"
      },
      "version": "6.2.0"
    }
  }
}