{
  "stats": {
    "suites": 1,
    "tests": 5,
    "passes": 3,
    "pending": 0,
    "failures": 2,
    "start": "2025-02-07T13:57:48.566Z",
    "end": "2025-02-07T13:57:57.283Z",
    "duration": 8717,
    "testsRegistered": 5,
    "passPercent": 60,
    "pendingPercent": 0,
    "other": 0,
    "hasOther": false,
    "skipped": 0,
    "hasSkipped": false
  },
  "results": [
    {
      "uuid": "cc5f3053-f83a-4336-8c04-63b012246f15",
      "title": "",
      "fullFile": "cypress\\e2e\\MainMenu-TestSuite\\Main-menu.cy.js",
      "file": "cypress\\e2e\\MainMenu-TestSuite\\Main-menu.cy.js",
      "beforeHooks": [],
      "afterHooks": [],
      "tests": [],
      "suites": [
        {
          "uuid": "e64e03f4-ca80-4606-972a-48c2405c31d7",
          "title": "Main-Menu Test-Suite",
          "fullFile": "",
          "file": "",
          "beforeHooks": [],
          "afterHooks": [],
          "tests": [
            {
              "title": "[01-0001][Valid] Click on Brand logo",
              "fullTitle": "Main-Menu Test-Suite [01-0001][Valid] Click on Brand logo",
              "timedOut": null,
              "duration": 990,
              "state": "passed",
              "speed": "fast",
              "pass": true,
              "fail": false,
              "pending": false,
              "context": null,
              "code": "cy.visit('/');\ncy.get('a[class=\"navbar-brand\"]').should('be.visible');\ncy.url().should('eq', 'https://practicesoftwaretesting.com/');",
              "err": {},
              "uuid": "61b666d5-eb1c-498f-b4c3-0626ea0039e2",
              "parentUUID": "e64e03f4-ca80-4606-972a-48c2405c31d7",
              "isHook": false,
              "skipped": false
            },
            {
              "title": "[01-0002][Valid] Click on Home list item",
              "fullTitle": "Main-Menu Test-Suite [01-0002][Valid] Click on Home list item",
              "timedOut": null,
              "duration": 741,
              "state": "passed",
              "speed": "fast",
              "pass": true,
              "fail": false,
              "pending": false,
              "context": null,
              "code": "cy.visit('/');\ncy.get('a[class=\"nav-link active\"]').should('be.visible').and('not.be.disabled');\ncy.url().should('eq', 'https://practicesoftwaretesting.com/');",
              "err": {},
              "uuid": "6f6ebc88-27de-4845-ba20-34f159a1976d",
              "parentUUID": "e64e03f4-ca80-4606-972a-48c2405c31d7",
              "isHook": false,
              "skipped": false
            },
            {
              "title": "[01-0003]Click on Categories drop down list item",
              "fullTitle": "Main-Menu Test-Suite [01-0003]Click on Categories drop down list item",
              "timedOut": null,
              "duration": 4893,
              "state": "failed",
              "speed": null,
              "pass": false,
              "fail": true,
              "pending": false,
              "context": null,
              "code": "cy.visit('/');\ncy.get('li[class=\"nav-item dropdown\"]').should('be.visible').and('not.be.disabled');\ncy.get(\"ul[aria-label='nav-categories']\").should('be.visible');",
              "err": {
                "message": "AssertionError: Timed out retrying after 4000ms: expected '<ul.dropdown-menu>' to be 'visible'\n\nThis element `<ul.dropdown-menu>` is not visible because it has CSS property: `display: none`",
                "estack": "AssertionError: Timed out retrying after 4000ms: expected '<ul.dropdown-menu>' to be 'visible'\n\nThis element `<ul.dropdown-menu>` is not visible because it has CSS property: `display: none`\n    at Context.eval (webpack:///./cypress/e2e/MainMenu-TestSuite/Main-menu.cy.js:17:46)",
                "diff": null
              },
              "uuid": "dbb95fe6-a632-43ac-8f57-620176ff5791",
              "parentUUID": "e64e03f4-ca80-4606-972a-48c2405c31d7",
              "isHook": false,
              "skipped": false
            },
            {
              "title": "[01-0003-01] [Valid] Select “Hand tools” option",
              "fullTitle": "Main-Menu Test-Suite [01-0003-01] [Valid] Select “Hand tools” option",
              "timedOut": null,
              "duration": 898,
              "state": "failed",
              "speed": null,
              "pass": false,
              "fail": true,
              "pending": false,
              "context": null,
              "code": "cy.visit('/');\ncy.get('a[role=\"button\"]').should('be.visible').and('not.be.disabled').click();\ncy.get('[data-test=\"nav-hand-tools\"]').should('be.visible').click();",
              "err": {
                "message": "CypressError: `cy.click()` can only be called on a single element. Your subject contained 2 elements. Pass `{ multiple: true }` if you want to serially click each element.\n\nhttps://on.cypress.io/click",
                "estack": "CypressError: `cy.click()` can only be called on a single element. Your subject contained 2 elements. Pass `{ multiple: true }` if you want to serially click each element.\n\nhttps://on.cypress.io/click\n    at mouseAction (https://practicesoftwaretesting.com/__cypress/runner/cypress_runner.js:111533:68)\n    at Context.click (https://practicesoftwaretesting.com/__cypress/runner/cypress_runner.js:111700:14)\n    at wrapped (https://practicesoftwaretesting.com/__cypress/runner/cypress_runner.js:137883:19)\nFrom Your Spec Code:\n    at captureUserInvocationStack (https://practicesoftwaretesting.com/__cypress/runner/cypress_runner.js:138885:94)\n    at $Cy.expect (https://practicesoftwaretesting.com/__cypress/runner/cypress_runner.js:138923:7)\n    at Context.shouldFn (https://practicesoftwaretesting.com/__cypress/runner/cypress_runner.js:117807:18)\n    at Context.and (https://practicesoftwaretesting.com/__cypress/runner/cypress_runner.js:117926:23)\n    at <unknown> (https://practicesoftwaretesting.com/__cypress/runner/cypress_runner.js:142805:39)\n    at assertions (https://practicesoftwaretesting.com/__cypress/runner/cypress_runner.js:143053:16)\n    at tryCatcher (https://practicesoftwaretesting.com/__cypress/runner/cypress_runner.js:1777:23)\n    at Object.gotValue (https://practicesoftwaretesting.com/__cypress/runner/cypress_runner.js:6448:18)\n    at Object.gotAccum (https://practicesoftwaretesting.com/__cypress/runner/cypress_runner.js:6435:25)\n    at Object.tryCatcher (https://practicesoftwaretesting.com/__cypress/runner/cypress_runner.js:1777:23)",
                "diff": null
              },
              "uuid": "b2983eec-305b-4906-b98a-0654a45819b8",
              "parentUUID": "e64e03f4-ca80-4606-972a-48c2405c31d7",
              "isHook": false,
              "skipped": false
            },
            {
              "title": "[01-0004] [Valid] Click on “Contact” List Item",
              "fullTitle": "Main-Menu Test-Suite [01-0004] [Valid] Click on “Contact” List Item",
              "timedOut": null,
              "duration": 979,
              "state": "passed",
              "speed": "fast",
              "pass": true,
              "fail": false,
              "pending": false,
              "context": null,
              "code": "cy.visit('/');\ncy.get(\".nav-link[data-test='nav-contact']\").should('be.visible').and('not.be.disabled').click();\ncy.url().should('eq', 'https://practicesoftwaretesting.com/contact');",
              "err": {},
              "uuid": "057981fa-7c45-4c86-9fbd-cca9bd3cab3e",
              "parentUUID": "e64e03f4-ca80-4606-972a-48c2405c31d7",
              "isHook": false,
              "skipped": false
            }
          ],
          "suites": [],
          "passes": [
            "61b666d5-eb1c-498f-b4c3-0626ea0039e2",
            "6f6ebc88-27de-4845-ba20-34f159a1976d",
            "057981fa-7c45-4c86-9fbd-cca9bd3cab3e"
          ],
          "failures": [
            "dbb95fe6-a632-43ac-8f57-620176ff5791",
            "b2983eec-305b-4906-b98a-0654a45819b8"
          ],
          "pending": [],
          "skipped": [],
          "duration": 8501,
          "root": false,
          "rootEmpty": false,
          "_timeout": 2000
        }
      ],
      "passes": [],
      "failures": [],
      "pending": [],
      "skipped": [],
      "duration": 0,
      "root": true,
      "rootEmpty": true,
      "_timeout": 2000
    }
  ],
  "meta": {
    "mocha": {
      "version": "7.0.1"
    },
    "mochawesome": {
      "options": {
        "quiet": false,
        "reportFilename": "[status]_[datetime]-[name]-report",
        "saveHtml": true,
        "saveJson": true,
        "consoleReporter": "spec",
        "useInlineDiffs": false,
        "code": true
      },
      "version": "7.1.3"
    },
    "marge": {
      "options": {
        "reportFilename": "[status]_[datetime]-[name]-report",
        "timestamp": "longDate"
      },
      "version": "6.2.0"
    }
  }
}