{
  "stats": {
    "suites": 1,
    "tests": 1,
    "passes": 0,
    "pending": 0,
    "failures": 1,
    "start": "2025-02-07T13:58:51.354Z",
    "end": "2025-02-07T13:58:56.826Z",
    "duration": 5472,
    "testsRegistered": 3,
    "passPercent": 0,
    "pendingPercent": 0,
    "other": 0,
    "hasOther": false,
    "skipped": 2,
    "hasSkipped": true
  },
  "results": [
    {
      "uuid": "f68667d0-015b-46bb-9210-18b47e414985",
      "title": "",
      "fullFile": "cypress\\e2e\\Messaging-TestSuite\\Messaging.cy.js",
      "file": "cypress\\e2e\\Messaging-TestSuite\\Messaging.cy.js",
      "beforeHooks": [],
      "afterHooks": [],
      "tests": [],
      "suites": [
        {
          "uuid": "4d17da02-cccc-4261-b1f1-b4f9217310f4",
          "title": "Messaging TestSuite",
          "fullFile": "",
          "file": "",
          "beforeHooks": [],
          "afterHooks": [],
          "tests": [
            {
              "title": "[004-002-0001] [Valid] View Received messages",
              "fullTitle": "Messaging TestSuite [004-002-0001] [Valid] View Received messages",
              "timedOut": null,
              "duration": 5376,
              "state": "failed",
              "speed": null,
              "pass": false,
              "fail": true,
              "pending": false,
              "context": null,
              "code": "cy.get(\"#menu\").should('be.visible').and('not.be.disabled').click();\ncy.get(\".dropdown-item[data-test='nav-my-messages']\").should('be.visible').and('not.be.disabled').click();\ncy.url().should('eq', 'https://practicesoftwaretesting.com/account/messages');",
              "err": {
                "message": "AssertionError: Timed out retrying after 4000ms: expected '<input#email.form-control.ng-untouched.ng-pristine.ng-invalid>' to be null\n\nThis error occurred while creating the session. Because the session setup failed, we failed the test.\n\nBecause this error occurred during a `before each` hook we are skipping the remaining tests in the current suite: `Messaging TestSuite`",
                "estack": "AssertionError: Timed out retrying after 4000ms: expected '<input#email.form-control.ng-untouched.ng-pristine.ng-invalid>' to be null\n\nThis error occurred while creating the session. Because the session setup failed, we failed the test.\n\nBecause this error occurred during a `before each` hook we are skipping the remaining tests in the current suite: `Messaging TestSuite`\n    at Object.eval [as setup] (webpack:///./cypress/support/commands.js:15:53)\n    at Context.<anonymous> (https://practicesoftwaretesting.com/__cypress/runner/cypress_runner.js:132889:38)\n    at getRet (https://practicesoftwaretesting.com/__cypress/runner/cypress_runner.js:118338:20)\n    at tryCatcher (https://practicesoftwaretesting.com/__cypress/runner/cypress_runner.js:1777:23)\n    at Promise.attempt.Promise.try (https://practicesoftwaretesting.com/__cypress/runner/cypress_runner.js:4285:29)\n    at Context.thenFn (https://practicesoftwaretesting.com/__cypress/runner/cypress_runner.js:118349:66)\n    at Context.then (https://practicesoftwaretesting.com/__cypress/runner/cypress_runner.js:118600:21)\n    at wrapped (https://practicesoftwaretesting.com/__cypress/runner/cypress_runner.js:137883:19)",
                "diff": null
              },
              "uuid": "cc42349e-2c48-4bd8-b000-92ced4e922b2",
              "parentUUID": "4d17da02-cccc-4261-b1f1-b4f9217310f4",
              "isHook": false,
              "skipped": false
            },
            {
              "title": "[004-002-0002][Valid] Respond to incoming message with data.",
              "fullTitle": "Messaging TestSuite [004-002-0002][Valid] Respond to incoming message with data.",
              "timedOut": null,
              "duration": 0,
              "state": "skipped",
              "speed": null,
              "pass": false,
              "fail": false,
              "pending": false,
              "context": null,
              "code": "cy.get('.btn.btn-sm.btn-primary.mr-1').should('be.visible').and('not.be.disabled').click();\ncy.get('#message').should('be.visible').should('not.be.disabled').type('Test done by Abdullah aladham');\ncy.get(\"button[type='submit']\").should('be.visible').and('not.be.disabled').click();\ncy.get('body > app-root:nth-child(2) > div:nth-child(2) > app-message-detail:nth-child(2) > div:nth-child(2) > div:nth-child(1) > div:nth-child(3)').should('be.visible');",
              "err": {},
              "uuid": "ba099a80-bb2d-4719-b94b-80cdfacdf209",
              "parentUUID": "4d17da02-cccc-4261-b1f1-b4f9217310f4",
              "isHook": false,
              "skipped": true
            },
            {
              "title": "[004-002-0003][invalid] Respond to incoming message with blank data",
              "fullTitle": "Messaging TestSuite [004-002-0003][invalid] Respond to incoming message with blank data",
              "timedOut": null,
              "duration": 0,
              "state": "skipped",
              "speed": null,
              "pass": false,
              "fail": false,
              "pending": false,
              "context": null,
              "code": "cy.get('.btn.btn-sm.btn-primary.mr-1').should('be.visible').and('not.be.disabled').click(); //Another one🤣",
              "err": {},
              "uuid": "aed2c6f0-00ce-4d7a-ab35-fa256bd30dab",
              "parentUUID": "4d17da02-cccc-4261-b1f1-b4f9217310f4",
              "isHook": false,
              "skipped": true
            }
          ],
          "suites": [],
          "passes": [],
          "failures": [
            "cc42349e-2c48-4bd8-b000-92ced4e922b2"
          ],
          "pending": [],
          "skipped": [
            "ba099a80-bb2d-4719-b94b-80cdfacdf209",
            "aed2c6f0-00ce-4d7a-ab35-fa256bd30dab"
          ],
          "duration": 5376,
          "root": false,
          "rootEmpty": false,
          "_timeout": 2000
        }
      ],
      "passes": [],
      "failures": [],
      "pending": [],
      "skipped": [],
      "duration": 0,
      "root": true,
      "rootEmpty": true,
      "_timeout": 2000
    }
  ],
  "meta": {
    "mocha": {
      "version": "7.0.1"
    },
    "mochawesome": {
      "options": {
        "quiet": false,
        "reportFilename": "[status]_[datetime]-[name]-report",
        "saveHtml": true,
        "saveJson": true,
        "consoleReporter": "spec",
        "useInlineDiffs": false,
        "code": true
      },
      "version": "7.1.3"
    },
    "marge": {
      "options": {
        "reportFilename": "[status]_[datetime]-[name]-report",
        "timestamp": "longDate"
      },
      "version": "6.2.0"
    }
  }
}