{
  "stats": {
    "suites": 1,
    "tests": 1,
    "passes": 0,
    "pending": 0,
    "failures": 1,
    "start": "2025-02-10T16:53:01.377Z",
    "end": "2025-02-10T16:53:07.887Z",
    "duration": 6510,
    "testsRegistered": 3,
    "passPercent": 0,
    "pendingPercent": 0,
    "other": 0,
    "hasOther": false,
    "skipped": 2,
    "hasSkipped": true
  },
  "results": [
    {
      "uuid": "a71b2b2c-eb53-43ac-9678-9406cf161c40",
      "title": "",
      "fullFile": "cypress\\e2e\\Messaging-TestSuite\\Messaging.cy.js",
      "file": "cypress\\e2e\\Messaging-TestSuite\\Messaging.cy.js",
      "beforeHooks": [],
      "afterHooks": [],
      "tests": [],
      "suites": [
        {
          "uuid": "1636c8e1-8591-4c32-865c-93b7f5f3c541",
          "title": "Messaging TestSuite",
          "fullFile": "",
          "file": "",
          "beforeHooks": [],
          "afterHooks": [],
          "tests": [
            {
              "title": "[004-002-0001] [Valid] View Received messages",
              "fullTitle": "Messaging TestSuite [004-002-0001] [Valid] View Received messages",
              "timedOut": null,
              "duration": 6382,
              "state": "failed",
              "speed": null,
              "pass": false,
              "fail": true,
              "pending": false,
              "context": null,
              "code": "cy.get(\"#menu\").should('be.visible').and('not.be.disabled').click();\ncy.get('[data-test=\"nav-menu\"]').should('be.visible').and('not.be.disabled').click();\ncy.get('[data-test=\"nav-my-messages\"]').should('be.visible').and('not.be.disabled').click();\ncy.url().should('eq', 'https://practicesoftwaretesting.com/account/messages');",
              "err": {
                "message": "AssertionError: Timed out retrying after 4000ms: expected 'https://practicesoftwaretesting.com/auth/login' to equal 'https://practicesoftwaretesting.com/account'\n\nThis error occurred while creating the session. Because the session setup failed, we failed the test.\n\nBecause this error occurred during a `before each` hook we are skipping the remaining tests in the current suite: `Messaging TestSuite`",
                "estack": "AssertionError: Timed out retrying after 4000ms: expected 'https://practicesoftwaretesting.com/auth/login' to equal 'https://practicesoftwaretesting.com/account'\n\nThis error occurred while creating the session. Because the session setup failed, we failed the test.\n\nBecause this error occurred during a `before each` hook we are skipping the remaining tests in the current suite: `Messaging TestSuite`\n    at Object.eval [as setup] (webpack:///./cypress/support/commands.js:18:13)\n    at Context.<anonymous> (https://practicesoftwaretesting.com/__cypress/runner/cypress_runner.js:132829:38)\n    at getRet (https://practicesoftwaretesting.com/__cypress/runner/cypress_runner.js:118278:20)\n    at tryCatcher (https://practicesoftwaretesting.com/__cypress/runner/cypress_runner.js:1777:23)\n    at Promise.attempt.Promise.try (https://practicesoftwaretesting.com/__cypress/runner/cypress_runner.js:4285:29)\n    at Context.thenFn (https://practicesoftwaretesting.com/__cypress/runner/cypress_runner.js:118289:66)\n    at Context.then (https://practicesoftwaretesting.com/__cypress/runner/cypress_runner.js:118540:21)\n    at wrapped (https://practicesoftwaretesting.com/__cypress/runner/cypress_runner.js:137823:19)",
                "diff": "- '\\'https://practicesoftwaretesting.com/auth/login\\''\n+ '\\'https://practicesoftwaretesting.com/account\\''\n"
              },
              "uuid": "c773c806-c197-43f8-9385-57335f0a8bb6",
              "parentUUID": "1636c8e1-8591-4c32-865c-93b7f5f3c541",
              "isHook": false,
              "skipped": false
            },
            {
              "title": "[004-002-0002][Valid] Respond to incoming message with data.",
              "fullTitle": "Messaging TestSuite [004-002-0002][Valid] Respond to incoming message with data.",
              "timedOut": null,
              "duration": 0,
              "state": "skipped",
              "speed": null,
              "pass": false,
              "fail": false,
              "pending": false,
              "context": null,
              "code": "// cy.get('[data-test=\"nav-menu\"]').should('be.visible').and('not.be.disabled').click();\ncy.get('[data-test=\"nav-messages\"]').should('not.be.disabled').and('be.visible').click();\ncy.get('[style=\"white-space: nowrap;\"] > .btn').should('be.visible').and('not.be.disabled').click();\ncy.get('#message').should('be.visible').should('not.be.disabled').type('Thanks for running this test , Test done by abdullah Aladham');\ncy.get(\"button[type='submit']\").should('be.visible').and('not.be.disabled').click();\ncy.get('body > app-root:nth-child(2) > div:nth-child(2) > app-message-detail:nth-child(2) > div:nth-child(2) > div:nth-child(1) > div:nth-child(3)').should('be.visible');",
              "err": {},
              "uuid": "7dfcc480-49a6-4c2e-8310-619bff4f6a14",
              "parentUUID": "1636c8e1-8591-4c32-865c-93b7f5f3c541",
              "isHook": false,
              "skipped": true
            },
            {
              "title": "[004-002-0003][invalid] Respond to incoming message with blank data",
              "fullTitle": "Messaging TestSuite [004-002-0003][invalid] Respond to incoming message with blank data",
              "timedOut": null,
              "duration": 0,
              "state": "skipped",
              "speed": null,
              "pass": false,
              "fail": false,
              "pending": false,
              "context": null,
              "code": "cy.get('[data-test=\"nav-messages\"]').should('be.visible').and('not.be.disabled').click();\ncy.get('.btn.btn-sm.btn-primary.mr-1').should('be.visible').and('not.be.disabled').click(); //Another one🤣\ncy.get('[data-test=\"reply-submit\"]').should('be.visible').and('not.be.disabled').click();\ncy.intercept({\n  method: \"POST\",\n  url: \"https://api.practicesoftwaretesting.com/messages/01jkkxet8h5nradx0n845hwt9g/reply\"\n}).as(\"NoBlankMsg\");\ncy.wait(\"@NoBlankMsg\");\n//    .then(interception =>{\n//     cy.wrap(interception.response.statusCode).should('eq',422)\n//    })",
              "err": {},
              "uuid": "9b788f95-58ac-4511-8d01-bc5fc8879136",
              "parentUUID": "1636c8e1-8591-4c32-865c-93b7f5f3c541",
              "isHook": false,
              "skipped": true
            }
          ],
          "suites": [],
          "passes": [],
          "failures": [
            "c773c806-c197-43f8-9385-57335f0a8bb6"
          ],
          "pending": [],
          "skipped": [
            "7dfcc480-49a6-4c2e-8310-619bff4f6a14",
            "9b788f95-58ac-4511-8d01-bc5fc8879136"
          ],
          "duration": 6382,
          "root": false,
          "rootEmpty": false,
          "_timeout": 2000
        }
      ],
      "passes": [],
      "failures": [],
      "pending": [],
      "skipped": [],
      "duration": 0,
      "root": true,
      "rootEmpty": true,
      "_timeout": 2000
    }
  ],
  "meta": {
    "mocha": {
      "version": "7.0.1"
    },
    "mochawesome": {
      "options": {
        "quiet": false,
        "reportFilename": "[status]_[datetime]-[name]-report",
        "saveHtml": true,
        "saveJson": true,
        "consoleReporter": "spec",
        "useInlineDiffs": false,
        "code": true
      },
      "version": "7.1.3"
    },
    "marge": {
      "options": {
        "reportFilename": "[status]_[datetime]-[name]-report",
        "timestamp": "longDate"
      },
      "version": "6.2.0"
    }
  }
}