{
  "stats": {
    "suites": 1,
    "tests": 8,
    "passes": 0,
    "pending": 0,
    "failures": 8,
    "start": "2025-02-10T16:54:04.165Z",
    "end": "2025-02-10T16:54:44.983Z",
    "duration": 40818,
    "testsRegistered": 8,
    "passPercent": 0,
    "pendingPercent": 0,
    "other": 0,
    "hasOther": false,
    "skipped": 0,
    "hasSkipped": false
  },
  "results": [
    {
      "uuid": "bc9d00c2-4c27-4342-9a94-03ca8c1cddc4",
      "title": "",
      "fullFile": "cypress\\e2e\\Product_Filters\\productFilters.cy.js",
      "file": "cypress\\e2e\\Product_Filters\\productFilters.cy.js",
      "beforeHooks": [],
      "afterHooks": [],
      "tests": [],
      "suites": [
        {
          "uuid": "90ff4446-600d-41cf-91a0-b9a3a0b0fb92",
          "title": "Product Filters TestSuite",
          "fullFile": "",
          "file": "",
          "beforeHooks": [],
          "afterHooks": [],
          "tests": [
            {
              "title": "[009-0001] Filter products by Checking “hand tools” Check box",
              "fullTitle": "Product Filters TestSuite [009-0001] Filter products by Checking “hand tools” Check box",
              "timedOut": null,
              "duration": 5352,
              "state": "failed",
              "speed": null,
              "pass": false,
              "fail": true,
              "pending": false,
              "context": null,
              "code": "cy.get('[data-test=\"category-01JKM03Q2AHCNHF2HTS6KGRCKV\"]').should('be.visible').and('not.be.disabled').check();\ncy.intercept({\n  method: \"GET\",\n  url: \"https://api.practicesoftwaretesting.com/products?between=price,1,100&by_category=01JKM03Q2AHCNHF2HTS6KGRCKV,01JKM03Q2SZJJCW268DBGFATSJ,01JKM03Q2SZJJCW268DBGFATSK,01JKM03Q2SZJJCW268DBGFATSM,01JKM03Q2SZJJCW268DBGFATSN,01JKM03Q2SZJJCW268DBGFATSP,01JKM03Q2SZJJCW268DBGFATSQ,01JKM03Q2SZJJCW268DBGFATSR&page=0\"\n}).as(\"getAllProdbyCategoryandpriceRange\");\ncy.wait(\"@getAllProdbyCategoryandpriceRange\").then(interception => {\n  console.log(interception);\n  cy.wrap(interception.response.statusCode).should('eq', 200);\n});\n//    cy.intercept({method:\"OPTIONS\",\n//     url:\"https://api.practicesoftwaretesting.com/products?between=price,1,100&by_category=01JKBGW30PCSEAWBHV1HYWNK8R,01JKBGW30T1AS7PCCD3NN4KYQS,01JKBGW30T1AS7PCCD3NN4KYQT,01JKBGW30T1AS7PCCD3NN4KYQV,01JKBGW30T1AS7PCCD3NN4KYQW,01JKBGW30T1AS7PCCD3NN4KYQX,01JKBGW30T1AS7PCCD3NN4KYQY,01JKBGW30T1AS7PCCD3NN4KYQZ&page=0\"\n//    }).as(\"getAllProdbyCategoryandpriceRangeOptionsReq\");\n//    cy.wait(\"@getAllProdbyCategoryandpriceRangeOptionsReq\")\n//    .then(interception =>{\n//     console.log(interception)\n//     cy.wrap(interception.response.statusCode).should('eq',204)\n//    });",
              "err": {
                "message": "AssertionError: Timed out retrying after 4000ms: Expected to find element: `[data-test=\"category-01JKM03Q2AHCNHF2HTS6KGRCKV\"]`, but never found it.",
                "estack": "AssertionError: Timed out retrying after 4000ms: Expected to find element: `[data-test=\"category-01JKM03Q2AHCNHF2HTS6KGRCKV\"]`, but never found it.\n    at Context.eval (webpack:///./cypress/e2e/Product_Filters/productFilters.cy.js:7:68)",
                "diff": null
              },
              "uuid": "99b00124-dc1e-40c5-a47e-0d1f2e19cc7f",
              "parentUUID": "90ff4446-600d-41cf-91a0-b9a3a0b0fb92",
              "isHook": false,
              "skipped": false
            },
            {
              "title": "[009-0001-01]Checking “Hammer” subcategory only. With changing price range.",
              "fullTitle": "Product Filters TestSuite [009-0001-01]Checking “Hammer” subcategory only. With changing price range.",
              "timedOut": null,
              "duration": 5996,
              "state": "failed",
              "speed": null,
              "pass": false,
              "fail": true,
              "pending": false,
              "context": null,
              "code": "cy.get(\"span[aria-label='ngx-slider']\").should('be.visible').and('not.be.disabled').invoke('val', '1').trigger('input').should('have.value', '1');\ncy.get(\"span[aria-label='ngx-slider-max']\").should('be.visible').and('not.be.disabled').invoke('val', '50').trigger('input').should('have.value', '50');\ncy.intercept({\n  method: \"GET\",\n  url: 'https://api.practicesoftwaretesting.com/products?between=price,1,50&by_category=01JKM03Q2SZJJCW268DBGFATSJ&page=0'\n}).as('getHammersWithRange1-50');\ncy.wait('@getHammersWithRange1-50').then(interception => {\n  console.log(interception);\n  cy.wrap(interception.response.statusCode).should('eq', 200);\n});",
              "err": {
                "message": "CypressError: Timed out retrying after 5000ms: `cy.wait()` timed out waiting `5000ms` for the 1st request to the route: `getHammersWithRange1-50`. No request ever occurred.\n\nhttps://on.cypress.io/wait",
                "estack": "CypressError: Timed out retrying after 5000ms: `cy.wait()` timed out waiting `5000ms` for the 1st request to the route: `getHammersWithRange1-50`. No request ever occurred.\n\nhttps://on.cypress.io/wait\n    at cypressErr (https://practicesoftwaretesting.com/__cypress/runner/cypress_runner.js:75129:18)\n    at Object.errByPath (https://practicesoftwaretesting.com/__cypress/runner/cypress_runner.js:75183:10)\n    at checkForXhr (https://practicesoftwaretesting.com/__cypress/runner/cypress_runner.js:135066:84)\n    at <unknown> (https://practicesoftwaretesting.com/__cypress/runner/cypress_runner.js:135092:28)\n    at tryCatcher (https://practicesoftwaretesting.com/__cypress/runner/cypress_runner.js:1777:23)\n    at Promise.attempt.Promise.try (https://practicesoftwaretesting.com/__cypress/runner/cypress_runner.js:4285:29)\n    at whenStable (https://practicesoftwaretesting.com/__cypress/runner/cypress_runner.js:143474:68)\n    at <unknown> (https://practicesoftwaretesting.com/__cypress/runner/cypress_runner.js:143415:14)\n    at tryCatcher (https://practicesoftwaretesting.com/__cypress/runner/cypress_runner.js:1777:23)\n    at Promise._settlePromiseFromHandler (https://practicesoftwaretesting.com/__cypress/runner/cypress_runner.js:1489:31)\n    at Promise._settlePromise (https://practicesoftwaretesting.com/__cypress/runner/cypress_runner.js:1546:18)\n    at Promise._settlePromise0 (https://practicesoftwaretesting.com/__cypress/runner/cypress_runner.js:1591:10)\n    at Promise._settlePromises (https://practicesoftwaretesting.com/__cypress/runner/cypress_runner.js:1671:18)\n    at Promise._fulfill (https://practicesoftwaretesting.com/__cypress/runner/cypress_runner.js:1615:18)\n    at <unknown> (https://practicesoftwaretesting.com/__cypress/runner/cypress_runner.js:5420:46)",
                "diff": null
              },
              "uuid": "f864a6bf-9221-4d6f-94d5-c752b6336283",
              "parentUUID": "90ff4446-600d-41cf-91a0-b9a3a0b0fb92",
              "isHook": false,
              "skipped": false
            },
            {
              "title": "[009-0001-02]Checking \"Hand Saw\" subcategory only.",
              "fullTitle": "Product Filters TestSuite [009-0001-02]Checking \"Hand Saw\" subcategory only.",
              "timedOut": null,
              "duration": 4841,
              "state": "failed",
              "speed": null,
              "pass": false,
              "fail": true,
              "pending": false,
              "context": null,
              "code": "cy.get('[data-test=\"category-01JKM03Q2SZJJCW268DBGFATSK\"]').should('be.visible').and('not.be.disabled').check();\ncy.intercept({\n  method: \"GET\",\n  url: \"https://api.practicesoftwaretesting.com/products?between=price,1,100&by_category=01JKM03Q2SZJJCW268DBGFATSK&page=0\"\n}).as(\"getAllProdbyCategoryandpriceRangeOptionsReq\");\ncy.wait(\"@getAllProdbyCategoryandpriceRange\").then(interception => {\n  console.log(interception);\n  cy.wrap(interception.response.statusCode).should('eq', 200);\n});\ncy.intercept({\n  method: \"GET\",\n  url: \"https://practicesoftwaretesting.com/assets/img/products/saw01.avif\"\n}).as(\"getAllProdbyCategoryandpriceRangeOptionsReq\");\ncy.wait(\"@getAllProdbyCategoryandpriceRange\").then(interception => {\n  console.log(interception);\n  cy.wrap(interception.response.statusCode).should('eq', 200);\n});",
              "err": {
                "message": "AssertionError: Timed out retrying after 4000ms: Expected to find element: `[data-test=\"category-01JKM03Q2SZJJCW268DBGFATSK\"]`, but never found it.",
                "estack": "AssertionError: Timed out retrying after 4000ms: Expected to find element: `[data-test=\"category-01JKM03Q2SZJJCW268DBGFATSK\"]`, but never found it.\n    at Context.eval (webpack:///./cypress/e2e/Product_Filters/productFilters.cy.js:56:68)",
                "diff": null
              },
              "uuid": "a3f35dcf-a7a4-446e-bc36-e979773d0d1e",
              "parentUUID": "90ff4446-600d-41cf-91a0-b9a3a0b0fb92",
              "isHook": false,
              "skipped": false
            },
            {
              "title": "[009-0001-03] Checking ”Wrench” subcategory only.",
              "fullTitle": "Product Filters TestSuite [009-0001-03] Checking ”Wrench” subcategory only.",
              "timedOut": null,
              "duration": 4805,
              "state": "failed",
              "speed": null,
              "pass": false,
              "fail": true,
              "pending": false,
              "context": null,
              "code": "cy.get('[data-test=\"category-01JKM3HAE5R0030YKAPMC75CDG\"]').should('not.be.disabled').and('be.visible').check();\ncy.intercept({\n  method: \"GET\",\n  url: \"https://api.practicesoftwaretesting.com/products?between=price,1,100&by_category=01JKM03Q2SZJJCW268DBGFATSM&page=0\"\n}).as(\"getAllProdbyCategoryandpriceRangeOptionsReq\");\ncy.wait(\"@getAllProdbyCategoryandpriceRange\").then(interception => {\n  console.log(interception);\n  cy.wrap(interception.response.statusCode).should('eq', 200);\n});\ncy.intercept({\n  method: \"GET\",\n  url: \"https://practicesoftwaretesting.com/assets/img/products/saw01.avif\"\n}).as(\"getAllProdbyCategoryandpriceRangeOptionsReq\");\ncy.wait(\"@getAllProdbyCategoryandpriceRange\").then(interception => {\n  console.log(interception);\n  cy.wrap(interception.response.statusCode).should('eq', 200);\n});",
              "err": {
                "message": "AssertionError: Timed out retrying after 4000ms: Expected to find element: `[data-test=\"category-01JKM3HAE5R0030YKAPMC75CDG\"]`, but never found it.",
                "estack": "AssertionError: Timed out retrying after 4000ms: Expected to find element: `[data-test=\"category-01JKM3HAE5R0030YKAPMC75CDG\"]`, but never found it.\n    at Context.eval (webpack:///./cypress/e2e/Product_Filters/productFilters.cy.js:83:68)",
                "diff": null
              },
              "uuid": "67f050b2-306e-49bb-826e-7a89a68a1dba",
              "parentUUID": "90ff4446-600d-41cf-91a0-b9a3a0b0fb92",
              "isHook": false,
              "skipped": false
            },
            {
              "title": "[009-0001-04] Checking “Screwdriver” subcategory only. .[Might be done later]",
              "fullTitle": "Product Filters TestSuite [009-0001-04] Checking “Screwdriver” subcategory only. .[Might be done later]",
              "timedOut": null,
              "duration": 4802,
              "state": "failed",
              "speed": null,
              "pass": false,
              "fail": true,
              "pending": false,
              "context": null,
              "code": "cy.get('[data-test=\"category-01JKM3HAE5R0030YKAPMC75CDH\"]').should('be.visible').and('not.be.disabled').check();\ncy.intercept({\n  method: \"GET\",\n  url: \"https://api.practicesoftwaretesting.com/products?between=price,1,100&by_category=01JKBYKG03VG9ERDM7RJXEVPG2&page=0\"\n}).as(\"getAllProdbyCategoryandpriceRange\");\ncy.wait(\"@getAllProdbyCategoryandpriceRange\").then(interception => {\n  console.log(interception);\n  cy.wrap(interception.response.statusCode).should('eq', 200);\n});",
              "err": {
                "message": "AssertionError: Timed out retrying after 4000ms: Expected to find element: `[data-test=\"category-01JKM3HAE5R0030YKAPMC75CDH\"]`, but never found it.",
                "estack": "AssertionError: Timed out retrying after 4000ms: Expected to find element: `[data-test=\"category-01JKM3HAE5R0030YKAPMC75CDH\"]`, but never found it.\n    at Context.eval (webpack:///./cypress/e2e/Product_Filters/productFilters.cy.js:110:68)",
                "diff": null
              },
              "uuid": "a39fe07c-d249-4724-86ce-f1d009bbeab2",
              "parentUUID": "90ff4446-600d-41cf-91a0-b9a3a0b0fb92",
              "isHook": false,
              "skipped": false
            },
            {
              "title": "[009-0001] Filter products by Checking “grinder” Check box",
              "fullTitle": "Product Filters TestSuite [009-0001] Filter products by Checking “grinder” Check box",
              "timedOut": null,
              "duration": 4842,
              "state": "failed",
              "speed": null,
              "pass": false,
              "fail": true,
              "pending": false,
              "context": null,
              "code": "cy.get('[data-test=\"category-01JKM3HAE5R0030YKAPMC75CDN\"]').check();\ncy.intercept({\n  method: \"GET\",\n  url: \"https://api.practicesoftwaretesting.com/products?between=price,1,100&by_category=01JKM03Q2SZJJCW268DBGFATSS&page=0\"\n}).as(\"getGrinderbetween1-100\");\ncy.wait(\"@getGrinderbetween1-100\").then(interception => {\n  console.log(interception);\n  cy.wrap(interception.response.statusCode).should('eq', 200);\n});",
              "err": {
                "message": "AssertionError: Timed out retrying after 4000ms: Expected to find element: `[data-test=\"category-01JKM3HAE5R0030YKAPMC75CDN\"]`, but never found it.",
                "estack": "AssertionError: Timed out retrying after 4000ms: Expected to find element: `[data-test=\"category-01JKM3HAE5R0030YKAPMC75CDN\"]`, but never found it.\n    at Context.eval (webpack:///./cypress/e2e/Product_Filters/productFilters.cy.js:127:11)",
                "diff": null
              },
              "uuid": "b23c301e-c006-4ee0-adeb-9c35101bdc78",
              "parentUUID": "90ff4446-600d-41cf-91a0-b9a3a0b0fb92",
              "isHook": false,
              "skipped": false
            },
            {
              "title": "Filter products by Checking \"others\" Check box",
              "fullTitle": "Product Filters TestSuite Filter products by Checking \"others\" Check box",
              "timedOut": null,
              "duration": 4795,
              "state": "failed",
              "speed": null,
              "pass": false,
              "fail": true,
              "pending": false,
              "context": null,
              "code": "cy.get('[data-test=\"category-01JKM3HADWPKWPX18535FA2WAS\"]').should('be.visible').and('not.be.disabled').check();\ncy.intercept({\n  method: \"GET\",\n  url: \"https://api.practicesoftwaretesting.com/products?between=price,1,100&by_category=01JKC5F602K6BRPKNZE80QT5VW&page=0\"\n}).as(\"GetOther\");\ncy.wait(\"@GetOther\").then(interception => {\n  console.log(interception);\n  cy.wrap(interception.response.statusCode).should('eq', 200);\n});",
              "err": {
                "message": "AssertionError: Timed out retrying after 4000ms: Expected to find element: `[data-test=\"category-01JKM3HADWPKWPX18535FA2WAS\"]`, but never found it.",
                "estack": "AssertionError: Timed out retrying after 4000ms: Expected to find element: `[data-test=\"category-01JKM3HADWPKWPX18535FA2WAS\"]`, but never found it.\n    at Context.eval (webpack:///./cypress/e2e/Product_Filters/productFilters.cy.js:141:68)",
                "diff": null
              },
              "uuid": "4f0c2c2f-d943-4558-9d62-8f3e45eb36ac",
              "parentUUID": "90ff4446-600d-41cf-91a0-b9a3a0b0fb92",
              "isHook": false,
              "skipped": false
            },
            {
              "title": "By checking “ForgeFlex Tools” check box",
              "fullTitle": "Product Filters TestSuite By checking “ForgeFlex Tools” check box",
              "timedOut": null,
              "duration": 4828,
              "state": "failed",
              "speed": null,
              "pass": false,
              "fail": true,
              "pending": false,
              "context": null,
              "code": "cy.get('[data-test=\"brand-01JKM3HAD919QEHRE7GZ4CQREN\"]').should('be.visible').and('not.be.disabled').check();\ncy.intercept({\n  url: \"https://api.practicesoftwaretesting.com/products?between=price,1,100&by_brand=01JKM3HAD919QEHRE7GZ4CQREN&page=0\",\n  method: \"GET\"\n}).as(\"getProductsByBrand\");\ncy.wait(\"@getProductsByBrand\").then(interception => {\n  console.log(interception);\n  cy.wrap(interception.response.statusCode).should('eq', 200);\n});",
              "err": {
                "message": "AssertionError: Timed out retrying after 4000ms: Expected to find element: `[data-test=\"brand-01JKM3HAD919QEHRE7GZ4CQREN\"]`, but never found it.",
                "estack": "AssertionError: Timed out retrying after 4000ms: Expected to find element: `[data-test=\"brand-01JKM3HAD919QEHRE7GZ4CQREN\"]`, but never found it.\n    at Context.eval (webpack:///./cypress/e2e/Product_Filters/productFilters.cy.js:155:65)",
                "diff": null
              },
              "uuid": "8f8a1709-b576-4aca-bfa7-cc7af12ffae5",
              "parentUUID": "90ff4446-600d-41cf-91a0-b9a3a0b0fb92",
              "isHook": false,
              "skipped": false
            }
          ],
          "suites": [],
          "passes": [],
          "failures": [
            "99b00124-dc1e-40c5-a47e-0d1f2e19cc7f",
            "f864a6bf-9221-4d6f-94d5-c752b6336283",
            "a3f35dcf-a7a4-446e-bc36-e979773d0d1e",
            "67f050b2-306e-49bb-826e-7a89a68a1dba",
            "a39fe07c-d249-4724-86ce-f1d009bbeab2",
            "b23c301e-c006-4ee0-adeb-9c35101bdc78",
            "4f0c2c2f-d943-4558-9d62-8f3e45eb36ac",
            "8f8a1709-b576-4aca-bfa7-cc7af12ffae5"
          ],
          "pending": [],
          "skipped": [],
          "duration": 40261,
          "root": false,
          "rootEmpty": false,
          "_timeout": 2000
        }
      ],
      "passes": [],
      "failures": [],
      "pending": [],
      "skipped": [],
      "duration": 0,
      "root": true,
      "rootEmpty": true,
      "_timeout": 2000
    }
  ],
  "meta": {
    "mocha": {
      "version": "7.0.1"
    },
    "mochawesome": {
      "options": {
        "quiet": false,
        "reportFilename": "[status]_[datetime]-[name]-report",
        "saveHtml": true,
        "saveJson": true,
        "consoleReporter": "spec",
        "useInlineDiffs": false,
        "code": true
      },
      "version": "7.1.3"
    },
    "marge": {
      "options": {
        "reportFilename": "[status]_[datetime]-[name]-report",
        "timestamp": "longDate"
      },
      "version": "6.2.0"
    }
  }
}