{
  "stats": {
    "suites": 1,
    "tests": 20,
    "passes": 15,
    "pending": 0,
    "failures": 5,
    "start": "2025-02-10T16:56:06.325Z",
    "end": "2025-02-10T16:58:25.396Z",
    "duration": 139071,
    "testsRegistered": 20,
    "passPercent": 75,
    "pendingPercent": 0,
    "other": 0,
    "hasOther": false,
    "skipped": 0,
    "hasSkipped": false
  },
  "results": [
    {
      "uuid": "2fad57f5-1b5e-4383-8c5e-527d33284661",
      "title": "",
      "fullFile": "cypress\\e2e\\UserMembership\\SignUp\\Registration.cy.js",
      "file": "cypress\\e2e\\UserMembership\\SignUp\\Registration.cy.js",
      "beforeHooks": [],
      "afterHooks": [],
      "tests": [],
      "suites": [
        {
          "uuid": "6162ea52-f5bf-4191-867b-9184b41c5f5c",
          "title": "Registration TestSuite",
          "fullFile": "",
          "file": "",
          "beforeHooks": [],
          "afterHooks": [],
          "tests": [
            {
              "title": "[003-0005][Valid] Register User with valid data for all fields.",
              "fullTitle": "Registration TestSuite [003-0005][Valid] Register User with valid data for all fields.",
              "timedOut": null,
              "duration": 6595,
              "state": "passed",
              "speed": "medium",
              "pass": true,
              "fail": false,
              "pending": false,
              "context": null,
              "code": "cy.get(\"a[aria-label='Register your account']\").should('be.visible').and('not.be.disabled').click();\n// cy.url().should('eq','auth/register');\ncy.get('input[data-test=\"first-name\"]').and('not.be.disabled').type(_faker.faker.person.firstName());\ncy.get('input[id=\"last_name\"]').and('not.be.disabled').type(_faker.faker.person.lastName());\ncy.get('input[id=\"dob\"]').should('be.visible').and('not.be.disabled').type('1998-01-16');\ncy.get('input[id=\"address\"]').should('be.visible').and('not.be.disabled').type(_faker.faker.location.streetAddress());\ncy.get('input[id=\"postcode\"]').should('be.visible').and('not.be.disabled').type(_faker.faker.location.zipCode());\ncy.get('input[id=\"city\"]').should('be.visible').and('not.be.disabled').type(_faker.faker.location.city());\ncy.get('input[id=\"state\"]').should('be.visible').and('not.be.disabled').type(_faker.faker.location.state());\ncy.get('select[id=\"country\"]').select(\"US\");\ncy.get('input[data-test=\"phone\"]').should('be.visible').type(1234567889);\ncy.get('input[id=\"email\"]').should('be.visible').type(_faker.faker.internet.email());\ncy.get('input[id=\"password\"]').should('be.visible').and('not.be.disabled').type('H3lp1111!');\ncy.get(\"button[type='submit']\").should('be.visible').and('not.be.disabled').click();\ncy.intercept({\n  method: \"POST\",\n  url: \"https://api.practicesoftwaretesting.com/users/register\"\n}).as(\"AccountCreated\");\ncy.wait(\"@AccountCreated\").then(interception => {\n  cy.wrap(interception.response.statusCode).should('eq', 201);\n});",
              "err": {},
              "uuid": "e329110d-b8a9-4be5-b425-958175ab8597",
              "parentUUID": "6162ea52-f5bf-4191-867b-9184b41c5f5c",
              "isHook": false,
              "skipped": false
            },
            {
              "title": "[003-0006][Invalid] Register User with blank first name and last name",
              "fullTitle": "Registration TestSuite [003-0006][Invalid] Register User with blank first name and last name",
              "timedOut": null,
              "duration": 22596,
              "state": "failed",
              "speed": null,
              "pass": false,
              "fail": true,
              "pending": false,
              "context": null,
              "code": "cy.get(\"a[aria-label='Register your account']\").should('be.visible').and('not.be.disabled').click();\ncy.get('input[id=\"dob\"]').should('be.visible').and('not.be.disabled').type('1995-10-02');\ncy.get('input[id=\"address\"]').should('be.visible').and('not.be.disabled').type('St.01');\ncy.get('input[id=\"postcode\"]').should('be.visible').and('not.be.disabled').type('1000');\ncy.get('input[id=\"city\"]').should('be.visible').and('not.be.disabled').type('Buffalo');\ncy.get('input[id=\"state\"]').should('be.visible').and('not.be.disabled').type('NewYork');\ncy.get('select[id=\"country\"]').select(\"US\");\ncy.get('input[id=\"phone\"]').should('be.visible').type(\"123456789\");\ncy.get('input[id=\"email\"]').should('be.visible').type(\"test@test.com\");\ncy.get('input[id=\"password\"]').should('be.visible').and('not.be.disabled').type('Test123!');\ncy.get('[data-test=\"register-submit\"]').should('be.visible').and('not.be.disabled').click();\ncy.get(\"div[data-test='first-name-error']\").should('have.text', ' First name is required ');\n// cy.get(\"div[data-test='first-name-error']\").invoke('attr','color').should('eq','#f8d7da');\ncy.get(\"div[data-test='last-name-error']\").should('have.text', 'last name is required');\n// cy.get(\"div[data-test='last-name-error']\").invoke('attr','color').should('eq','#f8d7da')",
              "err": {
                "message": "AssertionError: Timed out retrying after 4000ms: expected '<div.alert.alert-danger>' to have text 'last name is required', but the text was ' fields.last-name.required '",
                "estack": "AssertionError: Timed out retrying after 4000ms: expected '<div.alert.alert-danger>' to have text 'last name is required', but the text was ' fields.last-name.required '\n    at Context.eval (webpack:///./cypress/e2e/UserMembership/SignUp/Registration.cy.js:43:47)",
                "diff": "- ' fields.last-name.required '\n+ 'last name is required'\n"
              },
              "uuid": "b44b98e7-9859-4be0-a03b-105a24922996",
              "parentUUID": "6162ea52-f5bf-4191-867b-9184b41c5f5c",
              "isHook": false,
              "skipped": false
            },
            {
              "title": "[003-0007][Invalid] Register User with invalid year(e.g:12/24/275760)",
              "fullTitle": "Registration TestSuite [003-0007][Invalid] Register User with invalid year(e.g:12/24/275760)",
              "timedOut": null,
              "duration": 9326,
              "state": "failed",
              "speed": null,
              "pass": false,
              "fail": true,
              "pending": false,
              "context": null,
              "code": "cy.visit('/auth/login');\ncy.get(\"a[aria-label='Register your account']\").should('be.visible').and('not.be.disabled').click();\ncy.url().should('eq', 'https://practicesoftwaretesting.com/auth/register');\ncy.get('input[id=\"first_name\"]').should('be.visible').and('not.be.disabled').type(_faker.faker.person.firstName());\ncy.get('input[id=\"last_name\"]').should('be.visible').and('not.be.disabled').type(_faker.faker.person.lastName());\ncy.get('input[id=\"dob\"]').should('be.visible').and('not.be.disabled').type('2757-12-24');\ncy.get('input[id=\"address\"]').should('be.visible').and('not.be.disabled').type('St.01');\ncy.get('input[id=\"postcode\"]').should('be.visible').and('not.be.disabled').type('1000');\ncy.get('input[id=\"city\"]').should('be.visible').and('not.be.disabled').type('Buffalo');\ncy.get('input[id=\"state\"]').should('be.visible').and('not.be.disabled').type('NewYork');\ncy.get('select[id=\"country\"]').select(\"US\");\ncy.get('input[id=\"phone\"]').should('be.visible').type(\"123456789\");\ncy.get('input[id=\"email\"]').should('be.visible').type(\"test@test.com\");\ncy.get('input[id=\"password\"]').should('be.visible').and('not.be.disabled').type('wrgqefsdvDswrgwe4gt#!');\ncy.get('[data-test=\"register-submit\"]').should('be.visible').and('not.be.disabled').click();\ncy.get('[data-test=\"register-error\"]').should('have.text', 'Customer must be 18 years old.');\n// cy.get(\".alert.alert-danger.mt-3\").invoke('attr','color').should('eq','#f8d7da');\n//    cy.intercept({method:\"POST\",\n//     url:\"https://api.practicesoftwaretesting.com/users/register\"}).as(\"FailedReq\")\n//     cy.wait(\"@FailedReq\").then(interception =>{\n//         cy.wrap(interception.response.statusCode).should(\"eq\",422)\n//     })",
              "err": {
                "message": "AssertionError: Timed out retrying after 4000ms: expected '<div.alert.alert-danger>' to have text 'Customer must be 18 years old.', but the text was 'Customer must be 18 years old.\\nA customer with this email address already exists.'",
                "estack": "AssertionError: Timed out retrying after 4000ms: expected '<div.alert.alert-danger>' to have text 'Customer must be 18 years old.', but the text was 'Customer must be 18 years old.\\nA customer with this email address already exists.'\n    at Context.eval (webpack:///./cypress/e2e/UserMembership/SignUp/Registration.cy.js:63:43)",
                "diff": "- 'Customer must be 18 years old.\\nA customer with this email address already exists.'\n+ 'Customer must be 18 years old.'\n"
              },
              "uuid": "74e876c4-dc8d-4a21-a8ba-2a7f2052f04c",
              "parentUUID": "6162ea52-f5bf-4191-867b-9184b41c5f5c",
              "isHook": false,
              "skipped": false
            },
            {
              "title": "[003-0008][Invalid] Register User with Post Code That has null value",
              "fullTitle": "Registration TestSuite [003-0008][Invalid] Register User with Post Code That has null value",
              "timedOut": null,
              "duration": 3839,
              "state": "passed",
              "speed": "fast",
              "pass": true,
              "fail": false,
              "pending": false,
              "context": null,
              "code": "cy.visit('/auth/login');\ncy.get(\"a[aria-label='Register your account']\").should('be.visible').and('not.be.disabled').click();\ncy.url().should('eq', 'https://practicesoftwaretesting.com/auth/register');\ncy.get('input[id=\"dob\"]').should('be.visible').and('not.be.disabled').type('1996-10-16');\ncy.get('input[id=\"address\"]').should('be.visible').and('not.be.disabled').type('St.01');\ncy.get('input[id=\"city\"]').should('be.visible').and('not.be.disabled').type('Buffalo');\ncy.get('input[id=\"state\"]').should('be.visible').and('not.be.disabled').type('NewYork');\ncy.get('select[id=\"country\"]').select(\"US\");\ncy.get('input[data-test=\"phone\"]').should('be.visible').type(\"123456789\");\ncy.get('input[id=\"email\"]').should('be.visible').type(\"test@test.com\");\ncy.get('input[id=\"password\"]').should('be.visible').and('not.be.disabled').type('Test123!');\ncy.get('[data-test=\"register-submit\"]').should('be.visible').and('not.be.disabled').click();\ncy.get(\"div[data-test='postcode-error']\").should('have.text', ' Postcode is required ');",
              "err": {},
              "uuid": "0ef1fe65-b30f-4e44-be67-d2ffda743c5b",
              "parentUUID": "6162ea52-f5bf-4191-867b-9184b41c5f5c",
              "isHook": false,
              "skipped": false
            },
            {
              "title": "[003-0009][Invalid] Register User with city equals to NULL",
              "fullTitle": "Registration TestSuite [003-0009][Invalid] Register User with city equals to NULL",
              "timedOut": null,
              "duration": 3898,
              "state": "passed",
              "speed": "fast",
              "pass": true,
              "fail": false,
              "pending": false,
              "context": null,
              "code": "cy.visit('/auth/login');\ncy.get(\"a[aria-label='Register your account']\").should('be.visible').and('not.be.disabled').click();\ncy.url().should('eq', 'https://practicesoftwaretesting.com/auth/register');\ncy.get('[data-test=\"first-name\"]').should('be.visible').and('not.be.disabled').type(_faker.faker.person.firstName());\ncy.get('[data-test=\"last-name\"]').should('be.visible').and('not.be.disabled').type(_faker.faker.person.lastName());\ncy.get('input[id=\"dob\"]').should('be.visible').and('not.be.disabled').type('1990-05-30');\ncy.get('input[id=\"address\"]').should('be.visible').and('not.be.disabled').type('St.01');\ncy.get('input[id=\"postcode\"]').should('be.visible').and('not.be.disabled').type('1000');\ncy.get('input[id=\"state\"]').should('be.visible').and('not.be.disabled').type('NewYork');\ncy.get('select[id=\"country\"]').select(\"US\");\ncy.get('input[id=\"phone\"]').should('be.visible').type(\"123456789\");\ncy.get('input[id=\"email\"]').should('be.visible').type(\"test@test.com\");\ncy.get('input[id=\"password\"]').should('be.visible').and('not.be.disabled').type('Test123!');\ncy.get('[data-test=\"register-submit\"]').should('be.visible').and('not.be.disabled').click();\ncy.get(\"div[data-test='city-error']\").should('have.text', ' City is required ');",
              "err": {},
              "uuid": "e3a1635c-0172-4eb0-ac72-16af7c0ac253",
              "parentUUID": "6162ea52-f5bf-4191-867b-9184b41c5f5c",
              "isHook": false,
              "skipped": false
            },
            {
              "title": "[003-0010][Invalid] Register User without choosing a country",
              "fullTitle": "Registration TestSuite [003-0010][Invalid] Register User without choosing a country",
              "timedOut": null,
              "duration": 9726,
              "state": "failed",
              "speed": null,
              "pass": false,
              "fail": true,
              "pending": false,
              "context": null,
              "code": "cy.visit('/auth/register');\n// cy.get(\"a[aria-label='Register your account']\").should('be.visible').and('not.be.disabled').click();\ncy.url().should('eq', 'https://practicesoftwaretesting.com/auth/register');\ncy.get('[data-test=\"first-name\"]').and('not.be.disabled').type(_faker.faker.person.firstName());\ncy.get('[data-test=\"last-name\"]').and('not.be.disabled').type(_faker.faker.person.lastName());\ncy.get('input[data-test=\"dob\"]').should('be.visible').and('not.be.disabled').type('1987-01-05');\ncy.get('input[data-test=\"address\"]').should('be.visible').and('not.be.disabled').type(_faker.faker.location.streetAddress());\ncy.get('input[data-test=\"postcode\"]').should('be.visible').and('not.be.disabled').type(_faker.faker.location.zipCode());\ncy.get('input[data-test=\"city\"]').should('be.visible').and('not.be.disabled').type(_faker.faker.location.city());\ncy.get('input[data-test=\"state\"]').should('be.visible').and('not.be.disabled').type(_faker.faker.location.state());\ncy.get('input[data-test=\"phone\"]').should('be.visible').type('123456789');\ncy.get('input[data-test=\"email\"]').should('be.visible').type(_faker.faker.internet.email());\ncy.get('input[data-test=\"password\"]').should('be.visible').and('not.be.disabled').type('H3lp1111!');\ncy.get(\"button[type='submit']\").should('be.visible').and('not.be.disabled').click();\ncy.get(\"div[data-test='country-error']\").should('be.visible').and('have.text', ' Country is required ');\ncy.intercept({\n  method: \"POST\",\n  url: \"https://api.practicesoftwaretesting.com/users/me\"\n}).as(\"FailRegReq\");\ncy.wait('@FailRegReq').then(interception => {\n  cy.wrap(interception.response.statusCode).should('eq', 401);\n});",
              "err": {
                "message": "CypressError: Timed out retrying after 5000ms: `cy.wait()` timed out waiting `5000ms` for the 1st request to the route: `FailRegReq`. No request ever occurred.\n\nhttps://on.cypress.io/wait",
                "estack": "CypressError: Timed out retrying after 5000ms: `cy.wait()` timed out waiting `5000ms` for the 1st request to the route: `FailRegReq`. No request ever occurred.\n\nhttps://on.cypress.io/wait\n    at cypressErr (https://practicesoftwaretesting.com/__cypress/runner/cypress_runner.js:75129:18)\n    at Object.errByPath (https://practicesoftwaretesting.com/__cypress/runner/cypress_runner.js:75183:10)\n    at checkForXhr (https://practicesoftwaretesting.com/__cypress/runner/cypress_runner.js:135066:84)\n    at <unknown> (https://practicesoftwaretesting.com/__cypress/runner/cypress_runner.js:135092:28)\n    at tryCatcher (https://practicesoftwaretesting.com/__cypress/runner/cypress_runner.js:1777:23)\n    at Promise.attempt.Promise.try (https://practicesoftwaretesting.com/__cypress/runner/cypress_runner.js:4285:29)\n    at whenStable (https://practicesoftwaretesting.com/__cypress/runner/cypress_runner.js:143474:68)\n    at <unknown> (https://practicesoftwaretesting.com/__cypress/runner/cypress_runner.js:143415:14)\n    at tryCatcher (https://practicesoftwaretesting.com/__cypress/runner/cypress_runner.js:1777:23)\n    at Promise._settlePromiseFromHandler (https://practicesoftwaretesting.com/__cypress/runner/cypress_runner.js:1489:31)\n    at Promise._settlePromise (https://practicesoftwaretesting.com/__cypress/runner/cypress_runner.js:1546:18)\n    at Promise._settlePromise0 (https://practicesoftwaretesting.com/__cypress/runner/cypress_runner.js:1591:10)\n    at Promise._settlePromises (https://practicesoftwaretesting.com/__cypress/runner/cypress_runner.js:1671:18)\n    at Promise._fulfill (https://practicesoftwaretesting.com/__cypress/runner/cypress_runner.js:1615:18)\n    at <unknown> (https://practicesoftwaretesting.com/__cypress/runner/cypress_runner.js:5420:46)",
                "diff": null
              },
              "uuid": "1452a691-d0f6-499b-9e7b-e12d33e4b6d9",
              "parentUUID": "6162ea52-f5bf-4191-867b-9184b41c5f5c",
              "isHook": false,
              "skipped": false
            },
            {
              "title": "[003-0011][Invalid] Register User with  blank phone number",
              "fullTitle": "Registration TestSuite [003-0011][Invalid] Register User with  blank phone number",
              "timedOut": null,
              "duration": 4818,
              "state": "passed",
              "speed": "fast",
              "pass": true,
              "fail": false,
              "pending": false,
              "context": null,
              "code": "cy.visit('/auth/login');\ncy.get(\"a[aria-label='Register your account']\").should('be.visible').and('not.be.disabled').click();\ncy.url().should('eq', 'https://practicesoftwaretesting.com/auth/register');\ncy.get('[data-test=\"first-name\"]').and('not.be.disabled').type(_faker.faker.person.firstName());\ncy.get('input[id=\"last_name\"]').and('not.be.disabled').type(_faker.faker.person.lastName());\ncy.get('input[id=\"dob\"]').should('be.visible').and('not.be.disabled').type('2000-08-25');\ncy.get('input[id=\"address\"]').should('be.visible').and('not.be.disabled').type(_faker.faker.location.streetAddress());\ncy.get('input[id=\"postcode\"]').should('be.visible').and('not.be.disabled').type(_faker.faker.location.zipCode());\ncy.get('input[id=\"city\"]').should('be.visible').and('not.be.disabled').type(_faker.faker.location.city());\ncy.get('input[id=\"state\"]').should('be.visible').and('not.be.disabled').type(_faker.faker.location.state());\ncy.get('select[id=\"country\"]').select(\"US\");\ncy.get('input[id=\"email\"]').should('be.visible').type(\"test@test.com\");\ncy.get('input[id=\"password\"]').should('be.visible').and('not.be.disabled').type('H3lp1111!');\ncy.get(\"button[type='submit']\").should('be.visible').and('not.be.disabled').click();\ncy.get('[data-test=\"phone-error\"]').should('be.visible').and('have.text', ' Phone is required. ');",
              "err": {},
              "uuid": "df1ea830-c51d-4b01-8274-7ee97b3cd6e0",
              "parentUUID": "6162ea52-f5bf-4191-867b-9184b41c5f5c",
              "isHook": false,
              "skipped": false
            },
            {
              "title": "[003-0012][Invalid] Register User with  string data ",
              "fullTitle": "Registration TestSuite [003-0012][Invalid] Register User with  string data ",
              "timedOut": null,
              "duration": 4758,
              "state": "passed",
              "speed": "fast",
              "pass": true,
              "fail": false,
              "pending": false,
              "context": null,
              "code": "cy.visit('/auth/login');\ncy.get(\"a[aria-label='Register your account']\").should('be.visible').and('not.be.disabled').click();\ncy.url().should('eq', 'https://practicesoftwaretesting.com/auth/register');\ncy.get('[data-test=\"first-name\"]').and('not.be.disabled').type(_faker.faker.person.firstName());\ncy.get('input[id=\"last_name\"]').and('not.be.disabled').type(_faker.faker.person.lastName());\ncy.get('input[id=\"dob\"]').should('be.visible').and('not.be.disabled').type('1968-06-08');\ncy.get('input[id=\"address\"]').should('be.visible').and('not.be.disabled').type(_faker.faker.location.streetAddress());\ncy.get('input[id=\"postcode\"]').should('be.visible').and('not.be.disabled').type(_faker.faker.location.zipCode());\ncy.get('input[id=\"city\"]').should('be.visible').and('not.be.disabled').type(_faker.faker.location.city());\ncy.get('input[id=\"state\"]').should('be.visible').and('not.be.disabled').type(_faker.faker.location.state());\ncy.get('select[id=\"country\"]').select(\"US\");\ncy.get('input[id=\"phone\"]').should('be.visible').type('jb');\ncy.get('input[id=\"email\"]').should('be.visible').type(\"test@test.com\");\ncy.get('input[id=\"password\"]').should('be.visible').and('not.be.disabled').type('H3lp1111!');\ncy.get(\"button[type='submit']\").should('be.visible').and('not.be.disabled').click();\ncy.get('[data-test=\"phone-error\"]').should('be.visible').and('have.text', ' Only numbers are allowed. ');",
              "err": {},
              "uuid": "9aaeef64-a303-406f-9c39-196c1c7452d7",
              "parentUUID": "6162ea52-f5bf-4191-867b-9184b41c5f5c",
              "isHook": false,
              "skipped": false
            },
            {
              "title": "[003-0012][Invalid] Register User with special characters like + or - in phone",
              "fullTitle": "Registration TestSuite [003-0012][Invalid] Register User with special characters like + or - in phone",
              "timedOut": null,
              "duration": 4698,
              "state": "passed",
              "speed": "fast",
              "pass": true,
              "fail": false,
              "pending": false,
              "context": null,
              "code": "cy.visit('/auth/login');\ncy.get(\"a[aria-label='Register your account']\").should('be.visible').and('not.be.disabled').click();\ncy.url().should('eq', 'https://practicesoftwaretesting.com/auth/register');\ncy.get('[data-test=\"first-name\"]').and('not.be.disabled').type(_faker.faker.person.firstName());\ncy.get('input[id=\"last_name\"]').and('not.be.disabled').type(_faker.faker.person.lastName());\ncy.get('input[id=\"dob\"]').should('be.visible').and('not.be.disabled').type('1992-02-02');\ncy.get('input[id=\"address\"]').should('be.visible').and('not.be.disabled').type(_faker.faker.location.streetAddress());\ncy.get('input[id=\"postcode\"]').should('be.visible').and('not.be.disabled').type(_faker.faker.location.zipCode());\ncy.get('input[id=\"city\"]').should('be.visible').and('not.be.disabled').type(_faker.faker.location.city());\ncy.get('input[id=\"state\"]').should('be.visible').and('not.be.disabled').type(_faker.faker.location.state());\ncy.get('select[id=\"country\"]').select(\"US\");\ncy.get('input[id=\"phone\"]').should('be.visible').type('+1234');\ncy.get('input[id=\"email\"]').should('be.visible').type(\"test@test.com\");\ncy.get('input[id=\"password\"]').should('be.visible').and('not.be.disabled').type('H3lp1111!');\ncy.get(\"button[type='submit']\").should('be.visible').and('not.be.disabled').click();\ncy.get('[data-test=\"phone-error\"]').should('be.visible').and('have.text', ' Only numbers are allowed. ');",
              "err": {},
              "uuid": "bdb45798-41ec-4611-8d53-79553190976b",
              "parentUUID": "6162ea52-f5bf-4191-867b-9184b41c5f5c",
              "isHook": false,
              "skipped": false
            },
            {
              "title": "[003-0015][Invalid] Register User with blank email address.",
              "fullTitle": "Registration TestSuite [003-0015][Invalid] Register User with blank email address.",
              "timedOut": null,
              "duration": 4558,
              "state": "passed",
              "speed": "fast",
              "pass": true,
              "fail": false,
              "pending": false,
              "context": null,
              "code": "cy.visit('/auth/login');\ncy.get(\"a[aria-label='Register your account']\").should('be.visible').and('not.be.disabled').click();\ncy.url().should('eq', 'https://practicesoftwaretesting.com/auth/register');\ncy.get('input[id=\"first_name\"]').and('not.be.disabled').type(_faker.faker.person.firstName());\ncy.get('input[id=\"last_name\"]').and('not.be.disabled').type(_faker.faker.person.lastName());\ncy.get('input[id=\"dob\"]').should('be.visible').and('not.be.disabled').type('2001-04-12');\ncy.get('input[id=\"address\"]').should('be.visible').and('not.be.disabled').type(_faker.faker.location.streetAddress());\ncy.get('input[id=\"postcode\"]').should('be.visible').and('not.be.disabled').type(_faker.faker.location.zipCode());\ncy.get('input[id=\"city\"]').should('be.visible').and('not.be.disabled').type(_faker.faker.location.city());\ncy.get('input[id=\"state\"]').should('be.visible').and('not.be.disabled').type(_faker.faker.location.state());\ncy.get('select[id=\"country\"]').select(\"US\");\ncy.get('[data-test=\"phone\"]').should('be.visible').type(\"1234567789\");\ncy.get('input[id=\"password\"]').should('be.visible').and('not.be.disabled').type('wgewrgqewgqwWewefwdef42553134!');\ncy.get(\"button[type='submit']\").should('be.visible').and('not.be.disabled').click();\ncy.get(\"div[data-test='email-error']\").should('have.text', \" Email is required \").and('be.visible');",
              "err": {},
              "uuid": "32b53890-1440-49aa-818d-0435f2a5509b",
              "parentUUID": "6162ea52-f5bf-4191-867b-9184b41c5f5c",
              "isHook": false,
              "skipped": false
            },
            {
              "title": "[003-0016][Invalid] Register User with invalid email format",
              "fullTitle": "Registration TestSuite [003-0016][Invalid] Register User with invalid email format",
              "timedOut": null,
              "duration": 5354,
              "state": "passed",
              "speed": "medium",
              "pass": true,
              "fail": false,
              "pending": false,
              "context": null,
              "code": "cy.visit('/auth/login');\ncy.get(\"a[aria-label='Register your account']\").should('be.visible').and('not.be.disabled').click();\ncy.url().should('eq', 'https://practicesoftwaretesting.com/auth/register');\ncy.get('[data-test=\"first-name\"]').and('not.be.disabled').type(_faker.faker.person.firstName());\ncy.get('input[id=\"last_name\"]').and('not.be.disabled').type(_faker.faker.person.lastName());\ncy.get('input[id=\"dob\"]').should('be.visible').and('not.be.disabled').type('1988-07-02');\ncy.get('input[id=\"address\"]').should('be.visible').and('not.be.disabled').type(_faker.faker.location.streetAddress());\ncy.get('input[id=\"postcode\"]').should('be.visible').and('not.be.disabled').type(_faker.faker.location.zipCode());\ncy.get('input[id=\"city\"]').should('be.visible').and('not.be.disabled').type(_faker.faker.location.city());\ncy.get('input[id=\"state\"]').should('be.visible').and('not.be.disabled').type(_faker.faker.location.state());\ncy.get('select[id=\"country\"]').select(\"US\");\ncy.get('input[id=\"phone\"]').should('be.visible').type('23445536235');\ncy.get('input[id=\"email\"]').should('be.visible').type(\"test\");\ncy.get('input[id=\"password\"]').should('be.visible').and('not.be.disabled').type('H3lp1111!');\ncy.get(\"button[type='submit']\").should('be.visible').and('not.be.disabled').click();\n// cy.url().should('eq','auth/login');",
              "err": {},
              "uuid": "75db57fb-bf34-4b32-b950-c4786899f8a8",
              "parentUUID": "6162ea52-f5bf-4191-867b-9184b41c5f5c",
              "isHook": false,
              "skipped": false
            },
            {
              "title": "[003-0017][Invalid] Register User with invalid email format.",
              "fullTitle": "Registration TestSuite [003-0017][Invalid] Register User with invalid email format.",
              "timedOut": null,
              "duration": 4522,
              "state": "passed",
              "speed": "fast",
              "pass": true,
              "fail": false,
              "pending": false,
              "context": null,
              "code": "cy.visit('https://practicesoftwaretesting.com/auth/login');\ncy.get(\"a[aria-label='Register your account']\").should('be.visible').and('not.be.disabled').click();\ncy.url().should('eq', 'https://practicesoftwaretesting.com/auth/register');\ncy.get('[data-test=\"first-name\"]').and('not.be.disabled').type(_faker.faker.person.firstName());\ncy.get('input[id=\"last_name\"]').and('not.be.disabled').type(_faker.faker.person.lastName());\ncy.get('input[id=\"dob\"]').should('be.visible').and('not.be.disabled').type('1976-09-15');\ncy.get('input[id=\"address\"]').should('be.visible').and('not.be.disabled').type(_faker.faker.location.streetAddress());\ncy.get('input[id=\"postcode\"]').should('be.visible').and('not.be.disabled').type(_faker.faker.location.zipCode());\ncy.get('input[id=\"city\"]').should('be.visible').and('not.be.disabled').type(_faker.faker.location.city());\ncy.get('input[id=\"state\"]').should('be.visible').and('not.be.disabled').type(_faker.faker.location.state());\ncy.get('select[id=\"country\"]').select(\"US\");\ncy.get('input[id=\"phone\"]').should('be.visible').type('5225424');\ncy.get('input[id=\"email\"]').should('be.visible').type(\"test1@test\");\ncy.get('input[id=\"password\"]').should('be.visible').and('not.be.disabled').type('H3lp1111!');\ncy.get(\"button[type='submit']\").should('be.visible').and('not.be.disabled').click();",
              "err": {},
              "uuid": "ab497381-374b-4c6d-a65f-7163a5f00962",
              "parentUUID": "6162ea52-f5bf-4191-867b-9184b41c5f5c",
              "isHook": false,
              "skipped": false
            },
            {
              "title": "[003-0018][Invalid] Register User with invalid email format (e.g “test”,e.g2 “test@test”,eg.3 “test@test,com”).",
              "fullTitle": "Registration TestSuite [003-0018][Invalid] Register User with invalid email format (e.g “test”,e.g2 “test@test”,eg.3 “test@test,com”).",
              "timedOut": null,
              "duration": 9108,
              "state": "failed",
              "speed": null,
              "pass": false,
              "fail": true,
              "pending": false,
              "context": null,
              "code": "cy.visit('/auth/login');\ncy.get(\"a[aria-label='Register your account']\").should('be.visible').and('not.be.disabled').click();\ncy.url().should('eq', 'https://practicesoftwaretesting.com/auth/register');\ncy.get('[data-test=\"first-name\"]').and('not.be.disabled').type(_faker.faker.person.firstName());\ncy.get('[data-test=\"last-name\"]').and('not.be.disabled').type(_faker.faker.person.lastName());\ncy.get('input[id=\"dob\"]').should('be.visible').and('not.be.disabled').type('2000-02-20');\ncy.get('input[id=\"address\"]').should('be.visible').and('not.be.disabled').type(_faker.faker.location.streetAddress());\ncy.get('input[id=\"postcode\"]').should('be.visible').and('not.be.disabled').type(_faker.faker.location.zipCode());\ncy.get('input[id=\"city\"]').should('be.visible').and('not.be.disabled').type(_faker.faker.location.city());\ncy.get('input[id=\"state\"]').should('be.visible').and('not.be.disabled').type(_faker.faker.location.state());\ncy.get('select[id=\"country\"]').should('be.visible').and('not.be.disabled').select(\"US\");\ncy.get('[data-test=\"phone\"]').should('be.visible').type(_faker.faker.phone.number());\ncy.get('input[id=\"email\"]').should('be.visible').type(\"test@test,com\");\ncy.get('input[id=\"password\"]').should('be.visible').and('not.be.disabled').type('H3lp1111!');\ncy.get(\"button[type='submit']\").should('be.visible').and('not.be.disabled').click();\ncy.get('[data-test=\"email-error\"]').should('be.visible').and('have.text', 'Invalid Email format');",
              "err": {
                "message": "AssertionError: Timed out retrying after 4000ms: expected '<div.alert.alert-danger.mt-3>' to have text 'Invalid Email format', but the text was ''",
                "estack": "AssertionError: Timed out retrying after 4000ms: expected '<div.alert.alert-danger.mt-3>' to have text 'Invalid Email format', but the text was ''\n    at Context.eval (webpack:///./cypress/e2e/UserMembership/SignUp/Registration.cy.js:257:61)",
                "diff": "+ 'Invalid Email format'\n"
              },
              "uuid": "9b918a8d-85bd-412d-8e30-7d7bb3b0e2c9",
              "parentUUID": "6162ea52-f5bf-4191-867b-9184b41c5f5c",
              "isHook": false,
              "skipped": false
            },
            {
              "title": "[003-0019][Invalid] Register User with invalid email format (e.g “test”,e.g2 “test@test”,eg.3 “test@test,com”).",
              "fullTitle": "Registration TestSuite [003-0019][Invalid] Register User with invalid email format (e.g “test”,e.g2 “test@test”,eg.3 “test@test,com”).",
              "timedOut": null,
              "duration": 9795,
              "state": "failed",
              "speed": null,
              "pass": false,
              "fail": true,
              "pending": false,
              "context": null,
              "code": "cy.visit('/auth/login');\ncy.get(\"a[aria-label='Register your account']\").should('be.visible').and('not.be.disabled').click();\ncy.url().should('eq', 'https://practicesoftwaretesting.com/auth/register');\ncy.get('[data-test=\"first-name\"]').and('not.be.disabled').type(_faker.faker.person.firstName());\ncy.get('[data-test=\"last-name\"]').and('not.be.disabled').type(_faker.faker.person.lastName());\ncy.get('[data-test=\"dob\"]').should('be.visible').and('not.be.disabled').type('2005-11-16');\ncy.get('input[id=\"address\"]').should('be.visible').and('not.be.disabled').type(_faker.faker.location.streetAddress());\ncy.get('input[id=\"postcode\"]').should('be.visible').and('not.be.disabled').type(_faker.faker.location.zipCode());\ncy.get('input[id=\"city\"]').should('be.visible').and('not.be.disabled').type(_faker.faker.location.city());\ncy.get('input[id=\"state\"]').should('be.visible').and('not.be.disabled').type(_faker.faker.location.state());\ncy.get('select[id=\"country\"]').select(\"US\");\ncy.get('input[id=\"phone\"]').should('be.visible').type('3096983598689');\ncy.get('input[id=\"email\"]').should('be.visible').type(\"test@test,com\");\ncy.get('input[id=\"password\"]').should('be.visible').and('not.be.disabled').type('H3lp1111!');\ncy.get(\"button[type='submit']\").should('be.visible').and('not.be.disabled').click();\ncy.get(\"div[data-test='email-error']\").should('be.visible').and('have.text', 'invalid email format');",
              "err": {
                "message": "AssertionError: Timed out retrying after 4000ms: expected '<div.alert.alert-danger.mt-3>' to have text 'invalid email format', but the text was ''",
                "estack": "AssertionError: Timed out retrying after 4000ms: expected '<div.alert.alert-danger.mt-3>' to have text 'invalid email format', but the text was ''\n    at Context.eval (webpack:///./cypress/e2e/UserMembership/SignUp/Registration.cy.js:275:63)",
                "diff": "+ 'invalid email format'\n"
              },
              "uuid": "3d244303-e02c-43d7-984c-04e5cb1b7e9f",
              "parentUUID": "6162ea52-f5bf-4191-867b-9184b41c5f5c",
              "isHook": false,
              "skipped": false
            },
            {
              "title": "[003-0020][invalid] Register User with invalid password length (password length less than 8)",
              "fullTitle": "Registration TestSuite [003-0020][invalid] Register User with invalid password length (password length less than 8)",
              "timedOut": null,
              "duration": 5675,
              "state": "passed",
              "speed": "medium",
              "pass": true,
              "fail": false,
              "pending": false,
              "context": null,
              "code": "cy.visit('/auth/login');\ncy.get(\"a[aria-label='Register your account']\").should('be.visible').and('not.be.disabled').click();\ncy.url().should('eq', 'https://practicesoftwaretesting.com/auth/register');\ncy.get('input[id=\"first_name\"]').and('not.be.disabled').type(_faker.faker.person.firstName());\ncy.get('input[id=\"last_name\"]').and('not.be.disabled').type(_faker.faker.person.lastName());\ncy.get('input[id=\"dob\"]').should('be.visible').and('not.be.disabled').type('1996-07-19');\ncy.get('input[id=\"address\"]').should('be.visible').and('not.be.disabled').type(_faker.faker.location.streetAddress());\ncy.get('input[id=\"postcode\"]').should('be.visible').and('not.be.disabled').type(_faker.faker.location.zipCode());\ncy.get('input[id=\"city\"]').should('be.visible').and('not.be.disabled').type(_faker.faker.location.city());\ncy.get('input[id=\"state\"]').should('be.visible').and('not.be.disabled').type(_faker.faker.location.state());\ncy.get('select[id=\"country\"]').select(\"US\");\ncy.get('input[id=\"phone\"]').should('be.visible').type('09340963509');\ncy.get('input[id=\"email\"]').should('be.visible').type(\"test@test.com\");\ncy.get('input[id=\"password\"]').should('be.visible').and('not.be.disabled').type('H3lp!');\ncy.get(\"button[type='submit']\").should('be.visible').and('not.be.disabled').click();\ncy.get('[data-test=\"password-error\"]').should('be.visible').and('have.text', ' Password must be minimal 6 characters long. ');",
              "err": {},
              "uuid": "4d63657e-a62e-4594-8c86-552a364458ad",
              "parentUUID": "6162ea52-f5bf-4191-867b-9184b41c5f5c",
              "isHook": false,
              "skipped": false
            },
            {
              "title": "[003-0018] Register User with password that does not Contain both uppercase and lowercase letters[UPPERCASE LETTERS ONLY]",
              "fullTitle": "Registration TestSuite [003-0018] Register User with password that does not Contain both uppercase and lowercase letters[UPPERCASE LETTERS ONLY]",
              "timedOut": null,
              "duration": 5226,
              "state": "passed",
              "speed": "medium",
              "pass": true,
              "fail": false,
              "pending": false,
              "context": null,
              "code": "cy.visit('/auth/login');\ncy.get(\"a[aria-label='Register your account']\").should('be.visible').and('not.be.disabled').click();\ncy.url().should('eq', 'https://practicesoftwaretesting.com/auth/register');\ncy.get('input[id=\"first_name\"]').and('not.be.disabled').type(_faker.faker.person.firstName());\ncy.get('input[id=\"last_name\"]').and('not.be.disabled').type(_faker.faker.person.lastName());\ncy.get('input[id=\"dob\"]').should('be.visible').and('not.be.disabled').type('1963-12-03');\ncy.get('input[id=\"address\"]').should('be.visible').and('not.be.disabled').type(_faker.faker.location.streetAddress());\ncy.get('input[id=\"postcode\"]').should('be.visible').and('not.be.disabled').type(_faker.faker.location.zipCode());\ncy.get('input[id=\"city\"]').should('be.visible').and('not.be.disabled').type(_faker.faker.location.city());\ncy.get('input[id=\"state\"]').should('be.visible').and('not.be.disabled').type(_faker.faker.location.state());\ncy.get('select[id=\"country\"]').select(\"US\");\ncy.get('input[id=\"phone\"]').should('be.visible').type('02453405254');\ncy.get('input[id=\"email\"]').should('be.visible').type(\"test@test.com\");\ncy.get('input[id=\"password\"]').should('be.visible').and('not.be.disabled').type('OJGWEOGKWEGPKQFWE!Q342');\ncy.get(\"button[type='submit']\").should('be.visible').and('not.be.disabled').click();\ncy.get(\"div[data-test='password-error']\").should('be.visible').and('have.text', ' Password can not include invalid characters. ');",
              "err": {},
              "uuid": "25f903a3-f051-4659-9d11-ac4378bc7298",
              "parentUUID": "6162ea52-f5bf-4191-867b-9184b41c5f5c",
              "isHook": false,
              "skipped": false
            },
            {
              "title": "[003-0019] Register User with password that does not Contain both uppercase and lowercase letters[lowercase only]",
              "fullTitle": "Registration TestSuite [003-0019] Register User with password that does not Contain both uppercase and lowercase letters[lowercase only]",
              "timedOut": null,
              "duration": 6102,
              "state": "passed",
              "speed": "medium",
              "pass": true,
              "fail": false,
              "pending": false,
              "context": null,
              "code": "cy.visit('/auth/login');\ncy.get(\"a[aria-label='Register your account']\").should('be.visible').and('not.be.disabled').click();\ncy.url().should('eq', 'https://practicesoftwaretesting.com/auth/register');\ncy.get('input[id=\"first_name\"]').and('not.be.disabled').type(_faker.faker.person.firstName());\ncy.get('input[id=\"last_name\"]').and('not.be.disabled').type(_faker.faker.person.lastName());\ncy.get('input[id=\"dob\"]').should('be.visible').and('not.be.disabled').type('1986-03-10');\ncy.get('input[id=\"address\"]').should('be.visible').and('not.be.disabled').type(_faker.faker.location.streetAddress());\ncy.get('input[id=\"postcode\"]').should('be.visible').and('not.be.disabled').type(_faker.faker.location.zipCode());\ncy.get('input[id=\"city\"]').should('be.visible').and('not.be.disabled').type(_faker.faker.location.city());\ncy.get('input[id=\"state\"]').should('be.visible').and('not.be.disabled').type(_faker.faker.location.state());\ncy.get('select[id=\"country\"]').select(\"US\");\ncy.get('input[id=\"phone\"]').should('be.visible').type(\"43563245434646\");\ncy.get('input[id=\"email\"]').should('be.visible').type(\"test@test.com\");\ncy.get('input[id=\"password\"]').should('be.visible').and('not.be.disabled').type('kjgkjwjkegjkqlemglkwegokloegwmmlwerglmwrb!3');\ncy.get(\"button[type='submit']\").should('be.visible').and('not.be.disabled').click();\ncy.get(\"div[data-test='password-error']\").should('be.visible').and('have.text', ' Password can not include invalid characters. ');",
              "err": {},
              "uuid": "6e70095e-b0d0-44e1-aa88-c06328573567",
              "parentUUID": "6162ea52-f5bf-4191-867b-9184b41c5f5c",
              "isHook": false,
              "skipped": false
            },
            {
              "title": "[003-0020] Register User with password that does not Contain numbers",
              "fullTitle": "Registration TestSuite [003-0020] Register User with password that does not Contain numbers",
              "timedOut": null,
              "duration": 5948,
              "state": "passed",
              "speed": "medium",
              "pass": true,
              "fail": false,
              "pending": false,
              "context": null,
              "code": "cy.visit('/auth/login');\ncy.get(\"a[aria-label='Register your account']\").should('be.visible').and('not.be.disabled').click();\ncy.url().should('eq', 'https://practicesoftwaretesting.com/auth/register');\ncy.get('input[id=\"first_name\"]').and('not.be.disabled').type(_faker.faker.person.firstName());\ncy.get('input[id=\"last_name\"]').and('not.be.disabled').type(_faker.faker.person.lastName());\ncy.get('input[id=\"dob\"]').should('be.visible').and('not.be.disabled').type('1980-08-13');\ncy.get('input[id=\"address\"]').should('be.visible').and('not.be.disabled').type(_faker.faker.location.streetAddress());\ncy.get('input[id=\"postcode\"]').should('be.visible').and('not.be.disabled').type(_faker.faker.location.zipCode());\ncy.get('input[id=\"city\"]').should('be.visible').and('not.be.disabled').type(_faker.faker.location.city());\ncy.get('input[id=\"state\"]').should('be.visible').and('not.be.disabled').type(_faker.faker.location.state());\ncy.get('select[id=\"country\"]').select(\"US\");\ncy.get('input[id=\"phone\"]').should('be.visible').type('25335634623245245');\ncy.get('input[id=\"email\"]').should('be.visible').type(\"test@test.com\");\ncy.get('input[id=\"password\"]').should('be.visible').and('not.be.disabled').type('kmqpegkpqemgqkmpegmqegkmqeg;kmqegG!');\ncy.get(\"button[type='submit']\").should('be.visible').and('not.be.disabled').click();\ncy.get('[data-test=\"password-error\"]').should('be.visible').and('have.text', ' Password can not include invalid characters. ');",
              "err": {},
              "uuid": "b84e8857-03a5-4091-8c87-97d92f8c01bf",
              "parentUUID": "6162ea52-f5bf-4191-867b-9184b41c5f5c",
              "isHook": false,
              "skipped": false
            },
            {
              "title": "[003-0021] Register User with password that does not have any special symbols",
              "fullTitle": "Registration TestSuite [003-0021] Register User with password that does not have any special symbols",
              "timedOut": null,
              "duration": 5294,
              "state": "passed",
              "speed": "medium",
              "pass": true,
              "fail": false,
              "pending": false,
              "context": null,
              "code": "cy.visit('/auth/login');\ncy.get(\"a[aria-label='Register your account']\").should('be.visible').and('not.be.disabled').click();\ncy.url().should('eq', 'https://practicesoftwaretesting.com/auth/register');\ncy.get('input[id=\"first_name\"]').and('not.be.disabled').type(_faker.faker.person.firstName());\ncy.get('input[id=\"last_name\"]').and('not.be.disabled').type(_faker.faker.person.lastName());\ncy.get('input[id=\"dob\"]').should('be.visible').and('not.be.disabled').type('1958-05-17');\ncy.get('input[id=\"address\"]').should('be.visible').and('not.be.disabled').type(_faker.faker.location.streetAddress());\ncy.get('input[id=\"postcode\"]').should('be.visible').and('not.be.disabled').type(_faker.faker.location.zipCode());\ncy.get('input[id=\"city\"]').should('be.visible').and('not.be.disabled').type(_faker.faker.location.city());\ncy.get('input[id=\"state\"]').should('be.visible').and('not.be.disabled').type(_faker.faker.location.state());\ncy.get('select[id=\"country\"]').select(\"US\");\ncy.get('input[id=\"phone\"]').should('be.visible').type('394698346983');\ncy.get('input[id=\"email\"]').should('be.visible').type(\"test@test.com\");\ncy.get('input[id=\"password\"]').should('be.visible').and('not.be.disabled').type('Kkwergkiwerg2412');\ncy.get(\"button[type='submit']\").should('be.visible').and('not.be.disabled').click();\ncy.get(\"div[data-test='password-error']\").should('be.visible').and('have.text', ' Password can not include invalid characters. ');",
              "err": {},
              "uuid": "0889e4d3-91d0-4bc2-9c34-0f6bbb1b90b3",
              "parentUUID": "6162ea52-f5bf-4191-867b-9184b41c5f5c",
              "isHook": false,
              "skipped": false
            },
            {
              "title": "[003-0022] Register User with blank password",
              "fullTitle": "Registration TestSuite [003-0022] Register User with blank password",
              "timedOut": null,
              "duration": 4477,
              "state": "passed",
              "speed": "fast",
              "pass": true,
              "fail": false,
              "pending": false,
              "context": null,
              "code": "cy.visit('/auth/login');\ncy.get(\"a[aria-label='Register your account']\").should('be.visible').and('not.be.disabled').click();\ncy.url().should('eq', 'https://practicesoftwaretesting.com/auth/register');\ncy.get('input[id=\"first_name\"]').and('not.be.disabled').type(_faker.faker.person.firstName());\ncy.get('input[id=\"last_name\"]').and('not.be.disabled').type(_faker.faker.person.lastName());\ncy.get('input[id=\"dob\"]').should('be.visible').and('not.be.disabled').type('1977-07-07');\ncy.get('input[id=\"address\"]').should('be.visible').and('not.be.disabled').type(_faker.faker.location.streetAddress());\ncy.get('input[id=\"postcode\"]').should('be.visible').and('not.be.disabled').type(_faker.faker.location.zipCode());\ncy.get('input[id=\"city\"]').should('be.visible').and('not.be.disabled').type(_faker.faker.location.city());\ncy.get('input[id=\"state\"]').should('be.visible').and('not.be.disabled').type(_faker.faker.location.state());\ncy.get('select[id=\"country\"]').select(\"US\");\ncy.get('input[id=\"phone\"]').should('be.visible').type(\"234534635613\");\ncy.get('input[id=\"email\"]').should('be.visible').type(\"test@test.com\");\ncy.get(\"button[type='submit']\").should('be.visible').and('not.be.disabled').click();\ncy.get(\"div[data-test='password-error']\").should('be.visible').and('have.text', ' Password is required  Password must be minimal 6 characters long.  Password can not include invalid characters. ');",
              "err": {},
              "uuid": "012359b0-0c99-4e21-b322-2749ca0328d5",
              "parentUUID": "6162ea52-f5bf-4191-867b-9184b41c5f5c",
              "isHook": false,
              "skipped": false
            }
          ],
          "suites": [],
          "passes": [
            "e329110d-b8a9-4be5-b425-958175ab8597",
            "0ef1fe65-b30f-4e44-be67-d2ffda743c5b",
            "e3a1635c-0172-4eb0-ac72-16af7c0ac253",
            "df1ea830-c51d-4b01-8274-7ee97b3cd6e0",
            "9aaeef64-a303-406f-9c39-196c1c7452d7",
            "bdb45798-41ec-4611-8d53-79553190976b",
            "32b53890-1440-49aa-818d-0435f2a5509b",
            "75db57fb-bf34-4b32-b950-c4786899f8a8",
            "ab497381-374b-4c6d-a65f-7163a5f00962",
            "4d63657e-a62e-4594-8c86-552a364458ad",
            "25f903a3-f051-4659-9d11-ac4378bc7298",
            "6e70095e-b0d0-44e1-aa88-c06328573567",
            "b84e8857-03a5-4091-8c87-97d92f8c01bf",
            "0889e4d3-91d0-4bc2-9c34-0f6bbb1b90b3",
            "012359b0-0c99-4e21-b322-2749ca0328d5"
          ],
          "failures": [
            "b44b98e7-9859-4be0-a03b-105a24922996",
            "74e876c4-dc8d-4a21-a8ba-2a7f2052f04c",
            "1452a691-d0f6-499b-9e7b-e12d33e4b6d9",
            "9b918a8d-85bd-412d-8e30-7d7bb3b0e2c9",
            "3d244303-e02c-43d7-984c-04e5cb1b7e9f"
          ],
          "pending": [],
          "skipped": [],
          "duration": 136313,
          "root": false,
          "rootEmpty": false,
          "_timeout": 2000
        }
      ],
      "passes": [],
      "failures": [],
      "pending": [],
      "skipped": [],
      "duration": 0,
      "root": true,
      "rootEmpty": true,
      "_timeout": 2000
    }
  ],
  "meta": {
    "mocha": {
      "version": "7.0.1"
    },
    "mochawesome": {
      "options": {
        "quiet": false,
        "reportFilename": "[status]_[datetime]-[name]-report",
        "saveHtml": true,
        "saveJson": true,
        "consoleReporter": "spec",
        "useInlineDiffs": false,
        "code": true
      },
      "version": "7.1.3"
    },
    "marge": {
      "options": {
        "reportFilename": "[status]_[datetime]-[name]-report",
        "timestamp": "longDate"
      },
      "version": "6.2.0"
    }
  }
}