{
  "stats": {
    "suites": 1,
    "tests": 8,
    "passes": 8,
    "pending": 0,
    "failures": 0,
    "start": "2025-02-10T16:01:01.331Z",
    "end": "2025-02-10T16:01:27.513Z",
    "duration": 26182,
    "testsRegistered": 8,
    "passPercent": 100,
    "pendingPercent": 0,
    "other": 0,
    "hasOther": false,
    "skipped": 0,
    "hasSkipped": false
  },
  "results": [
    {
      "uuid": "26b8d26a-d0cc-4886-9624-2432819a5c52",
      "title": "",
      "fullFile": "cypress\\e2e\\Contact-TestSuite\\Contact-Sign-in.cy.js",
      "file": "cypress\\e2e\\Contact-TestSuite\\Contact-Sign-in.cy.js",
      "beforeHooks": [],
      "afterHooks": [],
      "tests": [],
      "suites": [
        {
          "uuid": "4c369509-b688-41be-82d7-becb0f4d0d07",
          "title": "Contact after sign in",
          "fullFile": "",
          "file": "",
          "beforeHooks": [],
          "afterHooks": [],
          "tests": [
            {
              "title": "[004-001-0001] [Valid] Sending Contact data with valid data format with valid text attachment",
              "fullTitle": "Contact after sign in [004-001-0001] [Valid] Sending Contact data with valid data format with valid text attachment",
              "timedOut": null,
              "duration": 6844,
              "state": "passed",
              "speed": "medium",
              "pass": true,
              "fail": false,
              "pending": false,
              "context": null,
              "code": "cy.visit(\"/contact\");\ncy.url().should('eq', 'https://practicesoftwaretesting.com/contact');\ncy.get(\".nav-link[data-test='nav-contact']\").should('be.visible').and('not.be.disabled').click();\ncy.get(\"#subject\").select(subjects[rand_index]);\ncy.get(\"#message\").should('be.visible').and('not.be.disabled').type(\"Test Test Test TestTest TestTest TestTest TestTest TestTest TestTest TestTest TestTest TestTest TestTest TestTest TestTest Test\");\ncy.get(\"#attachment\").should('be.visible').and('not.be.disabled').selectFile(\"E:\\\\github\\\\cypress\\\\practice-software-testing\\\\cypress\\\\e2e\\\\test.txt\");\ncy.get(\"input[value='Send']\").should('be.visible').and('not.be.disabled').click();\ncy.intercept(\"POST\", \"https://api.practicesoftwaretesting.com/messages\").as(\"SubmitReq\");\ncy.wait(\"@SubmitReq\").then(interception => {\n  console.log(interception);\n  cy.wrap(interception.response.statusCode).should('eq', 200);\n});\n// cy.intercept({\n//     method:\"POST\",\n//     url:\"https://api.practicesoftwaretesting.com/messages/01jkh6705ng7z9wsnjnr34b199/attach-file\"}).as(\"FileAttachment\");\n//     cy.wait(\"@FileAttachment\").then(interception =>{\n//         console.log(interception);\n//         cy.wrap(interception.response.statusCode).should('eq',200)\n//     });\ncy.get('.alert').should('be.visible').and('have.text', ' Thanks for your message! We will contact you shortly. ');\n// cy.intercept({\n//     method:\"POST\",\n//     url:\"https://api.practicesoftwaretesting.com/messages/01jkh6705ng7z9wsnjnr34b199/attach-file\"}).as(\"FileAttachment\");\n//     cy.wait(\"@SubmitReq\").then(interception =>{\n//         console.log(interception);\n//         cy.wrap(interception.response.statusCode).should('eq',200)\n//     });",
              "err": {},
              "uuid": "a02ba283-8b1b-4296-892a-4895d4421037",
              "parentUUID": "4c369509-b688-41be-82d7-becb0f4d0d07",
              "isHook": false,
              "skipped": false
            },
            {
              "title": "[004-001-0002] [Valid] Sending Contact data with valid data format without attachment.",
              "fullTitle": "Contact after sign in [004-001-0002] [Valid] Sending Contact data with valid data format without attachment.",
              "timedOut": null,
              "duration": 3445,
              "state": "passed",
              "speed": "fast",
              "pass": true,
              "fail": false,
              "pending": false,
              "context": null,
              "code": "cy.visit(\"/contact\");\ncy.url().should('eq', 'https://practicesoftwaretesting.com/contact');\ncy.get(\".nav-link[data-test='nav-contact']\").should('be.visible').and('not.be.disabled').click();\ncy.get(\"#subject\").select(subjects[rand_index]);\ncy.get(\"#message\").should('be.visible').and('not.be.disabled').type(\"Test Test Test TestTest TestTest TestTest TestTest TestTest TestTest TestTest TestTest TestTest TestTest TestTest TestTest Test\");\ncy.get(\"input[value='Send']\").should('be.visible').and('not.be.disabled').click();\ncy.get(\"div[role='alert']\").should('be.visible').and('have.text', ' Thanks for your message! We will contact you shortly. ');\n//     cy.intercept(\"POST\",\"https://api.practicesoftwaretesting.com/messages\").as(\"SubmitReq\")\n//     cy.wait(\"@SubmitReq\")\n//  .then(interception =>{\n//         console.log(interception);\n//        cy.wrap(interception.response.statusCode).should('eq',200)\n//      });",
              "err": {},
              "uuid": "f1cf1c8b-f278-4417-850e-ab45bd01cf68",
              "parentUUID": "4c369509-b688-41be-82d7-becb0f4d0d07",
              "isHook": false,
              "skipped": false
            },
            {
              "title": "[004-001-0003] [Invalid] Sending data without selecting subject.",
              "fullTitle": "Contact after sign in [004-001-0003] [Invalid] Sending data without selecting subject.",
              "timedOut": null,
              "duration": 4075,
              "state": "passed",
              "speed": "fast",
              "pass": true,
              "fail": false,
              "pending": false,
              "context": null,
              "code": "cy.visit(\"/contact\");\ncy.url().should('eq', 'https://practicesoftwaretesting.com/contact');\ncy.get(\".nav-link[data-test='nav-contact']\").should('be.visible').and('not.be.disabled').click();\ncy.get(\"#subject\").select(subjects[rand_index]);\ncy.get(\"#message\").should('be.visible').and('not.be.disabled').type(\"Test Test Test TestTest TestTest TestTest TestTest TestTest TestTest TestTest TestTest TestTest TestTest TestTest TestTest Test\");\ncy.get(\"#attachment\").should('be.visible').and('not.be.disabled').selectFile(\"E:\\\\github\\\\cypress\\\\practice-software-testing\\\\cypress\\\\e2e\\\\test.txt\");\ncy.get(\"input[value='Send']\").should('be.visible').and('not.be.disabled').click();\ncy.get(\"div[role='alert']\").should('be.visible').and('have.text', ' Thanks for your message! We will contact you shortly. ');",
              "err": {},
              "uuid": "f116e21e-0f22-4b1c-ac30-50db3cdb84cb",
              "parentUUID": "4c369509-b688-41be-82d7-becb0f4d0d07",
              "isHook": false,
              "skipped": false
            },
            {
              "title": "[004-001-0004] [invalid] Sending data with blank message input field.",
              "fullTitle": "Contact after sign in [004-001-0004] [invalid] Sending data with blank message input field.",
              "timedOut": null,
              "duration": 1388,
              "state": "passed",
              "speed": "fast",
              "pass": true,
              "fail": false,
              "pending": false,
              "context": null,
              "code": "cy.visit(\"/contact\");\ncy.url().should('eq', 'https://practicesoftwaretesting.com/contact');\ncy.get(\".nav-link[data-test='nav-contact']\").should('be.visible').and('not.be.disabled').click();\ncy.get(\"#subject\").select(subjects[rand_index]);\ncy.get(\"#attachment\").should('be.visible').and('not.be.disabled').selectFile(\"E:\\\\github\\\\cypress\\\\practice-software-testing\\\\cypress\\\\e2e\\\\test.txt\");\ncy.get(\"input[value='Send']\").should('be.visible').and('not.be.disabled').click();\ncy.get('#message_alert').should('be.visible').and('have.text', 'Message is required');",
              "err": {},
              "uuid": "2bc1930b-ce13-42b6-ab88-7a1a8dde36dd",
              "parentUUID": "4c369509-b688-41be-82d7-becb0f4d0d07",
              "isHook": false,
              "skipped": false
            },
            {
              "title": "[004-001-0005] [invalid] Sending data with less than 50 character length message input field.",
              "fullTitle": "Contact after sign in [004-001-0005] [invalid] Sending data with less than 50 character length message input field.",
              "timedOut": null,
              "duration": 2656,
              "state": "passed",
              "speed": "fast",
              "pass": true,
              "fail": false,
              "pending": false,
              "context": null,
              "code": "cy.visit(\"/contact\");\ncy.url().should('eq', 'https://practicesoftwaretesting.com/contact');\ncy.get(\".nav-link[data-test='nav-contact']\").should('be.visible').and('not.be.disabled').click();\ncy.get(\"#subject\").select(subjects[rand_index]);\ncy.get(\"#message\").should('be.visible').and('not.be.disabled').type(\"Test Test Test TestTest TestTest test\");\ncy.get(\"#attachment\").should('be.visible').and('not.be.disabled').selectFile(\"E:\\\\github\\\\cypress\\\\practice-software-testing\\\\cypress\\\\e2e\\\\test.txt\");\ncy.get(\"input[value='Send']\").should('be.visible').and('not.be.disabled').click();\ncy.get(\"#message_alert\").should('be.visible').and('have.text', 'Message must be minimal 50 characters');",
              "err": {},
              "uuid": "b146d1e8-abf5-4f1b-b65a-7f819e709063",
              "parentUUID": "4c369509-b688-41be-82d7-becb0f4d0d07",
              "isHook": false,
              "skipped": false
            },
            {
              "title": "[004-001-0006] [invalid] Sending data with non .txt file extension and bigger than 0kb size",
              "fullTitle": "Contact after sign in [004-001-0006] [invalid] Sending data with non .txt file extension and bigger than 0kb size",
              "timedOut": null,
              "duration": 2598,
              "state": "passed",
              "speed": "fast",
              "pass": true,
              "fail": false,
              "pending": false,
              "context": null,
              "code": "cy.visit(\"/contact\");\ncy.url().should('eq', 'https://practicesoftwaretesting.com/contact');\ncy.get(\".nav-link[data-test='nav-contact']\").should('be.visible').and('not.be.disabled').click();\ncy.get(\"#subject\").select(subjects[rand_index]);\ncy.get(\"#message\").should('be.visible').and('not.be.disabled').type(\"Test Test Test TestTest TestTest test test test test\");\ncy.get(\"#attachment\").should('be.visible').and('not.be.disabled').selectFile(\"E:\\\\github\\\\cypress\\\\practice-software-testing\\\\cypress\\\\e2e\\\\invalid.docx\");\ncy.get(\"input[value='Send']\").should('be.visible').and('not.be.disabled').click();\ncy.get(\"#attachment_alert\").should('be.visible').and('have.text', 'File should be empty.');",
              "err": {},
              "uuid": "8c08e733-845c-4e57-9fac-ffda0d406eb2",
              "parentUUID": "4c369509-b688-41be-82d7-becb0f4d0d07",
              "isHook": false,
              "skipped": false
            },
            {
              "title": "[004-001-0007] [inValid] Sending data with non .txt file extension and 0kb size",
              "fullTitle": "Contact after sign in [004-001-0007] [inValid] Sending data with non .txt file extension and 0kb size",
              "timedOut": null,
              "duration": 2762,
              "state": "passed",
              "speed": "fast",
              "pass": true,
              "fail": false,
              "pending": false,
              "context": null,
              "code": "cy.visit(\"/contact\");\ncy.url().should('eq', 'https://practicesoftwaretesting.com/contact');\ncy.get(\".nav-link[data-test='nav-contact']\").should('be.visible').and('not.be.disabled').click();\ncy.get(\"#subject\").select(subjects[rand_index]);\ncy.get(\"#message\").should('be.visible').and('not.be.disabled').type(\"Test Test Test TestTest TestTest test test test tesst\");\ncy.get(\"#attachment\").should('be.visible').and('not.be.disabled').selectFile(\"E:\\\\github\\\\cypress\\\\practice-software-testing\\\\cypress\\\\e2e\\\\test.docx\");\ncy.get(\"input[value='Send']\").should('be.visible').and('not.be.disabled').click();\ncy.get(\"#attachment_alert\").should('be.visible').and('have.text', 'File should have a txt extension.');",
              "err": {},
              "uuid": "11beacab-4daf-498a-a121-bb660f6406df",
              "parentUUID": "4c369509-b688-41be-82d7-becb0f4d0d07",
              "isHook": false,
              "skipped": false
            },
            {
              "title": "[004-001-0008] [Invalid] Sending data with .txt file extension and bigger than 0kb size",
              "fullTitle": "Contact after sign in [004-001-0008] [Invalid] Sending data with .txt file extension and bigger than 0kb size",
              "timedOut": null,
              "duration": 2077,
              "state": "passed",
              "speed": "fast",
              "pass": true,
              "fail": false,
              "pending": false,
              "context": null,
              "code": "cy.visit(\"/contact\");\ncy.url().should('eq', 'https://practicesoftwaretesting.com/contact');\ncy.get(\".nav-link[data-test='nav-contact']\").should('be.visible').and('not.be.disabled').click();\ncy.get(\"#subject\").select(subjects[rand_index]);\ncy.get(\"#message\").should('be.visible').and('not.be.disabled').type(\"Test Test Test TestTest TestTest test\");\ncy.get(\"#attachment\").should('be.visible').and('not.be.disabled').selectFile(\"E:\\\\github\\\\cypress\\\\practice-software-testing\\\\cypress\\\\e2e\\\\test.txt\");\ncy.get(\"input[value='Send']\").should('be.visible').and('not.be.disabled').click();\ncy.get('[data-test=\"message-error\"]').should('be.visible').and('have.text', 'Message must be minimal 50 characters');",
              "err": {},
              "uuid": "f74c33bd-09ce-4c0e-83fc-c12ef386cbd2",
              "parentUUID": "4c369509-b688-41be-82d7-becb0f4d0d07",
              "isHook": false,
              "skipped": false
            }
          ],
          "suites": [],
          "passes": [
            "a02ba283-8b1b-4296-892a-4895d4421037",
            "f1cf1c8b-f278-4417-850e-ab45bd01cf68",
            "f116e21e-0f22-4b1c-ac30-50db3cdb84cb",
            "2bc1930b-ce13-42b6-ab88-7a1a8dde36dd",
            "b146d1e8-abf5-4f1b-b65a-7f819e709063",
            "8c08e733-845c-4e57-9fac-ffda0d406eb2",
            "11beacab-4daf-498a-a121-bb660f6406df",
            "f74c33bd-09ce-4c0e-83fc-c12ef386cbd2"
          ],
          "failures": [],
          "pending": [],
          "skipped": [],
          "duration": 25845,
          "root": false,
          "rootEmpty": false,
          "_timeout": 2000
        }
      ],
      "passes": [],
      "failures": [],
      "pending": [],
      "skipped": [],
      "duration": 0,
      "root": true,
      "rootEmpty": true,
      "_timeout": 2000
    }
  ],
  "meta": {
    "mocha": {
      "version": "7.0.1"
    },
    "mochawesome": {
      "options": {
        "quiet": false,
        "reportFilename": "[status]_[datetime]-[name]-report",
        "saveHtml": true,
        "saveJson": true,
        "consoleReporter": "spec",
        "useInlineDiffs": false,
        "code": true
      },
      "version": "7.1.3"
    },
    "marge": {
      "options": {
        "reportFilename": "[status]_[datetime]-[name]-report",
        "timestamp": "longDate"
      },
      "version": "6.2.0"
    }
  }
}