{
  "stats": {
    "suites": 1,
    "tests": 1,
    "passes": 1,
    "pending": 1,
    "failures": -1,
    "start": "2025-02-10T16:55:16.774Z",
    "end": "2025-02-10T16:55:17.041Z",
    "duration": 267,
    "testsRegistered": 2,
    "passPercent": 100,
    "pendingPercent": 50,
    "other": 1,
    "hasOther": true,
    "skipped": 0,
    "hasSkipped": false
  },
  "results": [
    {
      "uuid": "31acfc78-93d2-4d5c-b786-3f5353dd3804",
      "title": "",
      "fullFile": "cypress\\e2e\\others\\WebsiteStatus.cy.js",
      "file": "cypress\\e2e\\others\\WebsiteStatus.cy.js",
      "beforeHooks": [],
      "afterHooks": [],
      "tests": [],
      "suites": [
        {
          "uuid": "838bc563-8e85-4a23-b7ef-74263bc907c2",
          "title": "WebsiteStatus TestSuite",
          "fullFile": "",
          "file": "",
          "beforeHooks": [],
          "afterHooks": [],
          "tests": [
            {
              "title": "Should not render website",
              "fullTitle": "WebsiteStatus TestSuite Should not render website",
              "timedOut": null,
              "duration": 0,
              "state": "pending",
              "speed": null,
              "pass": false,
              "fail": false,
              "pending": true,
              "context": null,
              "code": "cy.request({\n  method: \"GET\",\n  url: \"/\"\n}).its('status').should('eq', 404);",
              "err": {},
              "uuid": "5ce05f6f-0311-4108-9a9d-3b7047aab23a",
              "parentUUID": "838bc563-8e85-4a23-b7ef-74263bc907c2",
              "isHook": false,
              "skipped": false
            },
            {
              "title": "Should  render website",
              "fullTitle": "WebsiteStatus TestSuite Should  render website",
              "timedOut": null,
              "duration": 217,
              "state": "passed",
              "speed": "fast",
              "pass": true,
              "fail": false,
              "pending": false,
              "context": null,
              "code": "cy.request({\n  method: \"GET\",\n  url: \"/\"\n}).its('status').should('eq', 200);",
              "err": {},
              "uuid": "3535d032-7059-47e5-8937-ef4c22ab8bde",
              "parentUUID": "838bc563-8e85-4a23-b7ef-74263bc907c2",
              "isHook": false,
              "skipped": false
            }
          ],
          "suites": [],
          "passes": [
            "3535d032-7059-47e5-8937-ef4c22ab8bde"
          ],
          "failures": [],
          "pending": [
            "5ce05f6f-0311-4108-9a9d-3b7047aab23a"
          ],
          "skipped": [],
          "duration": 217,
          "root": false,
          "rootEmpty": false,
          "_timeout": 2000
        }
      ],
      "passes": [],
      "failures": [],
      "pending": [],
      "skipped": [],
      "duration": 0,
      "root": true,
      "rootEmpty": true,
      "_timeout": 2000
    }
  ],
  "meta": {
    "mocha": {
      "version": "7.0.1"
    },
    "mochawesome": {
      "options": {
        "quiet": false,
        "reportFilename": "[status]_[datetime]-[name]-report",
        "saveHtml": true,
        "saveJson": true,
        "consoleReporter": "spec",
        "useInlineDiffs": false,
        "code": true
      },
      "version": "7.1.3"
    },
    "marge": {
      "options": {
        "reportFilename": "[status]_[datetime]-[name]-report",
        "timestamp": "longDate"
      },
      "version": "6.2.0"
    }
  }
}