{
  "stats": {
    "suites": 1,
    "tests": 5,
    "passes": 5,
    "pending": 0,
    "failures": 0,
    "start": "2025-02-10T16:53:34.627Z",
    "end": "2025-02-10T16:53:40.111Z",
    "duration": 5484,
    "testsRegistered": 5,
    "passPercent": 100,
    "pendingPercent": 0,
    "other": 0,
    "hasOther": false,
    "skipped": 0,
    "hasSkipped": false
  },
  "results": [
    {
      "uuid": "d2b4900b-1a75-48ec-8b46-5d62f4b950f4",
      "title": "",
      "fullFile": "cypress\\e2e\\Product Grid TestSuite\\price-range.cy.js",
      "file": "cypress\\e2e\\Product Grid TestSuite\\price-range.cy.js",
      "beforeHooks": [],
      "afterHooks": [],
      "tests": [],
      "suites": [
        {
          "uuid": "e8949b59-4b0a-4cfa-a36d-757995acfa67",
          "title": "price range TestSuite",
          "fullFile": "",
          "file": "",
          "beforeHooks": [],
          "afterHooks": [],
          "tests": [
            {
              "title": "[005-002-01][Valid] Range between 1-50.",
              "fullTitle": "price range TestSuite [005-002-01][Valid] Range between 1-50.",
              "timedOut": null,
              "duration": 1598,
              "state": "passed",
              "speed": "fast",
              "pass": true,
              "fail": false,
              "pending": false,
              "context": null,
              "code": "cy.get(\"span[aria-label='ngx-slider']\").should('be.visible').and('not.be.disabled').invoke('val', '1').trigger('input');\ncy.get(\"span[aria-label='ngx-slider']\").should('have.value', '1');\ncy.get(\"span[aria-label='ngx-slider-max']\").should('be.visible').and('not.be.disabled').invoke('val', '50').trigger('input');\ncy.get(\"span[aria-label='ngx-slider-max']\").should('have.value', '50');\n// cy.intercept({method:\"GET\",\n//     url:\"https://api.practicesoftwaretesting.com/products?between=price,1,50&page=0\"\n// }).as('priceRange1to50')\n// cy.wait(\"@priceRange1to50\").then(interception =>{\n//     cy.wrap(interception.response.statusCode).should('eq',200)\n// })",
              "err": {},
              "uuid": "4cac79a7-0042-4d0d-bec7-294ffc4ef6a4",
              "parentUUID": "e8949b59-4b0a-4cfa-a36d-757995acfa67",
              "isHook": false,
              "skipped": false
            },
            {
              "title": "[005-002-02][Valid] Range between 50-100.",
              "fullTitle": "price range TestSuite [005-002-02][Valid] Range between 50-100.",
              "timedOut": null,
              "duration": 1027,
              "state": "passed",
              "speed": "fast",
              "pass": true,
              "fail": false,
              "pending": false,
              "context": null,
              "code": "cy.get(\"span[aria-label='ngx-slider']\").should('be.visible').and('not.be.disabled').invoke('val', '50').trigger('input').should('have.value', '50');\ncy.get(\"span[aria-label='ngx-slider-max']\").should('be.visible').and('not.be.disabled').invoke('val', '100').trigger('input').should('have.value', '100');\n// cy.intercept({\n//     method:\"GET\",\n//     url:'https://api.practicesoftwaretesting.com/products?between=price,50,100&page=1',\n// }).as('GetPriceRange50to100');\n// cy.wait('@GetPriceRange50to100')",
              "err": {},
              "uuid": "14a6c1c9-e8d2-4a76-9256-b991a8e76f39",
              "parentUUID": "e8949b59-4b0a-4cfa-a36d-757995acfa67",
              "isHook": false,
              "skipped": false
            },
            {
              "title": "[005-002-03][Valid] Range between 101-150",
              "fullTitle": "price range TestSuite [005-002-03][Valid] Range between 101-150",
              "timedOut": null,
              "duration": 749,
              "state": "passed",
              "speed": "fast",
              "pass": true,
              "fail": false,
              "pending": false,
              "context": null,
              "code": "cy.get(\"span[aria-label='ngx-slider']\").should('be.visible').and('not.be.disabled').invoke('val', '101').trigger('input').should('have.value', '101');\ncy.get(\"span[aria-label='ngx-slider-max']\").should('be.visible').and('not.be.disabled').invoke('val', '150').trigger('input').should('have.value', '150');\n// cy.intercept({\n//     method:\"GET\",\n//     url:'https://api.practicesoftwaretesting.com/products?between=price,101,150&page=1',\n// }).as('GetPriceRange101to150');\n// cy.wait('@GetPriceRange101to150');\ncy.get(\"div[class='col-md-9'] div[class='container']\").should('be.visible').and('not.have.text', 'There are no products found.');",
              "err": {},
              "uuid": "183aef1d-ba48-410a-8db6-da4da4bc96f7",
              "parentUUID": "e8949b59-4b0a-4cfa-a36d-757995acfa67",
              "isHook": false,
              "skipped": false
            },
            {
              "title": "[005-002-04][Valid] Range between 151-200",
              "fullTitle": "price range TestSuite [005-002-04][Valid] Range between 151-200",
              "timedOut": null,
              "duration": 766,
              "state": "passed",
              "speed": "fast",
              "pass": true,
              "fail": false,
              "pending": false,
              "context": null,
              "code": "cy.get(\"span[aria-label='ngx-slider']\").should('be.visible').and('not.be.disabled').invoke('val', '151').trigger('input').should('have.value', '151');\ncy.get(\"span[aria-label='ngx-slider-max']\").should('be.visible').and('not.be.disabled').invoke('val', '200').trigger('input').should('have.value', '200');\n// cy.intercept({\n//     method:\"GET\",\n//     url:'https://api.practicesoftwaretesting.com/products?between=price,1,100&page=1',\n// }).as('GetPriceRange151to200');\n// cy.wait('@GetPriceRange151to200');\ncy.get(\"div[class='col-md-9'] div[class='container']\").should('be.visible').and('not.have.text', 'There are no products found.');",
              "err": {},
              "uuid": "153d26e0-4bc8-4aa4-b4fb-cccb385941b7",
              "parentUUID": "e8949b59-4b0a-4cfa-a36d-757995acfa67",
              "isHook": false,
              "skipped": false
            },
            {
              "title": "[005-002-06][Valid][Default] Range between 1-100.",
              "fullTitle": "price range TestSuite [005-002-06][Valid][Default] Range between 1-100.",
              "timedOut": null,
              "duration": 1105,
              "state": "passed",
              "speed": "fast",
              "pass": true,
              "fail": false,
              "pending": false,
              "context": null,
              "code": "cy.get(\"span[aria-label='ngx-slider']\").should('be.visible').and('not.be.disabled').invoke('val', '1').trigger('input');\ncy.get(\"span[aria-label='ngx-slider']\").should('have.value', '1');\ncy.get(\"span[aria-label='ngx-slider-max']\").should('be.visible').and('not.be.disabled').invoke('val', '100').trigger('input');\ncy.get(\"span[aria-label='ngx-slider-max']\").should('have.value', '100');\ncy.intercept({\n  method: \"GET\",\n  url: 'https://api.practicesoftwaretesting.com/products?between=price,1,100&page=1'\n}).as('GetPriceRange1to100');\ncy.wait('@GetPriceRange1to100');\ncy.get(\"div[class='col-md-9'] div[class='container']\").should('be.visible').and('not.have.text', 'There are no products found.');",
              "err": {},
              "uuid": "2ce598a4-eb23-410f-88af-5254bb5b8d60",
              "parentUUID": "e8949b59-4b0a-4cfa-a36d-757995acfa67",
              "isHook": false,
              "skipped": false
            }
          ],
          "suites": [],
          "passes": [
            "4cac79a7-0042-4d0d-bec7-294ffc4ef6a4",
            "14a6c1c9-e8d2-4a76-9256-b991a8e76f39",
            "183aef1d-ba48-410a-8db6-da4da4bc96f7",
            "153d26e0-4bc8-4aa4-b4fb-cccb385941b7",
            "2ce598a4-eb23-410f-88af-5254bb5b8d60"
          ],
          "failures": [],
          "pending": [],
          "skipped": [],
          "duration": 5245,
          "root": false,
          "rootEmpty": false,
          "_timeout": 2000
        }
      ],
      "passes": [],
      "failures": [],
      "pending": [],
      "skipped": [],
      "duration": 0,
      "root": true,
      "rootEmpty": true,
      "_timeout": 2000
    }
  ],
  "meta": {
    "mocha": {
      "version": "7.0.1"
    },
    "mochawesome": {
      "options": {
        "quiet": false,
        "reportFilename": "[status]_[datetime]-[name]-report",
        "saveHtml": true,
        "saveJson": true,
        "consoleReporter": "spec",
        "useInlineDiffs": false,
        "code": true
      },
      "version": "7.1.3"
    },
    "marge": {
      "options": {
        "reportFilename": "[status]_[datetime]-[name]-report",
        "timestamp": "longDate"
      },
      "version": "6.2.0"
    }
  }
}