{
  "stats": {
    "suites": 1,
    "tests": 1,
    "passes": 1,
    "pending": 0,
    "failures": 0,
    "start": "2025-02-10T16:03:47.993Z",
    "end": "2025-02-10T16:03:53.542Z",
    "duration": 5549,
    "testsRegistered": 1,
    "passPercent": 100,
    "pendingPercent": 0,
    "other": 0,
    "hasOther": false,
    "skipped": 0,
    "hasSkipped": false
  },
  "results": [
    {
      "uuid": "19510bfa-165a-4e7f-99cb-e1ec2cabf5ed",
      "title": "",
      "fullFile": "cypress\\e2e\\UserMembership\\SignUp\\testingusersignup.cy.js",
      "file": "cypress\\e2e\\UserMembership\\SignUp\\testingusersignup.cy.js",
      "beforeHooks": [],
      "afterHooks": [],
      "tests": [],
      "suites": [
        {
          "uuid": "04e81234-100a-4cdc-816a-86afa55011ee",
          "title": "testing user signup",
          "fullFile": "",
          "file": "",
          "beforeHooks": [],
          "afterHooks": [],
          "tests": [
            {
              "title": "registers the testuser",
              "fullTitle": "testing user signup registers the testuser",
              "timedOut": null,
              "duration": 5494,
              "state": "passed",
              "speed": "medium",
              "pass": true,
              "fail": false,
              "pending": false,
              "context": null,
              "code": "cy.get(\"a[aria-label='Register your account']\").should('be.visible').and('not.be.disabled').click();\n// cy.url().should('eq','auth/register');\ncy.get('input[data-test=\"first-name\"]').and('not.be.disabled').type('test');\ncy.get('input[id=\"last_name\"]').and('not.be.disabled').type('user');\ncy.get('input[id=\"dob\"]').should('be.visible').and('not.be.disabled').type('1998-01-16');\ncy.get('input[id=\"address\"]').should('be.visible').and('not.be.disabled').type(faker.location.streetAddress());\ncy.get('input[id=\"postcode\"]').should('be.visible').and('not.be.disabled').type(faker.location.zipCode());\ncy.get('input[id=\"city\"]').should('be.visible').and('not.be.disabled').type(faker.location.city());\ncy.get('input[id=\"state\"]').should('be.visible').and('not.be.disabled').type(faker.location.state());\ncy.get('select[id=\"country\"]').select(\"PS\");\ncy.get('input[data-test=\"phone\"]').should('be.visible').type(1234567889);\ncy.get('input[id=\"email\"]').should('be.visible').type('test13@test.com');\ncy.get('input[id=\"password\"]').should('be.visible').and('not.be.disabled').type('TH!sIsAP@ssword184');\ncy.get(\"button[type='submit']\").should('be.visible').and('not.be.disabled').click();\ncy.intercept({\n  method: \"POST\",\n  url: \"https://api.practicesoftwaretesting.com/users/register\"\n}).as(\"AccountCreated\");\ncy.wait(\"@AccountCreated\").then(interception => {\n  cy.wrap(interception.response.statusCode).should('eq', 201);\n});",
              "err": {},
              "uuid": "a05cb8a6-73b8-4df5-9964-2f3d50d526fe",
              "parentUUID": "04e81234-100a-4cdc-816a-86afa55011ee",
              "isHook": false,
              "skipped": false
            }
          ],
          "suites": [],
          "passes": [
            "a05cb8a6-73b8-4df5-9964-2f3d50d526fe"
          ],
          "failures": [],
          "pending": [],
          "skipped": [],
          "duration": 5494,
          "root": false,
          "rootEmpty": false,
          "_timeout": 2000
        }
      ],
      "passes": [],
      "failures": [],
      "pending": [],
      "skipped": [],
      "duration": 0,
      "root": true,
      "rootEmpty": true,
      "_timeout": 2000
    }
  ],
  "meta": {
    "mocha": {
      "version": "7.0.1"
    },
    "mochawesome": {
      "options": {
        "quiet": false,
        "reportFilename": "[status]_[datetime]-[name]-report",
        "saveHtml": true,
        "saveJson": true,
        "consoleReporter": "spec",
        "useInlineDiffs": false,
        "code": true
      },
      "version": "7.1.3"
    },
    "marge": {
      "options": {
        "reportFilename": "[status]_[datetime]-[name]-report",
        "timestamp": "longDate"
      },
      "version": "6.2.0"
    }
  }
}