{
  "stats": {
    "suites": 1,
    "tests": 4,
    "passes": 4,
    "pending": 0,
    "failures": 0,
    "start": "2025-02-10T16:03:25.074Z",
    "end": "2025-02-10T16:03:43.162Z",
    "duration": 18088,
    "testsRegistered": 4,
    "passPercent": 100,
    "pendingPercent": 0,
    "other": 0,
    "hasOther": false,
    "skipped": 0,
    "hasSkipped": false
  },
  "results": [
    {
      "uuid": "7573dd9e-cc1c-4ce4-a2a5-04c6fe179e7e",
      "title": "",
      "fullFile": "cypress\\e2e\\UserMembership\\SignUp\\Registration.cy.js",
      "file": "cypress\\e2e\\UserMembership\\SignUp\\Registration.cy.js",
      "beforeHooks": [],
      "afterHooks": [],
      "tests": [],
      "suites": [
        {
          "uuid": "68fe206a-4a02-409c-b602-3ab6b86f6d46",
          "title": "Registration TestSuite",
          "fullFile": "",
          "file": "",
          "beforeHooks": [],
          "afterHooks": [],
          "tests": [
            {
              "title": "[003-0007][Invalid] Register User with invalid year(e.g:12/24/275760)",
              "fullTitle": "Registration TestSuite [003-0007][Invalid] Register User with invalid year(e.g:12/24/275760)",
              "timedOut": null,
              "duration": 5182,
              "state": "passed",
              "speed": "medium",
              "pass": true,
              "fail": false,
              "pending": false,
              "context": null,
              "code": "cy.visit('/auth/login');\ncy.get(\"a[aria-label='Register your account']\").should('be.visible').and('not.be.disabled').click();\ncy.url().should('eq', 'https://practicesoftwaretesting.com/auth/register');\ncy.get('input[id=\"first_name\"]').should('be.visible').and('not.be.disabled').type(_faker.faker.person.firstName());\ncy.get('input[id=\"last_name\"]').should('be.visible').and('not.be.disabled').type(_faker.faker.person.lastName());\ncy.get('input[id=\"dob\"]').should('be.visible').and('not.be.disabled').type('2757-12-24');\ncy.get('input[id=\"address\"]').should('be.visible').and('not.be.disabled').type('St.01');\ncy.get('input[id=\"postcode\"]').should('be.visible').and('not.be.disabled').type('1000');\ncy.get('input[id=\"city\"]').should('be.visible').and('not.be.disabled').type('Buffalo');\ncy.get('input[id=\"state\"]').should('be.visible').and('not.be.disabled').type('NewYork');\ncy.get('select[id=\"country\"]').select(\"US\");\ncy.get('input[id=\"phone\"]').should('be.visible').type(\"123456789\");\ncy.get('input[id=\"email\"]').should('be.visible').type(\"test@test.com\");\ncy.get('input[id=\"password\"]').should('be.visible').and('not.be.disabled').type('wrgqefsdvDswrgwe4gt#!');\ncy.get('[data-test=\"register-submit\"]').should('be.visible').and('not.be.disabled').click();\ncy.get('[data-test=\"register-error\"]').should('have.text', 'Customer must be 18 years old.');\n// cy.get(\".alert.alert-danger.mt-3\").invoke('attr','color').should('eq','#f8d7da');\n//    cy.intercept({method:\"POST\",\n//     url:\"https://api.practicesoftwaretesting.com/users/register\"}).as(\"FailedReq\")\n//     cy.wait(\"@FailedReq\").then(interception =>{\n//         cy.wrap(interception.response.statusCode).should(\"eq\",422)\n//     })",
              "err": {},
              "uuid": "4ebad230-eab8-4bfc-a414-0a407880def0",
              "parentUUID": "68fe206a-4a02-409c-b602-3ab6b86f6d46",
              "isHook": false,
              "skipped": false
            },
            {
              "title": "[003-0016][Invalid] Register User with invalid email format",
              "fullTitle": "Registration TestSuite [003-0016][Invalid] Register User with invalid email format",
              "timedOut": null,
              "duration": 4120,
              "state": "passed",
              "speed": "fast",
              "pass": true,
              "fail": false,
              "pending": false,
              "context": null,
              "code": "cy.visit('/auth/login');\ncy.get(\"a[aria-label='Register your account']\").should('be.visible').and('not.be.disabled').click();\ncy.url().should('eq', 'https://practicesoftwaretesting.com/auth/register');\ncy.get('[data-test=\"first-name\"]').and('not.be.disabled').type(_faker.faker.person.firstName());\ncy.get('input[id=\"last_name\"]').and('not.be.disabled').type(_faker.faker.person.lastName());\ncy.get('input[id=\"dob\"]').should('be.visible').and('not.be.disabled').type('1988-07-02');\ncy.get('input[id=\"address\"]').should('be.visible').and('not.be.disabled').type(_faker.faker.location.streetAddress());\ncy.get('input[id=\"postcode\"]').should('be.visible').and('not.be.disabled').type(_faker.faker.location.zipCode());\ncy.get('input[id=\"city\"]').should('be.visible').and('not.be.disabled').type(_faker.faker.location.city());\ncy.get('input[id=\"state\"]').should('be.visible').and('not.be.disabled').type(_faker.faker.location.state());\ncy.get('select[id=\"country\"]').select(\"US\");\ncy.get('input[id=\"phone\"]').should('be.visible').type('23445536235');\ncy.get('input[id=\"email\"]').should('be.visible').type(\"test\");\ncy.get('input[id=\"password\"]').should('be.visible').and('not.be.disabled').type('H3lp1111!');\ncy.get(\"button[type='submit']\").should('be.visible').and('not.be.disabled').click();\n// cy.url().should('eq','auth/login');",
              "err": {},
              "uuid": "dcfed722-96c9-4aea-91da-3f1c54a8ce55",
              "parentUUID": "68fe206a-4a02-409c-b602-3ab6b86f6d46",
              "isHook": false,
              "skipped": false
            },
            {
              "title": "[003-0017][Invalid] Register User with invalid email format.",
              "fullTitle": "Registration TestSuite [003-0017][Invalid] Register User with invalid email format.",
              "timedOut": null,
              "duration": 4361,
              "state": "passed",
              "speed": "fast",
              "pass": true,
              "fail": false,
              "pending": false,
              "context": null,
              "code": "cy.visit('https://practicesoftwaretesting.com/auth/login');\ncy.get(\"a[aria-label='Register your account']\").should('be.visible').and('not.be.disabled').click();\ncy.url().should('eq', 'https://practicesoftwaretesting.com/auth/register');\ncy.get('[data-test=\"first-name\"]').and('not.be.disabled').type(_faker.faker.person.firstName());\ncy.get('input[id=\"last_name\"]').and('not.be.disabled').type(_faker.faker.person.lastName());\ncy.get('input[id=\"dob\"]').should('be.visible').and('not.be.disabled').type('1976-09-15');\ncy.get('input[id=\"address\"]').should('be.visible').and('not.be.disabled').type(_faker.faker.location.streetAddress());\ncy.get('input[id=\"postcode\"]').should('be.visible').and('not.be.disabled').type(_faker.faker.location.zipCode());\ncy.get('input[id=\"city\"]').should('be.visible').and('not.be.disabled').type(_faker.faker.location.city());\ncy.get('input[id=\"state\"]').should('be.visible').and('not.be.disabled').type(_faker.faker.location.state());\ncy.get('select[id=\"country\"]').select(\"US\");\ncy.get('input[id=\"phone\"]').should('be.visible').type('5225424');\ncy.get('input[id=\"email\"]').should('be.visible').type(\"test1@test\");\ncy.get('input[id=\"password\"]').should('be.visible').and('not.be.disabled').type('H3lp1111!');\ncy.get(\"button[type='submit']\").should('be.visible').and('not.be.disabled').click();",
              "err": {},
              "uuid": "a5d157f9-de1d-49b2-8e42-8e9990091ead",
              "parentUUID": "68fe206a-4a02-409c-b602-3ab6b86f6d46",
              "isHook": false,
              "skipped": false
            },
            {
              "title": "[003-0020][invalid] Register User with invalid password length (password length less than 8)",
              "fullTitle": "Registration TestSuite [003-0020][invalid] Register User with invalid password length (password length less than 8)",
              "timedOut": null,
              "duration": 4133,
              "state": "passed",
              "speed": "fast",
              "pass": true,
              "fail": false,
              "pending": false,
              "context": null,
              "code": "cy.visit('/auth/login');\ncy.get(\"a[aria-label='Register your account']\").should('be.visible').and('not.be.disabled').click();\ncy.url().should('eq', 'https://practicesoftwaretesting.com/auth/register');\ncy.get('input[id=\"first_name\"]').and('not.be.disabled').type(_faker.faker.person.firstName());\ncy.get('input[id=\"last_name\"]').and('not.be.disabled').type(_faker.faker.person.lastName());\ncy.get('input[id=\"dob\"]').should('be.visible').and('not.be.disabled').type('1996-07-19');\ncy.get('input[id=\"address\"]').should('be.visible').and('not.be.disabled').type(_faker.faker.location.streetAddress());\ncy.get('input[id=\"postcode\"]').should('be.visible').and('not.be.disabled').type(_faker.faker.location.zipCode());\ncy.get('input[id=\"city\"]').should('be.visible').and('not.be.disabled').type(_faker.faker.location.city());\ncy.get('input[id=\"state\"]').should('be.visible').and('not.be.disabled').type(_faker.faker.location.state());\ncy.get('select[id=\"country\"]').select(\"US\");\ncy.get('input[id=\"phone\"]').should('be.visible').type('09340963509');\ncy.get('input[id=\"email\"]').should('be.visible').type(\"test@test.com\");\ncy.get('input[id=\"password\"]').should('be.visible').and('not.be.disabled').type('H3lp!');\ncy.get(\"button[type='submit']\").should('be.visible').and('not.be.disabled').click();\ncy.get('[data-test=\"password-error\"]').should('be.visible').and('have.text', ' Password must be minimal 6 characters long. ');",
              "err": {},
              "uuid": "d1921216-145f-4d44-bad3-30fd696b9490",
              "parentUUID": "68fe206a-4a02-409c-b602-3ab6b86f6d46",
              "isHook": false,
              "skipped": false
            }
          ],
          "suites": [],
          "passes": [
            "4ebad230-eab8-4bfc-a414-0a407880def0",
            "dcfed722-96c9-4aea-91da-3f1c54a8ce55",
            "a5d157f9-de1d-49b2-8e42-8e9990091ead",
            "d1921216-145f-4d44-bad3-30fd696b9490"
          ],
          "failures": [],
          "pending": [],
          "skipped": [],
          "duration": 17796,
          "root": false,
          "rootEmpty": false,
          "_timeout": 2000
        }
      ],
      "passes": [],
      "failures": [],
      "pending": [],
      "skipped": [],
      "duration": 0,
      "root": true,
      "rootEmpty": true,
      "_timeout": 2000
    }
  ],
  "meta": {
    "mocha": {
      "version": "7.0.1"
    },
    "mochawesome": {
      "options": {
        "quiet": false,
        "reportFilename": "[status]_[datetime]-[name]-report",
        "saveHtml": true,
        "saveJson": true,
        "consoleReporter": "spec",
        "useInlineDiffs": false,
        "code": true
      },
      "version": "7.1.3"
    },
    "marge": {
      "options": {
        "reportFilename": "[status]_[datetime]-[name]-report",
        "timestamp": "longDate"
      },
      "version": "6.2.0"
    }
  }
}