{
  "stats": {
    "suites": 1,
    "tests": 16,
    "passes": 16,
    "pending": 0,
    "failures": 0,
    "start": "2025-02-10T16:51:20.455Z",
    "end": "2025-02-10T16:52:31.440Z",
    "duration": 70985,
    "testsRegistered": 16,
    "passPercent": 100,
    "pendingPercent": 0,
    "other": 0,
    "hasOther": false,
    "skipped": 0,
    "hasSkipped": false
  },
  "results": [
    {
      "uuid": "327c33a1-cebe-43f3-b4e8-ac1c5306a8ae",
      "title": "",
      "fullFile": "cypress\\e2e\\Contact-TestSuite\\Contact.cy.js",
      "file": "cypress\\e2e\\Contact-TestSuite\\Contact.cy.js",
      "beforeHooks": [],
      "afterHooks": [],
      "tests": [],
      "suites": [
        {
          "uuid": "5985bbb1-5dc1-4165-b7f9-957d0a9baae5",
          "title": "Contact Test Suite",
          "fullFile": "",
          "file": "",
          "beforeHooks": [],
          "afterHooks": [],
          "tests": [
            {
              "title": "[004-0001] [Valid] Sending data in valid data format and valid text attachment.",
              "fullTitle": "Contact Test Suite [004-0001] [Valid] Sending data in valid data format and valid text attachment.",
              "timedOut": null,
              "duration": 19661,
              "state": "passed",
              "speed": "slow",
              "pass": true,
              "fail": false,
              "pending": false,
              "context": null,
              "code": "cy.visit(\"/contact\");\ncy.url().should('eq', 'https://practicesoftwaretesting.com/contact');\ncy.get(\"#first_name\").should('be.visible').and('not.be.disabled').type(faker.person.firstName());\ncy.get(\"#last_name\").should('be.visible').and('not.be.disabled').type(faker.person.lastName());\ncy.get(\"#email\").should('be.visible').and('not.be.disabled').type(faker.internet.email());\ncy.get('#subject').should('be.visible').and('not.be.disabled').select(subjects[rand_index]);\ncy.get('#message').should('be.visible').and('not.be.disabled').type(\"Test done by Abdullah Aladham ❤️,my account :https://www.linkedin.com/in/abdullah-aladham/\");\ncy.get(\"#attachment\").should('be.visible').and('not.be.disabled').selectFile(\"E:\\\\github\\\\cypress\\\\practice-software-testing\\\\cypress\\\\e2e\\\\test.txt\");\ncy.get(\"input[value='Send']\").should('be.visible').and('not.be.disabled').click();\ncy.intercept({\n  method: \"POST\",\n  url: \"https://api.practicesoftwaretesting.com/messages\"\n}).as(\"ContactFormSubmitPOSTReq\");\ncy.get(\"div[role='alert']\").should('be.visible').and('have.text', ' Thanks for your message! We will contact you shortly. ');\ncy.wait(\"@ContactFormSubmitPOSTReq\").then(interception => {\n  console.log(interception);\n  cy.wrap(interception.response.statusCode).should('eq', 200);\n});\n;",
              "err": {},
              "uuid": "5a07e7d1-d9df-41a8-84c2-56544cd64dde",
              "parentUUID": "5985bbb1-5dc1-4165-b7f9-957d0a9baae5",
              "isHook": false,
              "skipped": false
            },
            {
              "title": "[004-0002] [Valid] Sending data without sending text attachment.",
              "fullTitle": "Contact Test Suite [004-0002] [Valid] Sending data without sending text attachment.",
              "timedOut": null,
              "duration": 3954,
              "state": "passed",
              "speed": "fast",
              "pass": true,
              "fail": false,
              "pending": false,
              "context": null,
              "code": "cy.visit(\"/contact\");\ncy.url().should('eq', 'https://practicesoftwaretesting.com/contact');\ncy.get(\"#first_name\").should('be.visible').and('not.be.disabled').type(faker.person.firstName());\ncy.get(\"#last_name\").should('be.visible').and('not.be.disabled').type(faker.person.lastName());\ncy.get(\"#email\").should('be.visible').and('not.be.disabled').type(faker.internet.email());\ncy.get('#subject').should('be.visible').and('not.be.disabled').select(subjects[rand_index]);\ncy.get('#message').should('be.visible').and('not.be.disabled').type(\"Test done by Abdullah Aladham ❤️,my account :https://www.linkedin.com/in/abdullah-aladham/\");\ncy.get(\"input[value='Send']\").should('be.visible').and('not.be.disabled').click();\ncy.intercept({\n  method: \"POST\",\n  url: \"https://api.practicesoftwaretesting.com/messages\"\n}).as(\"SubmittingDataReq\");\n// cy.intercept({method:\"OPTIONS\",\n//     url:\"https://api.practicesoftwaretesting.com/messages\"\n// }).as(\"SubmittingDataOPTIONSReq\");\ncy.get(\"div[role='alert']\").should('be.visible').and('have.text', ' Thanks for your message! We will contact you shortly. ');\n// cy.wait(\"@SubmittingDataOPTIONSReq\").then(interception =>{\n//     console.log(interception);\n//     cy.wrap(interception.response.statusCode).should('eq',204)\n// });;\ncy.wait(\"@SubmittingDataReq\").then(interception => {\n  console.log(interception);\n  cy.wrap(interception.response.statusCode).should('eq', 200);\n});\n;",
              "err": {},
              "uuid": "4589dfd7-7f2b-4dfd-94bd-8090c5f32318",
              "parentUUID": "5985bbb1-5dc1-4165-b7f9-957d0a9baae5",
              "isHook": false,
              "skipped": false
            },
            {
              "title": "[004-0003] [Invalid] Sending data without filling first name.",
              "fullTitle": "Contact Test Suite [004-0003] [Invalid] Sending data without filling first name.",
              "timedOut": null,
              "duration": 3313,
              "state": "passed",
              "speed": "fast",
              "pass": true,
              "fail": false,
              "pending": false,
              "context": null,
              "code": "cy.visit(\"/contact\");\ncy.url().should('eq', 'https://practicesoftwaretesting.com/contact');\n// cy.get(\"#first_name\").should('be.visible').and('not.be.disabled').type(faker.person.firstName());\ncy.get(\"#last_name\").should('be.visible').and('not.be.disabled').type(faker.person.lastName());\ncy.get(\"#email\").should('be.visible').and('not.be.disabled').type(faker.internet.email());\ncy.get('#subject').should('be.visible').and('not.be.disabled').select(subjects[rand_index]);\ncy.get('#message').should('be.visible').and('not.be.disabled').type(\"Test done by Abdullah Aladham ❤️,my account :https://www.linkedin.com/in/abdullah-aladham/\");\ncy.get(\"#attachment\").should('be.visible').and('not.be.disabled').selectFile(\"E:\\\\github\\\\cypress\\\\practice-software-testing\\\\cypress\\\\e2e\\\\test.txt\");\ncy.get(\"input[value='Send']\").should('be.visible').and('not.be.disabled').click();\ncy.get(\"#first_name_alert\").should('be.visible').and('have.text', 'First name is required');\n// cy.intercept({\n//     method:\"GET\",\n//     url:\"data:image/svg+xml,%3csvg xmlns='http://www.w3.org/2000/svg' viewBox='0 0 12 12' width='12' height='12' fill='none' stroke='%23dc3545'%3e%3ccircle cx='6' cy='6' r='4.5'/%3e%3cpath stroke-linejoin='round' d='M5.8 3.6h.4L6 6.5z'/%3e%3ccircle cx='6' cy='8.2' r='.6' fill='%23dc3545' stroke='none'/%3e%3c/svg%3e\"\n// }).as(\"ErrorAlertReq\");\n// cy.wait(\"@ErrorAlertReq\").then(interception =>{\n//     console.log(interception);\n//     cy.wrap(interception.response.statusCode).should('eq',200)\n// });",
              "err": {},
              "uuid": "58f722df-943f-40db-a004-a42905152a83",
              "parentUUID": "5985bbb1-5dc1-4165-b7f9-957d0a9baae5",
              "isHook": false,
              "skipped": false
            },
            {
              "title": "[004-0004] [Invalid] Sending data without filling last name.",
              "fullTitle": "Contact Test Suite [004-0004] [Invalid] Sending data without filling last name.",
              "timedOut": null,
              "duration": 3302,
              "state": "passed",
              "speed": "fast",
              "pass": true,
              "fail": false,
              "pending": false,
              "context": null,
              "code": "cy.visit(\"/contact\");\ncy.url().should('eq', 'https://practicesoftwaretesting.com/contact');\ncy.get(\"#first_name\").should('be.visible').and('not.be.disabled').type(faker.person.firstName());\n// cy.get(\"#last_name\").should('be.visible').and('not.be.disabled').type(faker.person.lastName);\ncy.get(\"#email\").should('be.visible').and('not.be.disabled').type(faker.internet.email());\ncy.get('#subject').should('be.visible').and('not.be.disabled').select(subjects[rand_index]);\ncy.get('#message').should('be.visible').and('not.be.disabled').type(\"Test done by Abdullah Aladham ❤️,my account :https://www.linkedin.com/in/abdullah-aladham/\");\ncy.get(\"#attachment\").should('be.visible').and('not.be.disabled').selectFile(\"E:\\\\github\\\\cypress\\\\practice-software-testing\\\\cypress\\\\e2e\\\\test.txt\");\ncy.get(\"input[value='Send']\").should('be.visible').and('not.be.disabled').click();\ncy.get(\"#last_name_alert\").should('be.visible').and('have.text', 'Last name is required');",
              "err": {},
              "uuid": "913bb888-ac74-4965-8aa9-ea3bb42c8c9c",
              "parentUUID": "5985bbb1-5dc1-4165-b7f9-957d0a9baae5",
              "isHook": false,
              "skipped": false
            },
            {
              "title": "[004-0005] [Invalid] Sending data without filling Email Address.",
              "fullTitle": "Contact Test Suite [004-0005] [Invalid] Sending data without filling Email Address.",
              "timedOut": null,
              "duration": 2629,
              "state": "passed",
              "speed": "fast",
              "pass": true,
              "fail": false,
              "pending": false,
              "context": null,
              "code": "cy.visit(\"/contact\");\ncy.url().should('eq', 'https://practicesoftwaretesting.com/contact');\ncy.get(\"#first_name\").should('be.visible').and('not.be.disabled').type(faker.person.firstName());\ncy.get(\"#last_name\").should('be.visible').and('not.be.disabled').type(faker.person.lastName());\n// cy.get(\"#email\").should('be.visible').and('not.be.disabled').type(faker.internet.email)\ncy.get('#subject').should('be.visible').and('not.be.disabled').select(subjects[rand_index]);\ncy.get('#message').should('be.visible').and('not.be.disabled').type(\"Test done by Abdullah Aladham ❤️,my account: https://www.linkedin.com/in/abdullah-aladham/\");\ncy.get(\"#attachment\").should('be.visible').and('not.be.disabled').selectFile(\"E:\\\\github\\\\cypress\\\\practice-software-testing\\\\cypress\\\\e2e\\\\test.txt\");\ncy.get(\"input[value='Send']\").should('be.visible').and('not.be.disabled').click();\ncy.get('[data-test=\"email-error\"]').should('be.visible').and('have.text', 'Email is required');",
              "err": {},
              "uuid": "7dc6b543-e03a-4b37-aaaf-0e778c2db988",
              "parentUUID": "5985bbb1-5dc1-4165-b7f9-957d0a9baae5",
              "isHook": false,
              "skipped": false
            },
            {
              "title": "[004-0006] [Invalid] Sending data with filling invalid email format (e.g:test@test@test).",
              "fullTitle": "Contact Test Suite [004-0006] [Invalid] Sending data with filling invalid email format (e.g:test@test@test).",
              "timedOut": null,
              "duration": 2945,
              "state": "passed",
              "speed": "fast",
              "pass": true,
              "fail": false,
              "pending": false,
              "context": null,
              "code": "cy.visit(\"/contact\");\ncy.url().should('eq', 'https://practicesoftwaretesting.com/contact');\ncy.get(\"#first_name\").should('be.visible').and('not.be.disabled').type(faker.person.firstName());\ncy.get(\"#last_name\").should('be.visible').and('not.be.disabled').type(faker.person.lastName());\ncy.get(\"#email\").should('be.visible').and('not.be.disabled').type(\"test@test@test\");\ncy.get('#subject').should('be.visible').and('not.be.disabled').select(subjects[rand_index]);\ncy.get('#message').should('be.visible').and('not.be.disabled').type(\"Test done by Abdullah Aladham ❤️, my account :https://www.linkedin.com/in/abdullah-aladham/\");\ncy.get(\"#attachment\").should('be.visible').and('not.be.disabled').selectFile(\"E:\\\\github\\\\cypress\\\\practice-software-testing\\\\cypress\\\\e2e\\\\test.txt\");\ncy.get(\"input[value='Send']\").should('be.visible').and('not.be.disabled').click();\ncy.get('[data-test=\"email-error\"]').should('be.visible').and('have.text', 'Email format is invalid');",
              "err": {},
              "uuid": "7595dba8-809b-4ef6-b22f-e273da1bc8ae",
              "parentUUID": "5985bbb1-5dc1-4165-b7f9-957d0a9baae5",
              "isHook": false,
              "skipped": false
            },
            {
              "title": "[004-0007] [Invalid] Sending data with filling invalid email format (e.g:test).",
              "fullTitle": "Contact Test Suite [004-0007] [Invalid] Sending data with filling invalid email format (e.g:test).",
              "timedOut": null,
              "duration": 2989,
              "state": "passed",
              "speed": "fast",
              "pass": true,
              "fail": false,
              "pending": false,
              "context": null,
              "code": "cy.visit(\"/contact\");\ncy.url().should('eq', 'https://practicesoftwaretesting.com/contact');\ncy.get(\"#first_name\").should('be.visible').and('not.be.disabled').type(faker.person.firstName());\ncy.get(\"#last_name\").should('be.visible').and('not.be.disabled').type(faker.person.lastName());\ncy.get(\"#email\").should('be.visible').and('not.be.disabled').type(\"test\");\ncy.get('#subject').should('be.visible').and('not.be.disabled').select(subjects[rand_index]);\ncy.get('#message').should('be.visible').and('not.be.disabled').type(\"Test done by Abdullah Aladham ❤️, my account :https://www.linkedin.com/in/abdullah-aladham/\");\ncy.get(\"#attachment\").should('be.visible').and('not.be.disabled').selectFile(\"E:\\\\github\\\\cypress\\\\practice-software-testing\\\\cypress\\\\e2e\\\\test.txt\");\ncy.get(\"input[value='Send']\").should('be.visible').and('not.be.disabled').click();\ncy.get('[data-test=\"email-error\"]').should('be.visible').and('have.text', 'Email format is invalid');",
              "err": {},
              "uuid": "49a4e7ba-1799-41f4-a9da-e7bc6e1f904f",
              "parentUUID": "5985bbb1-5dc1-4165-b7f9-957d0a9baae5",
              "isHook": false,
              "skipped": false
            },
            {
              "title": "[004-0008] [Invalid] Sending data with filling invalid email format (e.g:test).",
              "fullTitle": "Contact Test Suite [004-0008] [Invalid] Sending data with filling invalid email format (e.g:test).",
              "timedOut": null,
              "duration": 2992,
              "state": "passed",
              "speed": "fast",
              "pass": true,
              "fail": false,
              "pending": false,
              "context": null,
              "code": "cy.visit(\"/contact\");\ncy.url().should('eq', 'https://practicesoftwaretesting.com/contact');\ncy.get(\"#first_name\").should('be.visible').and('not.be.disabled').type(faker.person.firstName());\ncy.get(\"#last_name\").should('be.visible').and('not.be.disabled').type(faker.person.lastName());\ncy.get(\"#email\").should('be.visible').and('not.be.disabled').type(\"test.com\");\ncy.get('#subject').should('be.visible').and('not.be.disabled').select(subjects[rand_index]);\ncy.get('#message').should('be.visible').and('not.be.disabled').type(\"Test done by Abdullah Aladham ❤️, my account :https://www.linkedin.com/in/abdullah-aladham/\");\ncy.get(\"#attachment\").should('be.visible').and('not.be.disabled').selectFile(\"E:\\\\github\\\\cypress\\\\practice-software-testing\\\\cypress\\\\e2e\\\\test.txt\");\ncy.get(\"input[value='Send']\").should('be.visible').and('not.be.disabled').click();\ncy.get('[data-test=\"email-error\"]').should('be.visible').and('have.text', 'Email format is invalid');",
              "err": {},
              "uuid": "fa54c855-f964-4aae-980c-802a1ad1ab7e",
              "parentUUID": "5985bbb1-5dc1-4165-b7f9-957d0a9baae5",
              "isHook": false,
              "skipped": false
            },
            {
              "title": "[004-0009] [Invalid] Sending data with filling numerical value in email input (e.g:123).",
              "fullTitle": "Contact Test Suite [004-0009] [Invalid] Sending data with filling numerical value in email input (e.g:123).",
              "timedOut": null,
              "duration": 2819,
              "state": "passed",
              "speed": "fast",
              "pass": true,
              "fail": false,
              "pending": false,
              "context": null,
              "code": "cy.visit(\"/contact\");\ncy.url().should('eq', 'https://practicesoftwaretesting.com/contact');\ncy.get(\"#first_name\").should('be.visible').and('not.be.disabled').type(faker.person.firstName());\ncy.get(\"#last_name\").should('be.visible').and('not.be.disabled').type(faker.person.lastName());\ncy.get(\"#email\").should('be.visible').and('not.be.disabled').type(\"123\");\ncy.get('#subject').should('be.visible').and('not.be.disabled').select(subjects[rand_index]);\ncy.get('#message').should('be.visible').and('not.be.disabled').type(\"Test done by Abdullah Aladham ❤️, my account :https://www.linkedin.com/in/abdullah-aladham/\");\ncy.get(\"#attachment\").should('be.visible').and('not.be.disabled').selectFile(\"E:\\\\github\\\\cypress\\\\practice-software-testing\\\\cypress\\\\e2e\\\\test.txt\");\ncy.get(\"input[value='Send']\").should('be.visible').and('not.be.disabled').click();\ncy.get('[data-test=\"email-error\"]').should('be.visible').and('have.text', 'Email format is invalid');",
              "err": {},
              "uuid": "8681b126-34b8-42c6-a5c0-4c33c5b9d3de",
              "parentUUID": "5985bbb1-5dc1-4165-b7f9-957d0a9baae5",
              "isHook": false,
              "skipped": false
            },
            {
              "title": "[004-0009] [Invalid] Sending data with filling numerical value (e.g:123).",
              "fullTitle": "Contact Test Suite [004-0009] [Invalid] Sending data with filling numerical value (e.g:123).",
              "timedOut": null,
              "duration": 3045,
              "state": "passed",
              "speed": "fast",
              "pass": true,
              "fail": false,
              "pending": false,
              "context": null,
              "code": "cy.visit(\"/contact\");\ncy.url().should('eq', 'https://practicesoftwaretesting.com/contact');\ncy.get(\"#first_name\").should('be.visible').and('not.be.disabled').type(faker.person.firstName());\ncy.get(\"#last_name\").should('be.visible').and('not.be.disabled').type(faker.person.lastName());\ncy.get(\"#email\").should('be.visible').and('not.be.disabled').type(\"123\");\n// cy.get('#subject').should('be.visible').and('not.be.disabled').select(subjects[rand_index])\ncy.get('#message').should('be.visible').and('not.be.disabled').type(\"Test done by Abdullah Aladham ❤️,my account :https://www.linkedin.com/in/abdullah-aladham/\");\ncy.get(\"#attachment\").should('be.visible').and('not.be.disabled').selectFile(\"E:\\\\github\\\\cypress\\\\practice-software-testing\\\\cypress\\\\e2e\\\\test.txt\");\ncy.get(\"input[value='Send']\").should('be.visible').and('not.be.disabled').click();\ncy.get(\"#subject_alert\").should('be.visible').and('have.text', 'Subject is required');",
              "err": {},
              "uuid": "73c4d3d8-1c22-4c1c-9c08-80822d58f614",
              "parentUUID": "5985bbb1-5dc1-4165-b7f9-957d0a9baae5",
              "isHook": false,
              "skipped": false
            },
            {
              "title": "[004-0010] [invalid] Sending data with blank message input field.",
              "fullTitle": "Contact Test Suite [004-0010] [invalid] Sending data with blank message input field.",
              "timedOut": null,
              "duration": 1775,
              "state": "passed",
              "speed": "fast",
              "pass": true,
              "fail": false,
              "pending": false,
              "context": null,
              "code": "cy.visit(\"/contact\");\ncy.url().should('eq', 'https://practicesoftwaretesting.com/contact');\ncy.get(\"#first_name\").should('be.visible').and('not.be.disabled').type(faker.person.firstName());\ncy.get(\"#last_name\").should('be.visible').and('not.be.disabled').type(faker.person.lastName());\ncy.get(\"#email\").should('be.visible').and('not.be.disabled').type(faker.internet.email());\ncy.get('#subject').should('be.visible').and('not.be.disabled').select(subjects[rand_index]);\n// cy.get('#message').should('be.visible').and('not.be.disabled').type(\"Test done by Abdullah Aladham ❤️ ,my account :https://www.linkedin.com/in/abdullah-aladham/\");\ncy.get(\"#attachment\").should('be.visible').and('not.be.disabled').selectFile(\"E:\\\\github\\\\cypress\\\\practice-software-testing\\\\cypress\\\\e2e\\\\test.txt\");\ncy.get(\"input[value='Send']\").should('be.visible').and('not.be.disabled').click();\ncy.get('[data-test=\"message-error\"]').should('be.visible').and('have.text', 'Message is required');",
              "err": {},
              "uuid": "aa8e63e0-5b62-407a-9f1b-f2d35dfc0628",
              "parentUUID": "5985bbb1-5dc1-4165-b7f9-957d0a9baae5",
              "isHook": false,
              "skipped": false
            },
            {
              "title": " [004-0011] [invalid] Sending data with message that has length less than 50 characters.",
              "fullTitle": "Contact Test Suite  [004-0011] [invalid] Sending data with message that has length less than 50 characters.",
              "timedOut": null,
              "duration": 2323,
              "state": "passed",
              "speed": "fast",
              "pass": true,
              "fail": false,
              "pending": false,
              "context": null,
              "code": "cy.visit(\"/contact\");\ncy.url().should('eq', 'https://practicesoftwaretesting.com/contact');\ncy.get(\"#first_name\").should('be.visible').and('not.be.disabled').type(faker.person.firstName());\ncy.get(\"#last_name\").should('be.visible').and('not.be.disabled').type(faker.person.lastName());\ncy.get(\"#email\").should('be.visible').and('not.be.disabled').type(faker.internet.email());\ncy.get('#subject').should('be.visible').and('not.be.disabled').select(subjects[rand_index]);\ncy.get('#message').should('be.visible').and('not.be.disabled').type(\"Test done by Abdullah Aladham ❤️\");\ncy.get(\"#attachment\").should('be.visible').and('not.be.disabled').selectFile(\"E:\\\\github\\\\cypress\\\\practice-software-testing\\\\cypress\\\\e2e\\\\test.txt\");\ncy.get(\"input[value='Send']\").should('be.visible').and('not.be.disabled').click();\ncy.get('[data-test=\"message-error\"]').should('be.visible').and('have.text', 'Message must be minimal 50 characters');",
              "err": {},
              "uuid": "bd50876d-7010-4d50-b4ed-ad4450000b5a",
              "parentUUID": "5985bbb1-5dc1-4165-b7f9-957d0a9baae5",
              "isHook": false,
              "skipped": false
            },
            {
              "title": "[004-0012] [invalid] Sending data with non .txt file extension and 0kb size",
              "fullTitle": "Contact Test Suite [004-0012] [invalid] Sending data with non .txt file extension and 0kb size",
              "timedOut": null,
              "duration": 3275,
              "state": "passed",
              "speed": "fast",
              "pass": true,
              "fail": false,
              "pending": false,
              "context": null,
              "code": "cy.visit(\"/contact\");\ncy.url().should('eq', 'https://practicesoftwaretesting.com/contact');\ncy.get(\"#first_name\").should('be.visible').and('not.be.disabled').type(faker.person.firstName());\ncy.get(\"#last_name\").should('be.visible').and('not.be.disabled').type(faker.person.lastName());\ncy.get(\"#email\").should('be.visible').and('not.be.disabled').type(faker.internet.email());\ncy.get('#subject').should('be.visible').and('not.be.disabled').select(subjects[rand_index]);\ncy.get('#message').should('be.visible').and('not.be.disabled').type(\"Test done by Abdullah Aladham ❤️ ,my account :https://www.linkedin.com/in/abdullah-aladham/\");\ncy.get(\"#attachment\").should('be.visible').and('not.be.disabled').selectFile(\"E:\\\\github\\\\cypress\\\\practice-software-testing\\\\cypress\\\\e2e\\\\test.docx\");\ncy.get(\"input[value='Send']\").should('be.visible').and('not.be.disabled').click();\ncy.get(\"#attachment_alert\").should('be.visible').and('have.text', 'File should have a txt extension.');",
              "err": {},
              "uuid": "c802e659-5224-4974-ba63-bbcaaa60ee9b",
              "parentUUID": "5985bbb1-5dc1-4165-b7f9-957d0a9baae5",
              "isHook": false,
              "skipped": false
            },
            {
              "title": "[004-0013] [Invalid] Sending data with .txt file extension and bigger than 0kb size",
              "fullTitle": "Contact Test Suite [004-0013] [Invalid] Sending data with .txt file extension and bigger than 0kb size",
              "timedOut": null,
              "duration": 3559,
              "state": "passed",
              "speed": "fast",
              "pass": true,
              "fail": false,
              "pending": false,
              "context": null,
              "code": "cy.visit(\"/contact\");\ncy.url().should('eq', 'https://practicesoftwaretesting.com/contact');\ncy.get(\"#first_name\").should('be.visible').and('not.be.disabled').type(faker.person.firstName());\ncy.get(\"#last_name\").should('be.visible').and('not.be.disabled').type(faker.person.lastName());\ncy.get(\"#email\").should('be.visible').and('not.be.disabled').type(faker.internet.email());\ncy.get('#subject').should('be.visible').and('not.be.disabled').select(subjects[rand_index]);\ncy.get('#message').should('be.visible').and('not.be.disabled').type(\"Test done by Abdullah Aladham ❤️,my account :https://www.linkedin.com/in/abdullah-aladham/\");\ncy.get(\"#attachment\").should('be.visible').and('not.be.disabled').selectFile(\"E:\\\\github\\\\cypress\\\\practice-software-testing\\\\cypress\\\\e2e\\\\invalid.txt\");\ncy.get(\"input[value='Send']\").should('be.visible').and('not.be.disabled').click();\ncy.get('#attachment_alert').should('be.visible').and('have.text', 'File should be empty.');",
              "err": {},
              "uuid": "71a8407f-622f-4b60-8785-a27876634424",
              "parentUUID": "5985bbb1-5dc1-4165-b7f9-957d0a9baae5",
              "isHook": false,
              "skipped": false
            },
            {
              "title": "[004-0014] [invalid] Sending data with non .txt file extension and bigger than 0kb size",
              "fullTitle": "Contact Test Suite [004-0014] [invalid] Sending data with non .txt file extension and bigger than 0kb size",
              "timedOut": null,
              "duration": 3494,
              "state": "passed",
              "speed": "fast",
              "pass": true,
              "fail": false,
              "pending": false,
              "context": null,
              "code": "cy.visit(\"/contact\");\ncy.url().should('eq', 'https://practicesoftwaretesting.com/contact');\ncy.get(\"#first_name\").should('be.visible').and('not.be.disabled').type(faker.person.firstName());\ncy.get(\"#last_name\").should('be.visible').and('not.be.disabled').type(faker.person.lastName());\ncy.get(\"#email\").should('be.visible').and('not.be.disabled').type(faker.internet.email());\ncy.get('#subject').should('be.visible').and('not.be.disabled').select(subjects[rand_index]);\ncy.get('#message').should('be.visible').and('not.be.disabled').type(\"Test done by Abdullah Aladham ❤️,my account :https://www.linkedin.com/in/abdullah-aladham/\");\ncy.get(\"#attachment\").should('be.visible').and('not.be.disabled').selectFile(\"E:\\\\github\\\\cypress\\\\practice-software-testing\\\\cypress\\\\e2e\\\\invalid.docx\");\ncy.get(\"input[value='Send']\").should('be.visible').and('not.be.disabled').click();\ncy.get('#attachment_alert').should('be.visible').and('have.text', 'File should be empty.'); //finally found a bug🤣 ,HehE Boi 🤣",
              "err": {},
              "uuid": "90f31b12-5030-4261-bd48-92a01a3f3d81",
              "parentUUID": "5985bbb1-5dc1-4165-b7f9-957d0a9baae5",
              "isHook": false,
              "skipped": false
            },
            {
              "title": " [004-0015] [invalid] Sending data with message that has length more than 250 characters.",
              "fullTitle": "Contact Test Suite  [004-0015] [invalid] Sending data with message that has length more than 250 characters.",
              "timedOut": null,
              "duration": 8063,
              "state": "passed",
              "speed": "medium",
              "pass": true,
              "fail": false,
              "pending": false,
              "context": null,
              "code": "cy.visit(\"/contact\");\ncy.url().should('eq', 'https://practicesoftwaretesting.com/contact');\ncy.get(\"#first_name\").should('be.visible').and('not.be.disabled').type(faker.person.firstName());\ncy.get(\"#last_name\").should('be.visible').and('not.be.disabled').type(faker.person.lastName());\ncy.get(\"#email\").should('be.visible').and('not.be.disabled').type(faker.internet.email());\ncy.get('#subject').should('be.visible').and('not.be.disabled').select(subjects[rand_index]);\ncy.get('#message').should('be.visible').and('not.be.disabled').type(\"Test done by Abdullah Aladham ❤️Test done by Abdullah Aladham ❤️Test done by Abdullah Aladham ❤️Test done by Abdullah Aladham ❤️Test done by Abdullah Aladham ❤️Test done by Abdullah Aladham ❤️Test done by Abdullah Aladham ❤️Test done by Abdullah Aladham ❤️Test done by Abdullah Aladham ❤️Test done by Abdullah Aladham ❤️Test done by Abdullah Aladham ❤️Test done by Abdullah Aladham ❤️Test done by Abdullah Aladham ❤️Test done by Abdullah Aladham ❤️Test done by Abdullah Aladham ❤️\");\ncy.get(\"#attachment\").should('be.visible').and('not.be.disabled').selectFile(\"E:\\\\github\\\\cypress\\\\practice-software-testing\\\\cypress\\\\e2e\\\\test.txt\");\ncy.get(\"input[value='Send']\").should('be.visible').and('not.be.disabled').click();\ncy.get('.alert').should('be.visible').and('have.text', 'The message field must not be greater than 250 characters.');",
              "err": {},
              "uuid": "41992ec3-e8cb-4345-960b-0327d0b75d92",
              "parentUUID": "5985bbb1-5dc1-4165-b7f9-957d0a9baae5",
              "isHook": false,
              "skipped": false
            }
          ],
          "suites": [],
          "passes": [
            "5a07e7d1-d9df-41a8-84c2-56544cd64dde",
            "4589dfd7-7f2b-4dfd-94bd-8090c5f32318",
            "58f722df-943f-40db-a004-a42905152a83",
            "913bb888-ac74-4965-8aa9-ea3bb42c8c9c",
            "7dc6b543-e03a-4b37-aaaf-0e778c2db988",
            "7595dba8-809b-4ef6-b22f-e273da1bc8ae",
            "49a4e7ba-1799-41f4-a9da-e7bc6e1f904f",
            "fa54c855-f964-4aae-980c-802a1ad1ab7e",
            "8681b126-34b8-42c6-a5c0-4c33c5b9d3de",
            "73c4d3d8-1c22-4c1c-9c08-80822d58f614",
            "aa8e63e0-5b62-407a-9f1b-f2d35dfc0628",
            "bd50876d-7010-4d50-b4ed-ad4450000b5a",
            "c802e659-5224-4974-ba63-bbcaaa60ee9b",
            "71a8407f-622f-4b60-8785-a27876634424",
            "90f31b12-5030-4261-bd48-92a01a3f3d81",
            "41992ec3-e8cb-4345-960b-0327d0b75d92"
          ],
          "failures": [],
          "pending": [],
          "skipped": [],
          "duration": 70138,
          "root": false,
          "rootEmpty": false,
          "_timeout": 2000
        }
      ],
      "passes": [],
      "failures": [],
      "pending": [],
      "skipped": [],
      "duration": 0,
      "root": true,
      "rootEmpty": true,
      "_timeout": 2000
    }
  ],
  "meta": {
    "mocha": {
      "version": "7.0.1"
    },
    "mochawesome": {
      "options": {
        "quiet": false,
        "reportFilename": "[status]_[datetime]-[name]-report",
        "saveHtml": true,
        "saveJson": true,
        "consoleReporter": "spec",
        "useInlineDiffs": false,
        "code": true
      },
      "version": "7.1.3"
    },
    "marge": {
      "options": {
        "reportFilename": "[status]_[datetime]-[name]-report",
        "timestamp": "longDate"
      },
      "version": "6.2.0"
    }
  }
}