{
  "stats": {
    "suites": 1,
    "tests": 1,
    "passes": 1,
    "pending": 0,
    "failures": 0,
    "start": "2025-02-10T16:03:11.011Z",
    "end": "2025-02-10T16:03:12.093Z",
    "duration": 1082,
    "testsRegistered": 1,
    "passPercent": 100,
    "pendingPercent": 0,
    "other": 0,
    "hasOther": false,
    "skipped": 0,
    "hasSkipped": false
  },
  "results": [
    {
      "uuid": "4f2c3776-444c-407c-8748-8c1fd268d5e2",
      "title": "",
      "fullFile": "cypress\\e2e\\UserMembership\\Sign-in[SI]\\Sign-in.cy.js",
      "file": "cypress\\e2e\\UserMembership\\Sign-in[SI]\\Sign-in.cy.js",
      "beforeHooks": [],
      "afterHooks": [],
      "tests": [],
      "suites": [
        {
          "uuid": "1bbc813e-32dd-4fc1-9186-b7ee9667487d",
          "title": "Sign-in[SI] TestSuite",
          "fullFile": "",
          "file": "",
          "beforeHooks": [],
          "afterHooks": [],
          "tests": [
            {
              "title": "[003-SI-0004] [Invalid]Sign in with null values]",
              "fullTitle": "Sign-in[SI] TestSuite [003-SI-0004] [Invalid]Sign in with null values]",
              "timedOut": null,
              "duration": 1040,
              "state": "passed",
              "speed": "fast",
              "pass": true,
              "fail": false,
              "pending": false,
              "context": null,
              "code": "cy.get('[data-test=\"login-submit\"]').should('be.visible').and('not.be.disabled').click();\n// cy.visit('/auth/account')\ncy.get('[data-test=\"email-error\"]').should('be.visible').and('have.text', 'Email is required');\ncy.get('[data-test=\"password-error\"]').should('be.visible').and('have.text', 'Password is required');",
              "err": {},
              "uuid": "2eaf0533-b34e-41de-be88-7cac9b430954",
              "parentUUID": "1bbc813e-32dd-4fc1-9186-b7ee9667487d",
              "isHook": false,
              "skipped": false
            }
          ],
          "suites": [],
          "passes": [
            "2eaf0533-b34e-41de-be88-7cac9b430954"
          ],
          "failures": [],
          "pending": [],
          "skipped": [],
          "duration": 1040,
          "root": false,
          "rootEmpty": false,
          "_timeout": 2000
        }
      ],
      "passes": [],
      "failures": [],
      "pending": [],
      "skipped": [],
      "duration": 0,
      "root": true,
      "rootEmpty": true,
      "_timeout": 2000
    }
  ],
  "meta": {
    "mocha": {
      "version": "7.0.1"
    },
    "mochawesome": {
      "options": {
        "quiet": false,
        "reportFilename": "[status]_[datetime]-[name]-report",
        "saveHtml": true,
        "saveJson": true,
        "consoleReporter": "spec",
        "useInlineDiffs": false,
        "code": true
      },
      "version": "7.1.3"
    },
    "marge": {
      "options": {
        "reportFilename": "[status]_[datetime]-[name]-report",
        "timestamp": "longDate"
      },
      "version": "6.2.0"
    }
  }
}